Namespace(color_only=False, dataset_name='CVD_2014', feature_file='../feature_files/CVD_2014/CVD_2014_BRISQUE_feats.mat', log_short=False, max_thread_count=10, model_name='BRISQUE', mos_file='../csv_files/CVD_2014_metadata.csv', num_iterations=22, out_file='result/CVD_2014_BRISQUE_SVR_corr.mat', use_parallel=False)
234
234
[0, 1, 2, 3, 6, 7, 8, 9, 10, 11, 12, 13, 14, 15, 16, 17, 18, 19, 20, 21, 22, 23, 24, 27, 28, 29, 30, 31, 33, 34, 35, 39, 41, 42, 43, 44, 45, 49, 50, 51, 53, 54, 56, 57, 58, 59, 63, 64, 66, 67, 68, 69, 70, 71, 72, 73, 74, 75, 78, 79, 80, 81, 82, 83, 84, 87, 88, 89, 90, 91, 92, 93, 94, 97, 98, 100, 101, 102, 103, 104, 105, 106, 107, 108, 109, 110, 111, 112, 114, 115, 116, 117, 118, 119, 120, 121, 122, 123, 124, 125, 126, 127, 128, 129, 130, 131, 132, 133, 135, 136, 137, 138, 141, 142, 143, 144, 145, 146, 147, 148, 149, 150, 151, 152, 153, 154, 155, 156, 157, 158, 160, 162, 163, 165, 166, 167, 169, 170, 171, 172, 173, 175, 177, 179, 180, 181, 182, 183, 184, 185, 186, 187, 189, 192, 193, 196, 197, 198, 199, 200, 201, 202, 203, 205, 206, 207, 210, 211, 212, 213, 214, 216, 217, 218, 219, 220, 221, 223, 224, 225, 226, 227, 228, 229, 230, 231, 232]
[4, 5, 25, 26, 32, 36, 37, 38, 40, 46, 47, 48, 52, 55, 60, 61, 62, 65, 76, 77, 85, 86, 95, 96, 99, 113, 134, 139, 140, 159, 161, 164, 168, 174, 176, 178, 188, 190, 191, 194, 195, 204, 208, 209, 215, 222, 233]
1 th repeated holdout test
187
47
======================================================
params:  {'gamma': 2.0, 'C': 4.0}
SRCC_train:  0.7542863120168929
KRCC_train:  0.5635260633133337
PLCC_train:  0.7737870445961744
RMSE_train:  13.416181792750635
======================================================
SRCC_test:  0.567876965772433
KRCC_test:  0.40055504162812217
PLCC_test:  0.5531029286859022
RMSE_test:  18.46973455026119
======================================================
 -- 1.1014909744262695 seconds elapsed...


2 th repeated holdout test
187
47
======================================================
params:  {'gamma': 2.0, 'C': 2.0}
SRCC_train:  0.7333840749361571
KRCC_train:  0.5384549037618426
PLCC_train:  0.7516848169304036
RMSE_train:  13.968477683142398
======================================================
SRCC_test:  0.5876503237742831
KRCC_test:  0.40980573543015736
PLCC_test:  0.6022955219837133
RMSE_test:  17.69735367187992
======================================================
 -- 0.04209089279174805 seconds elapsed...


3 th repeated holdout test
187
47
======================================================
params:  {'gamma': 1.0, 'C': 16.0}
SRCC_train:  0.7975506395232047
KRCC_train:  0.6173485526257093
PLCC_train:  0.8033244754423712
RMSE_train:  12.613382189191388
======================================================
SRCC_test:  0.5500693802035153
KRCC_test:  0.3802035152636448
PLCC_test:  0.5516151019470034
RMSE_test:  18.491590507380245
======================================================
 -- 0.055081844329833984 seconds elapsed...


4 th repeated holdout test
187
47
======================================================
params:  {'gamma': 2.0, 'C': 16.0}
SRCC_train:  0.823684858861814
KRCC_train:  0.6557603291862508
PLCC_train:  0.8290930552427255
RMSE_train:  11.841786144248827
======================================================
SRCC_test:  0.528677150786309
KRCC_test:  0.3765032377428308
PLCC_test:  0.5857429426343784
RMSE_test:  17.968347243280345
======================================================
 -- 0.05847907066345215 seconds elapsed...


5 th repeated holdout test
187
47
======================================================
params:  {'gamma': 2.0, 'C': 32.0}
SRCC_train:  0.8596857048610536
KRCC_train:  0.7080877493510603
PLCC_train:  0.8588794364516804
RMSE_train:  10.847763829501869
======================================================
SRCC_test:  0.5190795559666975
KRCC_test:  0.3672525439407956
PLCC_test:  0.48362923690364895
RMSE_test:  19.40440336923696
======================================================
 -- 0.049653053283691406 seconds elapsed...


6 th repeated holdout test
187
47
======================================================
params:  {'gamma': 2.0, 'C': 4.0}
SRCC_train:  0.7542863120168929
KRCC_train:  0.5635260633133337
PLCC_train:  0.7737870445961744
RMSE_train:  13.416181792750635
======================================================
SRCC_test:  0.567876965772433
KRCC_test:  0.40055504162812217
PLCC_test:  0.5531029286859022
RMSE_test:  18.46973455026119
======================================================
 -- 0.04689621925354004 seconds elapsed...


7 th repeated holdout test
187
47
======================================================
params:  {'gamma': 2.0, 'C': 32.0}
SRCC_train:  0.8596857048610536
KRCC_train:  0.7080877493510603
PLCC_train:  0.8588794364516804
RMSE_train:  10.847763829501869
======================================================
SRCC_test:  0.5190795559666975
KRCC_test:  0.3672525439407956
PLCC_test:  0.48362923690364895
RMSE_test:  19.40440336923696
======================================================
 -- 0.050478219985961914 seconds elapsed...


8 th repeated holdout test
187
47
======================================================
params:  {'gamma': 2.0, 'C': 64.0}
SRCC_train:  0.894071628241237
KRCC_train:  0.7652453929156986
PLCC_train:  0.890080309337732
RMSE_train:  9.653778624008243
======================================================
SRCC_test:  0.4897086031452359
KRCC_test:  0.34505087881591123
PLCC_test:  0.49080975074491434
RMSE_test:  19.31558792654499
======================================================
 -- 0.03722214698791504 seconds elapsed...


9 th repeated holdout test
187
47
======================================================
params:  {'gamma': 1.0, 'C': 4.0}
SRCC_train:  0.7255076568895793
KRCC_train:  0.5369598346142765
PLCC_train:  0.7514549111195067
RMSE_train:  13.97402551013386
======================================================
SRCC_test:  0.5644079555966698
KRCC_test:  0.39500462534690106
PLCC_test:  0.534747137729116
RMSE_test:  18.73353443637296
======================================================
 -- 0.04157114028930664 seconds elapsed...


10 th repeated holdout test
187
47
======================================================
params:  {'gamma': 2.0, 'C': 32.0}
SRCC_train:  0.8596857048610536
KRCC_train:  0.7080877493510603
PLCC_train:  0.8588794364516804
RMSE_train:  10.847763829501869
======================================================
SRCC_test:  0.5190795559666975
KRCC_test:  0.3672525439407956
PLCC_test:  0.48362923690364895
RMSE_test:  19.40440336923696
======================================================
 -- 0.05297207832336426 seconds elapsed...


11 th repeated holdout test
187
47
======================================================
params:  {'gamma': 2.0, 'C': 32.0}
SRCC_train:  0.8596857048610536
KRCC_train:  0.7080877493510603
PLCC_train:  0.8588794364516804
RMSE_train:  10.847763829501869
======================================================
SRCC_test:  0.5190795559666975
KRCC_test:  0.3672525439407956
PLCC_test:  0.48362923690364895
RMSE_test:  19.40440336923696
======================================================
 -- 0.048341989517211914 seconds elapsed...


12 th repeated holdout test
187
47
======================================================
params:  {'gamma': 2.0, 'C': 4.0}
SRCC_train:  0.7542863120168929
KRCC_train:  0.5635260633133337
PLCC_train:  0.7737870445961744
RMSE_train:  13.416181792750635
======================================================
SRCC_test:  0.567876965772433
KRCC_test:  0.40055504162812217
PLCC_test:  0.5531029286859022
RMSE_test:  18.46973455026119
======================================================
 -- 0.045081138610839844 seconds elapsed...


13 th repeated holdout test
187
47
======================================================
params:  {'gamma': 1.0, 'C': 16.0}
SRCC_train:  0.7975506395232047
KRCC_train:  0.6173485526257093
PLCC_train:  0.8033244754423712
RMSE_train:  12.613382189191388
======================================================
SRCC_test:  0.5500693802035153
KRCC_test:  0.3802035152636448
PLCC_test:  0.5516151019470034
RMSE_test:  18.491590507380245
======================================================
 -- 0.05380415916442871 seconds elapsed...


14 th repeated holdout test
187
47
======================================================
params:  {'gamma': 1.0, 'C': 4.0}
SRCC_train:  0.7255076568895793
KRCC_train:  0.5369598346142765
PLCC_train:  0.7514549111195067
RMSE_train:  13.97402551013386
======================================================
SRCC_test:  0.5644079555966698
KRCC_test:  0.39500462534690106
PLCC_test:  0.534747137729116
RMSE_test:  18.73353443637296
======================================================
 -- 0.04079484939575195 seconds elapsed...


15 th repeated holdout test
187
47
======================================================
params:  {'gamma': 0.125, 'C': 8.0}
SRCC_train:  0.6546538445481681
KRCC_train:  0.47497196764980987
PLCC_train:  0.693068551921228
RMSE_train:  15.267833794652205
======================================================
SRCC_test:  0.5468316373728029
KRCC_test:  0.38945420906567996
PLCC_test:  0.6981107088260909
RMSE_test:  15.873168788304964
======================================================
 -- 0.03221726417541504 seconds elapsed...


16 th repeated holdout test
187
47
======================================================
params:  {'gamma': 1.0, 'C': 8.0}
SRCC_train:  0.7603909030308584
KRCC_train:  0.5720364569225556
PLCC_train:  0.7791881491363167
RMSE_train:  13.275215677569095
======================================================
SRCC_test:  0.5619796484736355
KRCC_test:  0.39130434782608703
PLCC_test:  0.5217434731092363
RMSE_test:  18.912892620153194
======================================================
 -- 0.057015180587768555 seconds elapsed...


17 th repeated holdout test
187
47
======================================================
params:  {'gamma': 0.25, 'C': 4.0}
SRCC_train:  0.670746181419193
KRCC_train:  0.4892326272112085
PLCC_train:  0.7016648901133915
RMSE_train:  15.090674807131297
======================================================
SRCC_test:  0.5490286771507864
KRCC_test:  0.3820536540240519
PLCC_test:  0.663802242243778
RMSE_test:  16.58078313460456
======================================================
 -- 0.0416259765625 seconds elapsed...


18 th repeated holdout test
187
47
======================================================
params:  {'gamma': 2.0, 'C': 8.0}
SRCC_train:  0.7965137857961971
KRCC_train:  0.6165435153924045
PLCC_train:  0.8026738497305806
RMSE_train:  12.631948865913504
======================================================
SRCC_test:  0.5552728954671601
KRCC_test:  0.4024051803885292
PLCC_test:  0.5527341639855885
RMSE_test:  18.47515954884777
======================================================
 -- 0.05180501937866211 seconds elapsed...


19 th repeated holdout test
187
47
======================================================
params:  {'gamma': 2.0, 'C': 4.0}
SRCC_train:  0.7542863120168929
KRCC_train:  0.5635260633133337
PLCC_train:  0.7737870445961744
RMSE_train:  13.416181792750635
======================================================
SRCC_test:  0.567876965772433
KRCC_test:  0.40055504162812217
PLCC_test:  0.5531029286859022
RMSE_test:  18.46973455026119
======================================================
 -- 0.04718303680419922 seconds elapsed...


20 th repeated holdout test
187
47
======================================================
params:  {'gamma': 0.015625, 'C': 16.0}
SRCC_train:  0.6124823425187289
KRCC_train:  0.4398953453415309
PLCC_train:  0.6586730723088341
RMSE_train:  15.936213184739156
======================================================
SRCC_test:  0.556313598519889
KRCC_test:  0.38390379278445885
PLCC_test:  0.6988356787628139
RMSE_test:  15.857481989827349
======================================================
 -- 0.034240007400512695 seconds elapsed...


21 th repeated holdout test
187
47
======================================================
params:  {'gamma': 2.0, 'C': 8.0}
SRCC_train:  0.7965137857961971
KRCC_train:  0.6165435153924045
PLCC_train:  0.8026738497305806
RMSE_train:  12.631948865913504
======================================================
SRCC_test:  0.5552728954671601
KRCC_test:  0.4024051803885292
PLCC_test:  0.5527341639855885
RMSE_test:  18.47515954884777
======================================================
 -- 0.048413991928100586 seconds elapsed...


Median holdout test index: 11
Median SRCC: 0.5190795559666975
Median KRCC: 0.3672525439407956
Median PLCC: 0.48362923690364895
Median RMSE: 19.40440336923696
Median y_test length: 47
Median y_test_pred length: 47
Saved median_results.csv successfully verified.
======================================================
Average training results among all repeated 80-20 holdouts:
SRCC Train: 0.7603909030308584 (std: 0.07153347670021118)
KRCC Train: 0.5720364569225556 (std: 0.08440493759723001)
PLCC Train: 0.7791881491363167 (std: 0.058216192113644295)
RMSE Train: 13.275215677569095 (std: 1.5899302693498523)
======================================================
Average testing results among all repeated 80-20 holdouts:
SRCC Test: 0.5552728954671601 (std: 0.02308277684346882)
KRCC Test: 0.38945420906567996 (std: 0.016057271380708962)
PLCC Test: 0.5527341639855885 (std: 0.06272070681286987)
RMSE Test: 18.47515954884777 (std: 1.0273730765057125)



Overall 2.079098701477051 secs lapsed..
