Namespace(color_only=False, dataset_name='CVD_2014', feature_file='../feature_files/CVD_2014/CVD_2014_VBLIINDS_feats.mat', log_short=False, max_thread_count=10, model_name='VBLIINDS', mos_file='../csv_files/CVD_2014_metadata.csv', num_iterations=22, out_file='result/CVD_2014_VBLIINDS_SVR_corr.mat', use_parallel=False)
234
234
[0, 1, 2, 3, 6, 7, 8, 9, 10, 11, 12, 13, 14, 15, 16, 17, 18, 19, 20, 21, 22, 23, 24, 27, 28, 29, 30, 31, 33, 34, 35, 39, 41, 42, 43, 44, 45, 49, 50, 51, 53, 54, 56, 57, 58, 59, 63, 64, 66, 67, 68, 69, 70, 71, 72, 73, 74, 75, 78, 79, 80, 81, 82, 83, 84, 87, 88, 89, 90, 91, 92, 93, 94, 97, 98, 100, 101, 102, 103, 104, 105, 106, 107, 108, 109, 110, 111, 112, 114, 115, 116, 117, 118, 119, 120, 121, 122, 123, 124, 125, 126, 127, 128, 129, 130, 131, 132, 133, 135, 136, 137, 138, 141, 142, 143, 144, 145, 146, 147, 148, 149, 150, 151, 152, 153, 154, 155, 156, 157, 158, 160, 162, 163, 165, 166, 167, 169, 170, 171, 172, 173, 175, 177, 179, 180, 181, 182, 183, 184, 185, 186, 187, 189, 192, 193, 196, 197, 198, 199, 200, 201, 202, 203, 205, 206, 207, 210, 211, 212, 213, 214, 216, 217, 218, 219, 220, 221, 223, 224, 225, 226, 227, 228, 229, 230, 231, 232]
[4, 5, 25, 26, 32, 36, 37, 38, 40, 46, 47, 48, 52, 55, 60, 61, 62, 65, 76, 77, 85, 86, 95, 96, 99, 113, 134, 139, 140, 159, 161, 164, 168, 174, 176, 178, 188, 190, 191, 194, 195, 204, 208, 209, 215, 222, 233]
1 th repeated holdout test
187
47
======================================================
params:  {'gamma': 0.125, 'C': 256.0}
SRCC_train:  0.9035721446035696
KRCC_train:  0.7486846269734291
PLCC_train:  0.9116432114516736
RMSE_train:  8.704480137266305
======================================================
SRCC_test:  0.7387835337650325
KRCC_test:  0.5393154486586494
PLCC_test:  0.785256210955129
RMSE_test:  13.726738568004683
======================================================
 -- 1.0810589790344238 seconds elapsed...


2 th repeated holdout test
187
47
======================================================
params:  {'gamma': 0.125, 'C': 256.0}
SRCC_train:  0.9035721446035696
KRCC_train:  0.7486846269734291
PLCC_train:  0.9116432114516736
RMSE_train:  8.704480137266305
======================================================
SRCC_test:  0.7387835337650325
KRCC_test:  0.5393154486586494
PLCC_test:  0.785256210955129
RMSE_test:  13.726738568004683
======================================================
 -- 0.05094194412231445 seconds elapsed...


3 th repeated holdout test
187
47
======================================================
params:  {'gamma': 0.0625, 'C': 256.0}
SRCC_train:  0.8736226705774406
KRCC_train:  0.6987723185085339
PLCC_train:  0.884776051376755
RMSE_train:  9.870080899961296
======================================================
SRCC_test:  0.6791165587419056
KRCC_test:  0.4986123959296948
PLCC_test:  0.7081395580404882
RMSE_test:  15.65330593033416
======================================================
 -- 0.0345609188079834 seconds elapsed...


4 th repeated holdout test
187
47
======================================================
params:  {'gamma': 0.0625, 'C': 1024.0}
SRCC_train:  0.9044392479416423
KRCC_train:  0.7491446482496033
PLCC_train:  0.9128402478721771
RMSE_train:  8.648022318403733
======================================================
SRCC_test:  0.7135753931544866
KRCC_test:  0.5245143385753932
PLCC_test:  0.7896285734032932
RMSE_test:  13.602903238701334
======================================================
 -- 0.05337715148925781 seconds elapsed...


5 th repeated holdout test
187
47
======================================================
params:  {'gamma': 0.125, 'C': 256.0}
SRCC_train:  0.9035721446035696
KRCC_train:  0.7486846269734291
PLCC_train:  0.9116432114516736
RMSE_train:  8.704480137266305
======================================================
SRCC_test:  0.7387835337650325
KRCC_test:  0.5393154486586494
PLCC_test:  0.785256210955129
RMSE_test:  13.726738568004683
======================================================
 -- 0.055768728256225586 seconds elapsed...


6 th repeated holdout test
187
47
======================================================
params:  {'gamma': 0.25, 'C': 512.0}
SRCC_train:  0.9443113203782666
KRCC_train:  0.838733791784519
PLCC_train:  0.9480914648364414
RMSE_train:  6.735091770556365
======================================================
SRCC_test:  0.8216928769657725
KRCC_test:  0.629972247918594
PLCC_test:  0.8611086871915457
RMSE_test:  11.271460406654773
======================================================
 -- 0.07847213745117188 seconds elapsed...


7 th repeated holdout test
187
47
======================================================
params:  {'gamma': 0.0625, 'C': 512.0}
SRCC_train:  0.891928185492308
KRCC_train:  0.72660360571707
PLCC_train:  0.9013949369620032
RMSE_train:  9.170757972524571
======================================================
SRCC_test:  0.703168362627197
KRCC_test:  0.5189639222941721
PLCC_test:  0.7707383611914139
RMSE_test:  14.12536485712415
======================================================
 -- 0.05237102508544922 seconds elapsed...


8 th repeated holdout test
187
47
======================================================
params:  {'gamma': 0.0625, 'C': 512.0}
SRCC_train:  0.891928185492308
KRCC_train:  0.72660360571707
PLCC_train:  0.9013949369620032
RMSE_train:  9.170757972524571
======================================================
SRCC_test:  0.703168362627197
KRCC_test:  0.5189639222941721
PLCC_test:  0.7707383611914139
RMSE_test:  14.12536485712415
======================================================
 -- 0.049471378326416016 seconds elapsed...


9 th repeated holdout test
187
47
======================================================
params:  {'gamma': 0.0625, 'C': 1024.0}
SRCC_train:  0.9044392479416423
KRCC_train:  0.7491446482496033
PLCC_train:  0.9128402478721771
RMSE_train:  8.648022318403733
======================================================
SRCC_test:  0.7135753931544866
KRCC_test:  0.5245143385753932
PLCC_test:  0.7896285734032932
RMSE_test:  13.602903238701334
======================================================
 -- 0.05032992362976074 seconds elapsed...


10 th repeated holdout test
187
47
======================================================
params:  {'gamma': 0.03125, 'C': 512.0}
SRCC_train:  0.8676988407884488
KRCC_train:  0.6899169089421815
PLCC_train:  0.8782208440208902
RMSE_train:  10.129296079817259
======================================================
SRCC_test:  0.6793478260869565
KRCC_test:  0.4967622571692878
PLCC_test:  0.7531369225324264
RMSE_test:  14.58454107095543
======================================================
 -- 0.048864126205444336 seconds elapsed...


11 th repeated holdout test
187
47
======================================================
params:  {'gamma': 0.5, 'C': 64.0}
SRCC_train:  0.9261700504343144
KRCC_train:  0.8014720684144129
PLCC_train:  0.9293505009308536
RMSE_train:  7.819510505400663
======================================================
SRCC_test:  0.8078168362627198
KRCC_test:  0.6151711378353377
PLCC_test:  0.761980189473891
RMSE_test:  14.357004724351874
======================================================
 -- 0.0464930534362793 seconds elapsed...


12 th repeated holdout test
187
47
======================================================
params:  {'gamma': 0.25, 'C': 64.0}
SRCC_train:  0.8981979390468589
KRCC_train:  0.7401742333642074
PLCC_train:  0.9057317365065553
RMSE_train:  8.977038642980727
======================================================
SRCC_test:  0.7305735430157263
KRCC_test:  0.5430157261794636
PLCC_test:  0.7784922769780533
RMSE_test:  13.914807687974195
======================================================
 -- 0.04614615440368652 seconds elapsed...


13 th repeated holdout test
187
47
======================================================
params:  {'gamma': 0.015625, 'C': 1024.0}
SRCC_train:  0.8612831936563808
KRCC_train:  0.6792214142711325
PLCC_train:  0.8732395618411873
RMSE_train:  10.320672199861503
======================================================
SRCC_test:  0.687673450508788
KRCC_test:  0.50786308973173
PLCC_test:  0.7541764606400444
RMSE_test:  14.558115255508948
======================================================
 -- 0.04804396629333496 seconds elapsed...


14 th repeated holdout test
187
47
======================================================
params:  {'gamma': 1.0, 'C': 64.0}
SRCC_train:  0.9580519261852912
KRCC_train:  0.8748454619641898
PLCC_train:  0.958812184118632
RMSE_train:  6.015894863326146
======================================================
SRCC_test:  0.8205365402405179
KRCC_test:  0.6244218316373729
PLCC_test:  0.8347481725770669
RMSE_test:  12.207258673734238
======================================================
 -- 0.06086611747741699 seconds elapsed...


15 th repeated holdout test
187
47
======================================================
params:  {'gamma': 0.25, 'C': 512.0}
SRCC_train:  0.9443113203782666
KRCC_train:  0.838733791784519
PLCC_train:  0.9480914648364414
RMSE_train:  6.735091770556365
======================================================
SRCC_test:  0.8216928769657725
KRCC_test:  0.629972247918594
PLCC_test:  0.8611086871915457
RMSE_test:  11.271460406654773
======================================================
 -- 0.0756678581237793 seconds elapsed...


16 th repeated holdout test
187
47
======================================================
params:  {'gamma': 0.5, 'C': 32.0}
SRCC_train:  0.9069185211897612
KRCC_train:  0.7592651163254346
PLCC_train:  0.9110109069752552
RMSE_train:  8.734125561902763
======================================================
SRCC_test:  0.7782146160962071
KRCC_test:  0.5818686401480112
PLCC_test:  0.7989698906824342
RMSE_test:  13.33212208568585
======================================================
 -- 0.056005001068115234 seconds elapsed...


17 th repeated holdout test
187
47
======================================================
params:  {'gamma': 0.03125, 'C': 512.0}
SRCC_train:  0.8676988407884488
KRCC_train:  0.6899169089421815
PLCC_train:  0.8782208440208902
RMSE_train:  10.129296079817259
======================================================
SRCC_test:  0.6793478260869565
KRCC_test:  0.4967622571692878
PLCC_test:  0.7531369225324264
RMSE_test:  14.58454107095543
======================================================
 -- 0.04520583152770996 seconds elapsed...


18 th repeated holdout test
187
47
======================================================
params:  {'gamma': 0.0625, 'C': 1024.0}
SRCC_train:  0.9044392479416423
KRCC_train:  0.7491446482496033
PLCC_train:  0.9128402478721771
RMSE_train:  8.648022318403733
======================================================
SRCC_test:  0.7135753931544866
KRCC_test:  0.5245143385753932
PLCC_test:  0.7896285734032932
RMSE_test:  13.602903238701334
======================================================
 -- 0.0513761043548584 seconds elapsed...


19 th repeated holdout test
187
47
======================================================
params:  {'gamma': 0.0625, 'C': 256.0}
SRCC_train:  0.8736226705774406
KRCC_train:  0.6987723185085339
PLCC_train:  0.884776051376755
RMSE_train:  9.870080899961296
======================================================
SRCC_test:  0.6791165587419056
KRCC_test:  0.4986123959296948
PLCC_test:  0.7081395580404882
RMSE_test:  15.65330593033416
======================================================
 -- 0.036099910736083984 seconds elapsed...


20 th repeated holdout test
187
47
======================================================
params:  {'gamma': 0.125, 'C': 512.0}
SRCC_train:  0.9154234744602328
KRCC_train:  0.7735257758868332
PLCC_train:  0.9224820590670614
RMSE_train:  8.176204020451934
======================================================
SRCC_test:  0.7414431082331175
KRCC_test:  0.5485661424606846
PLCC_test:  0.799263686548776
RMSE_test:  13.323464211220482
======================================================
 -- 0.050024986267089844 seconds elapsed...


21 th repeated holdout test
187
47
======================================================
params:  {'gamma': 0.25, 'C': 512.0}
SRCC_train:  0.9443113203782666
KRCC_train:  0.838733791784519
PLCC_train:  0.9480914648364414
RMSE_train:  6.735091770556365
======================================================
SRCC_test:  0.8216928769657725
KRCC_test:  0.629972247918594
PLCC_test:  0.8611086871915457
RMSE_test:  11.271460406654773
======================================================
 -- 0.07671499252319336 seconds elapsed...


Median holdout test index: 11
Median SRCC: 0.8078168362627198
Median KRCC: 0.6151711378353377
Median PLCC: 0.761980189473891
Median RMSE: 14.357004724351874
Median y_test length: 47
Median y_test_pred length: 47
Saved median_results.csv successfully verified.
======================================================
Average training results among all repeated 80-20 holdouts:
SRCC Train: 0.9035721446035696 (std: 0.02677755226658145)
KRCC Train: 0.7486846269734291 (std: 0.05367500221559156)
PLCC Train: 0.9116432114516736 (std: 0.023947734588715942)
RMSE Train: 8.704480137266305 (std: 1.1875479350274118)
======================================================
Average testing results among all repeated 80-20 holdouts:
SRCC Test: 0.7305735430157263 (std: 0.051149139679690474)
KRCC Test: 0.5393154486586494 (std: 0.047290753300000404)
PLCC Test: 0.785256210955129 (std: 0.04144994497833077)
RMSE Test: 13.726738568004683 (std: 1.212964558599473)



Overall 2.1616759300231934 secs lapsed..
