Namespace(color_only=False, dataset_name='CVD_2014', feature_file='../feature_files/CVD_2014/CVD_2014_TLVQM_feats.mat', log_short=False, max_thread_count=10, model_name='TLVQM', mos_file='../csv_files/CVD_2014_metadata.csv', num_iterations=22, out_file='result/CVD_2014_TLVQM_SVR_corr.mat', use_parallel=False)
234
234
[0, 1, 2, 3, 6, 7, 8, 9, 10, 11, 12, 13, 14, 15, 16, 17, 18, 19, 20, 21, 22, 23, 24, 27, 28, 29, 30, 31, 33, 34, 35, 39, 41, 42, 43, 44, 45, 49, 50, 51, 53, 54, 56, 57, 58, 59, 63, 64, 66, 67, 68, 69, 70, 71, 72, 73, 74, 75, 78, 79, 80, 81, 82, 83, 84, 87, 88, 89, 90, 91, 92, 93, 94, 97, 98, 100, 101, 102, 103, 104, 105, 106, 107, 108, 109, 110, 111, 112, 114, 115, 116, 117, 118, 119, 120, 121, 122, 123, 124, 125, 126, 127, 128, 129, 130, 131, 132, 133, 135, 136, 137, 138, 141, 142, 143, 144, 145, 146, 147, 148, 149, 150, 151, 152, 153, 154, 155, 156, 157, 158, 160, 162, 163, 165, 166, 167, 169, 170, 171, 172, 173, 175, 177, 179, 180, 181, 182, 183, 184, 185, 186, 187, 189, 192, 193, 196, 197, 198, 199, 200, 201, 202, 203, 205, 206, 207, 210, 211, 212, 213, 214, 216, 217, 218, 219, 220, 221, 223, 224, 225, 226, 227, 228, 229, 230, 231, 232]
[4, 5, 25, 26, 32, 36, 37, 38, 40, 46, 47, 48, 52, 55, 60, 61, 62, 65, 76, 77, 85, 86, 95, 96, 99, 113, 134, 139, 140, 159, 161, 164, 168, 174, 176, 178, 188, 190, 191, 194, 195, 204, 208, 209, 215, 222, 233]
1 th repeated holdout test
187
47
======================================================
params:  {'gamma': 0.25, 'C': 8.0}
SRCC_train:  0.7060845421167516
KRCC_train:  0.5153388346340915
PLCC_train:  0.7164785671946095
RMSE_train:  14.775139775451159
======================================================
SRCC_test:  0.5274051803885291
KRCC_test:  0.38390379278445885
PLCC_test:  0.5785045836886761
RMSE_test:  18.083235236008836
======================================================
 -- 1.080091953277588 seconds elapsed...


2 th repeated holdout test
187
47
======================================================
params:  {'gamma': 0.25, 'C': 16.0}
SRCC_train:  0.7638996894486256
KRCC_train:  0.5703113771369024
PLCC_train:  0.7681458170798982
RMSE_train:  13.560820414245294
======================================================
SRCC_test:  0.5655642923219242
KRCC_test:  0.4116558741905643
PLCC_test:  0.608581543651905
RMSE_test:  17.59134196348721
======================================================
 -- 0.050641775131225586 seconds elapsed...


3 th repeated holdout test
187
47
======================================================
params:  {'gamma': 0.25, 'C': 16.0}
SRCC_train:  0.7638996894486256
KRCC_train:  0.5703113771369024
PLCC_train:  0.7681458170798982
RMSE_train:  13.560820414245294
======================================================
SRCC_test:  0.5655642923219242
KRCC_test:  0.4116558741905643
PLCC_test:  0.608581543651905
RMSE_test:  17.59134196348721
======================================================
 -- 0.04220318794250488 seconds elapsed...


4 th repeated holdout test
187
47
======================================================
params:  {'gamma': 1.0, 'C': 8.0}
SRCC_train:  0.8065675966694904
KRCC_train:  0.6124033239068372
PLCC_train:  0.8072170477563475
RMSE_train:  12.501407984020407
======================================================
SRCC_test:  0.5183857539315448
KRCC_test:  0.3783533765032378
PLCC_test:  0.5801571938638809
RMSE_test:  18.057194857621447
======================================================
 -- 0.05483293533325195 seconds elapsed...


5 th repeated holdout test
187
47
======================================================
params:  {'gamma': 0.5, 'C': 8.0}
SRCC_train:  0.7590439107554187
KRCC_train:  0.5660561803322915
PLCC_train:  0.7667056226942555
RMSE_train:  13.59733161871649
======================================================
SRCC_test:  0.5398936170212766
KRCC_test:  0.40055504162812217
PLCC_test:  0.5734351972700322
RMSE_test:  18.162420212833172
======================================================
 -- 0.035550832748413086 seconds elapsed...


6 th repeated holdout test
187
47
======================================================
params:  {'gamma': 0.25, 'C': 4.0}
SRCC_train:  0.6663978187534508
KRCC_train:  0.4806072282829432
PLCC_train:  0.6739824655389782
RMSE_train:  15.646434616402964
======================================================
SRCC_test:  0.4825393154486587
KRCC_test:  0.3543015726179464
PLCC_test:  0.3996983167582719
RMSE_test:  20.321641278771168
======================================================
 -- 0.054430246353149414 seconds elapsed...


7 th repeated holdout test
187
47
======================================================
params:  {'gamma': 2.0, 'C': 8.0}
SRCC_train:  0.8487987407274743
KRCC_train:  0.6618556110955582
PLCC_train:  0.8419884147901812
RMSE_train:  11.42634598392532
======================================================
SRCC_test:  0.5149167437557817
KRCC_test:  0.3672525439407956
PLCC_test:  0.5715992199324313
RMSE_test:  18.190842300330832
======================================================
 -- 0.034924983978271484 seconds elapsed...


8 th repeated holdout test
187
47
======================================================
params:  {'gamma': 0.5, 'C': 4.0}
SRCC_train:  0.6964115226564742
KRCC_train:  0.5060234037915651
PLCC_train:  0.5657039482885833
RMSE_train:  17.464944981930014
======================================================
SRCC_test:  0.48404255319148937
KRCC_test:  0.35060129509713234
PLCC_test:  0.5327191117116885
RMSE_test:  18.76191119107964
======================================================
 -- 0.03806710243225098 seconds elapsed...


9 th repeated holdout test
187
47
======================================================
params:  {'gamma': 0.5, 'C': 4.0}
SRCC_train:  0.6964115226564742
KRCC_train:  0.5060234037915651
PLCC_train:  0.5657039482885833
RMSE_train:  17.464944981930014
======================================================
SRCC_test:  0.48404255319148937
KRCC_test:  0.35060129509713234
PLCC_test:  0.5327191117116885
RMSE_test:  18.76191119107964
======================================================
 -- 0.0402989387512207 seconds elapsed...


10 th repeated holdout test
187
47
======================================================
params:  {'gamma': 0.25, 'C': 8.0}
SRCC_train:  0.7060845421167516
KRCC_train:  0.5153388346340915
PLCC_train:  0.7164785671946095
RMSE_train:  14.775139775451159
======================================================
SRCC_test:  0.5274051803885291
KRCC_test:  0.38390379278445885
PLCC_test:  0.5785045836886761
RMSE_test:  18.083235236008836
======================================================
 -- 0.050122976303100586 seconds elapsed...


11 th repeated holdout test
187
47
======================================================
params:  {'gamma': 0.5, 'C': 8.0}
SRCC_train:  0.7590439107554187
KRCC_train:  0.5660561803322915
PLCC_train:  0.7667056226942555
RMSE_train:  13.59733161871649
======================================================
SRCC_test:  0.5398936170212766
KRCC_test:  0.40055504162812217
PLCC_test:  0.5734351972700322
RMSE_test:  18.162420212833172
======================================================
 -- 0.04098200798034668 seconds elapsed...


12 th repeated holdout test
187
47
======================================================
params:  {'gamma': 0.5, 'C': 8.0}
SRCC_train:  0.7590439107554187
KRCC_train:  0.5660561803322915
PLCC_train:  0.7667056226942555
RMSE_train:  13.59733161871649
======================================================
SRCC_test:  0.5398936170212766
KRCC_test:  0.40055504162812217
PLCC_test:  0.5734351972700322
RMSE_test:  18.162420212833172
======================================================
 -- 0.038902997970581055 seconds elapsed...


13 th repeated holdout test
187
47
======================================================
params:  {'gamma': 0.125, 'C': 16.0}
SRCC_train:  0.7089776392860035
KRCC_train:  0.5176389410149623
PLCC_train:  0.7195015632518014
RMSE_train:  14.709095512562195
======================================================
SRCC_test:  0.5925069380203516
KRCC_test:  0.4394079555966698
PLCC_test:  0.6259299107479613
RMSE_test:  17.289569611868295
======================================================
 -- 0.04357767105102539 seconds elapsed...


14 th repeated holdout test
187
47
======================================================
params:  {'gamma': 0.25, 'C': 64.0}
SRCC_train:  0.8736575382248974
KRCC_train:  0.6924470259611393
PLCC_train:  0.8675267354596492
RMSE_train:  10.534574317211552
======================================================
SRCC_test:  0.6307816836262721
KRCC_test:  0.47456059204440343
PLCC_test:  0.6614931902978551
RMSE_test:  16.62607625011024
======================================================
 -- 0.04768085479736328 seconds elapsed...


15 th repeated holdout test
187
47
======================================================
params:  {'gamma': 0.5, 'C': 16.0}
SRCC_train:  0.8255282563286795
KRCC_train:  0.6355193930345882
PLCC_train:  0.8209344915102219
RMSE_train:  12.094073098186717
======================================================
SRCC_test:  0.5455596669750231
KRCC_test:  0.40055504162812217
PLCC_test:  0.5865143146421196
RMSE_test:  17.95597604132478
======================================================
 -- 0.04574990272521973 seconds elapsed...


16 th repeated holdout test
187
47
======================================================
params:  {'gamma': 0.5, 'C': 8.0}
SRCC_train:  0.7590439107554187
KRCC_train:  0.5660561803322915
PLCC_train:  0.7667056226942555
RMSE_train:  13.59733161871649
======================================================
SRCC_test:  0.5398936170212766
KRCC_test:  0.40055504162812217
PLCC_test:  0.5734351972700322
RMSE_test:  18.162420212833172
======================================================
 -- 0.03668785095214844 seconds elapsed...


17 th repeated holdout test
187
47
======================================================
params:  {'gamma': 2.0, 'C': 16.0}
SRCC_train:  0.90715617173427
KRCC_train:  0.7519047759066482
PLCC_train:  0.9046366553795997
RMSE_train:  9.026435106846078
======================================================
SRCC_test:  0.5460222016651248
KRCC_test:  0.4061054579093432
PLCC_test:  0.6116068609021061
RMSE_test:  17.539697892145576
======================================================
 -- 0.03819632530212402 seconds elapsed...


18 th repeated holdout test
187
47
======================================================
params:  {'gamma': 0.25, 'C': 8.0}
SRCC_train:  0.7060845421167516
KRCC_train:  0.5153388346340915
PLCC_train:  0.7164785671946095
RMSE_train:  14.775139775451159
======================================================
SRCC_test:  0.5274051803885291
KRCC_test:  0.38390379278445885
PLCC_test:  0.5785045836886761
RMSE_test:  18.083235236008836
======================================================
 -- 0.04845595359802246 seconds elapsed...


19 th repeated holdout test
187
47
======================================================
params:  {'gamma': 2.0, 'C': 8.0}
SRCC_train:  0.8487987407274743
KRCC_train:  0.6618556110955582
PLCC_train:  0.8419884147901812
RMSE_train:  11.42634598392532
======================================================
SRCC_test:  0.5149167437557817
KRCC_test:  0.3672525439407956
PLCC_test:  0.5715992199324313
RMSE_test:  18.190842300330832
======================================================
 -- 0.036290884017944336 seconds elapsed...


20 th repeated holdout test
187
47
======================================================
params:  {'gamma': 1.0, 'C': 16.0}
SRCC_train:  0.8739630889249801
KRCC_train:  0.6987723185085339
PLCC_train:  0.8693666044062226
RMSE_train:  10.4663151057545
======================================================
SRCC_test:  0.5575855689176689
KRCC_test:  0.4172062904717854
PLCC_test:  0.6090612549628375
RMSE_test:  17.58318017941833
======================================================
 -- 0.03618907928466797 seconds elapsed...


21 th repeated holdout test
187
47
======================================================
params:  {'gamma': 0.25, 'C': 32.0}
SRCC_train:  0.828866374787842
KRCC_train:  0.6389695526058944
PLCC_train:  0.8213194916328129
RMSE_train:  12.082341742338734
======================================================
SRCC_test:  0.5789777983348752
KRCC_test:  0.43015726179463465
PLCC_test:  0.6292682521902483
RMSE_test:  17.229908337289473
======================================================
 -- 0.04607105255126953 seconds elapsed...


Median holdout test index: 11
Median SRCC: 0.5398936170212766
Median KRCC: 0.40055504162812217
Median PLCC: 0.5734351972700322
Median RMSE: 18.162420212833172
Median y_test length: 47
Median y_test_pred length: 47
Saved median_results.csv successfully verified.
======================================================
Average training results among all repeated 80-20 holdouts:
SRCC Train: 0.7590439107554187 (std: 0.06843435582149371)
KRCC Train: 0.5660561803322915 (std: 0.07389442300619001)
PLCC Train: 0.7667056226942555 (std: 0.08666267150780466)
RMSE Train: 13.59733161871649 (std: 2.1117421858696055)
======================================================
Average testing results among all repeated 80-20 holdouts:
SRCC Test: 0.5398936170212766 (std: 0.03515493672905253)
KRCC Test: 0.40055504162812217 (std: 0.029786763693286485)
PLCC Test: 0.5785045836886761 (std: 0.04975001612428835)
RMSE Test: 18.083235236008836 (std: 0.7052121680488486)



Overall 1.9448959827423096 secs lapsed..
