Namespace(color_only=False, dataset_name='CVD_2014', feature_file='../feature_files/CVD_2014/CVD_2014_VIDEVAL_feats.mat', log_short=False, max_thread_count=10, model_name='VIDEVAL', mos_file='../csv_files/CVD_2014_metadata.csv', num_iterations=22, out_file='result/CVD_2014_VIDEVAL_SVR_corr.mat', use_parallel=False)
234
234
[0, 1, 2, 3, 6, 7, 8, 9, 10, 11, 12, 13, 14, 15, 16, 17, 18, 19, 20, 21, 22, 23, 24, 27, 28, 29, 30, 31, 33, 34, 35, 39, 41, 42, 43, 44, 45, 49, 50, 51, 53, 54, 56, 57, 58, 59, 63, 64, 66, 67, 68, 69, 70, 71, 72, 73, 74, 75, 78, 79, 80, 81, 82, 83, 84, 87, 88, 89, 90, 91, 92, 93, 94, 97, 98, 100, 101, 102, 103, 104, 105, 106, 107, 108, 109, 110, 111, 112, 114, 115, 116, 117, 118, 119, 120, 121, 122, 123, 124, 125, 126, 127, 128, 129, 130, 131, 132, 133, 135, 136, 137, 138, 141, 142, 143, 144, 145, 146, 147, 148, 149, 150, 151, 152, 153, 154, 155, 156, 157, 158, 160, 162, 163, 165, 166, 167, 169, 170, 171, 172, 173, 175, 177, 179, 180, 181, 182, 183, 184, 185, 186, 187, 189, 192, 193, 196, 197, 198, 199, 200, 201, 202, 203, 205, 206, 207, 210, 211, 212, 213, 214, 216, 217, 218, 219, 220, 221, 223, 224, 225, 226, 227, 228, 229, 230, 231, 232]
[4, 5, 25, 26, 32, 36, 37, 38, 40, 46, 47, 48, 52, 55, 60, 61, 62, 65, 76, 77, 85, 86, 95, 96, 99, 113, 134, 139, 140, 159, 161, 164, 168, 174, 176, 178, 188, 190, 191, 194, 195, 204, 208, 209, 215, 222, 233]
1 th repeated holdout test
187
47
======================================================
params:  {'gamma': 0.125, 'C': 32.0}
SRCC_train:  0.8915299602555636
KRCC_train:  0.7326988876263775
PLCC_train:  0.8983853363536685
RMSE_train:  9.302289156975991
======================================================
SRCC_test:  0.7650323774283072
KRCC_test:  0.5541165587419058
PLCC_test:  0.830071477619067
RMSE_test:  12.363002209018816
======================================================
 -- 0.9112589359283447 seconds elapsed...


2 th repeated holdout test
187
47
======================================================
params:  {'gamma': 0.5, 'C': 32.0}
SRCC_train:  0.9481953927910303
KRCC_train:  0.8606998077218346
PLCC_train:  0.9452582114538691
RMSE_train:  6.9114246582293815
======================================================
SRCC_test:  0.7745143385753932
KRCC_test:  0.5670675300647549
PLCC_test:  0.8010255452530763
RMSE_test:  13.271358454166887
======================================================
 -- 0.04245400428771973 seconds elapsed...


3 th repeated holdout test
187
47
======================================================
params:  {'gamma': 0.25, 'C': 8.0}
SRCC_train:  0.8751715281802624
KRCC_train:  0.703487536589319
PLCC_train:  0.8772307113681985
RMSE_train:  10.167710047341592
======================================================
SRCC_test:  0.734736355226642
KRCC_test:  0.5263644773358003
PLCC_test:  0.7910985363288204
RMSE_test:  13.560860894727536
======================================================
 -- 0.03296709060668945 seconds elapsed...


4 th repeated holdout test
187
47
======================================================
params:  {'gamma': 0.5, 'C': 8.0}
SRCC_train:  0.8891984157243016
KRCC_train:  0.732813892945421
PLCC_train:  0.8906979652338411
RMSE_train:  9.628190173615858
======================================================
SRCC_test:  0.7367021276595745
KRCC_test:  0.5337650323774283
PLCC_test:  0.7663776717669133
RMSE_test:  14.24150010388805
======================================================
 -- 0.04040718078613281 seconds elapsed...


5 th repeated holdout test
187
47
======================================================
params:  {'gamma': 0.125, 'C': 128.0}
SRCC_train:  0.9326591031399757
KRCC_train:  0.815847733294855
PLCC_train:  0.9346704909556902
RMSE_train:  7.529699750879617
======================================================
SRCC_test:  0.7976410730804812
KRCC_test:  0.5874190564292323
PLCC_test:  0.8477498944682236
RMSE_test:  11.758642167798282
======================================================
 -- 0.03633594512939453 seconds elapsed...


6 th repeated holdout test
187
47
======================================================
params:  {'gamma': 0.5, 'C': 16.0}
SRCC_train:  0.9188597728740763
KRCC_train:  0.7908915790624074
PLCC_train:  0.9176207402980402
RMSE_train:  8.418016244386015
======================================================
SRCC_test:  0.7419056429232193
KRCC_test:  0.5282146160962072
PLCC_test:  0.7847237380956363
RMSE_test:  13.741696486560015
======================================================
 -- 0.04295706748962402 seconds elapsed...


7 th repeated holdout test
187
47
======================================================
params:  {'gamma': 1.0, 'C': 512.0}
SRCC_train:  0.9999811898218719
KRCC_train:  0.9988211958931231
PLCC_train:  0.9999928689896125
RMSE_train:  0.07998512282784458
======================================================
SRCC_test:  0.7567067530064754
KRCC_test:  0.5633672525439409
PLCC_test:  0.8032186951842486
RMSE_test:  13.206048830564834
======================================================
 -- 0.03472900390625 seconds elapsed...


8 th repeated holdout test
187
47
======================================================
params:  {'gamma': 0.25, 'C': 32.0}
SRCC_train:  0.9192093669183151
KRCC_train:  0.78675138757684
PLCC_train:  0.9209030941000542
RMSE_train:  8.255662566049711
======================================================
SRCC_test:  0.7686170212765958
KRCC_test:  0.5596669750231268
PLCC_test:  0.8125056592090792
RMSE_test:  12.923809496028273
======================================================
 -- 0.03700113296508789 seconds elapsed...


9 th repeated holdout test
187
47
======================================================
params:  {'gamma': 0.25, 'C': 16.0}
SRCC_train:  0.8956645291882148
KRCC_train:  0.7379891323023801
PLCC_train:  0.8986968062948094
RMSE_train:  9.288783412174324
======================================================
SRCC_test:  0.7534690101757632
KRCC_test:  0.5430157261794636
PLCC_test:  0.806245197786948
RMSE_test:  13.11509288091355
======================================================
 -- 0.04445004463195801 seconds elapsed...


10 th repeated holdout test
187
47
======================================================
params:  {'gamma': 0.5, 'C': 8.0}
SRCC_train:  0.8891984157243016
KRCC_train:  0.732813892945421
PLCC_train:  0.8906979652338411
RMSE_train:  9.628190173615858
======================================================
SRCC_test:  0.7367021276595745
KRCC_test:  0.5337650323774283
PLCC_test:  0.7663776717669133
RMSE_test:  14.24150010388805
======================================================
 -- 0.03949689865112305 seconds elapsed...


11 th repeated holdout test
187
47
======================================================
params:  {'gamma': 1.0, 'C': 128.0}
SRCC_train:  0.9988911170540091
KRCC_train:  0.9905408129219885
PLCC_train:  0.9988727263402686
RMSE_train:  1.0053718219068128
======================================================
SRCC_test:  0.766304347826087
KRCC_test:  0.5652173913043479
PLCC_test:  0.8141405349264328
RMSE_test:  12.87314275078263
======================================================
 -- 0.04924583435058594 seconds elapsed...


12 th repeated holdout test
187
47
======================================================
params:  {'gamma': 0.5, 'C': 32.0}
SRCC_train:  0.9481953927910303
KRCC_train:  0.8606998077218346
PLCC_train:  0.9452582114538691
RMSE_train:  6.9114246582293815
======================================================
SRCC_test:  0.7745143385753932
KRCC_test:  0.5670675300647549
PLCC_test:  0.8010255452530763
RMSE_test:  13.271358454166887
======================================================
 -- 0.04465603828430176 seconds elapsed...


13 th repeated holdout test
187
47
======================================================
params:  {'gamma': 0.5, 'C': 16.0}
SRCC_train:  0.9188597728740763
KRCC_train:  0.7908915790624074
PLCC_train:  0.9176207402980402
RMSE_train:  8.418016244386015
======================================================
SRCC_test:  0.7419056429232193
KRCC_test:  0.5282146160962072
PLCC_test:  0.7847237380956363
RMSE_test:  13.741696486560015
======================================================
 -- 0.04129910469055176 seconds elapsed...


14 th repeated holdout test
187
47
======================================================
params:  {'gamma': 0.5, 'C': 32.0}
SRCC_train:  0.9481953927910303
KRCC_train:  0.8606998077218346
PLCC_train:  0.9452582114538691
RMSE_train:  6.9114246582293815
======================================================
SRCC_test:  0.7745143385753932
KRCC_test:  0.5670675300647549
PLCC_test:  0.8010255452530763
RMSE_test:  13.271358454166887
======================================================
 -- 0.04334878921508789 seconds elapsed...


15 th repeated holdout test
187
47
======================================================
params:  {'gamma': 0.125, 'C': 128.0}
SRCC_train:  0.9326591031399757
KRCC_train:  0.815847733294855
PLCC_train:  0.9346704909556902
RMSE_train:  7.529699750879617
======================================================
SRCC_test:  0.7976410730804812
KRCC_test:  0.5874190564292323
PLCC_test:  0.8477498944682236
RMSE_test:  11.758642167798282
======================================================
 -- 0.03553032875061035 seconds elapsed...


16 th repeated holdout test
187
47
======================================================
params:  {'gamma': 0.125, 'C': 256.0}
SRCC_train:  0.9500130983071381
KRCC_train:  0.8615048449551393
PLCC_train:  0.9507401806654271
RMSE_train:  6.565466354121711
======================================================
SRCC_test:  0.811054579093432
KRCC_test:  0.6022201665124884
PLCC_test:  0.8263005417979724
RMSE_test:  12.486540668875705
======================================================
 -- 0.037285804748535156 seconds elapsed...


17 th repeated holdout test
187
47
======================================================
params:  {'gamma': 0.25, 'C': 128.0}
SRCC_train:  0.9589465566134614
KRCC_train:  0.8930163023730687
PLCC_train:  0.9586019275798126
RMSE_train:  6.030906657531983
======================================================
SRCC_test:  0.7941720629047178
KRCC_test:  0.5966697502312674
PLCC_test:  0.8144284789885202
RMSE_test:  12.864187776256424
======================================================
 -- 0.0384829044342041 seconds elapsed...


18 th repeated holdout test
187
47
======================================================
params:  {'gamma': 0.25, 'C': 64.0}
SRCC_train:  0.9420715328139964
KRCC_train:  0.8410338981653898
PLCC_train:  0.9412009198450824
RMSE_train:  7.155499706997486
======================================================
SRCC_test:  0.7782146160962071
KRCC_test:  0.570767807585569
PLCC_test:  0.8180684130067251
RMSE_test:  12.750169104255944
======================================================
 -- 0.036206722259521484 seconds elapsed...


19 th repeated holdout test
187
47
======================================================
params:  {'gamma': 0.125, 'C': 32.0}
SRCC_train:  0.8915299602555636
KRCC_train:  0.7326988876263775
PLCC_train:  0.8983853363536685
RMSE_train:  9.302289156975991
======================================================
SRCC_test:  0.7650323774283072
KRCC_test:  0.5541165587419058
PLCC_test:  0.830071477619067
RMSE_test:  12.363002209018816
======================================================
 -- 0.03505396842956543 seconds elapsed...


20 th repeated holdout test
187
47
======================================================
params:  {'gamma': 0.25, 'C': 64.0}
SRCC_train:  0.9420715328139964
KRCC_train:  0.8410338981653898
PLCC_train:  0.9412009198450824
RMSE_train:  7.155499706997486
======================================================
SRCC_test:  0.7782146160962071
KRCC_test:  0.570767807585569
PLCC_test:  0.8180684130067251
RMSE_test:  12.750169104255944
======================================================
 -- 0.03425288200378418 seconds elapsed...


21 th repeated holdout test
187
47
======================================================
params:  {'gamma': 0.25, 'C': 16.0}
SRCC_train:  0.8956645291882148
KRCC_train:  0.7379891323023801
PLCC_train:  0.8986968062948094
RMSE_train:  9.288783412174324
======================================================
SRCC_test:  0.7534690101757632
KRCC_test:  0.5430157261794636
PLCC_test:  0.806245197786948
RMSE_test:  13.11509288091355
======================================================
 -- 0.04462695121765137 seconds elapsed...


Median holdout test index: 11
Median SRCC: 0.766304347826087
Median KRCC: 0.5652173913043479
Median PLCC: 0.8141405349264328
Median RMSE: 12.87314275078263
Median y_test length: 47
Median y_test_pred length: 47
Saved median_results.csv successfully verified.
======================================================
Average training results among all repeated 80-20 holdouts:
SRCC Train: 0.9326591031399757 (std: 0.03388331286075735)
KRCC Train: 0.815847733294855 (std: 0.07981783114561701)
PLCC Train: 0.9346704909556902 (std: 0.03242205944778227)
RMSE Train: 7.529699750879617 (std: 2.513590697568348)
======================================================
Average testing results among all repeated 80-20 holdouts:
SRCC Test: 0.766304347826087 (std: 0.021375795427072443)
KRCC Test: 0.5633672525439409 (std: 0.02206102586621303)
PLCC Test: 0.806245197786948 (std: 0.021580314458076826)
RMSE Test: 13.11509288091355 (std: 0.6578563027190657)



Overall 1.710508108139038 secs lapsed..
