Namespace(color_only=False, dataset_name='CVD_2014', feature_file='../feature_files/CVD_2014/CVD_2014_RAPIQUE_feats.mat', log_short=False, max_thread_count=10, model_name='RAPIQUE', mos_file='../csv_files/CVD_2014_metadata.csv', num_iterations=22, out_file='result/CVD_2014_RAPIQUE_SVR_corr.mat', use_parallel=False)
234
234
[0, 1, 2, 3, 6, 7, 8, 9, 10, 11, 12, 13, 14, 15, 16, 17, 18, 19, 20, 21, 22, 23, 24, 27, 28, 29, 30, 31, 33, 34, 35, 39, 41, 42, 43, 44, 45, 49, 50, 51, 53, 54, 56, 57, 58, 59, 63, 64, 66, 67, 68, 69, 70, 71, 72, 73, 74, 75, 78, 79, 80, 81, 82, 83, 84, 87, 88, 89, 90, 91, 92, 93, 94, 97, 98, 100, 101, 102, 103, 104, 105, 106, 107, 108, 109, 110, 111, 112, 114, 115, 116, 117, 118, 119, 120, 121, 122, 123, 124, 125, 126, 127, 128, 129, 130, 131, 132, 133, 135, 136, 137, 138, 141, 142, 143, 144, 145, 146, 147, 148, 149, 150, 151, 152, 153, 154, 155, 156, 157, 158, 160, 162, 163, 165, 166, 167, 169, 170, 171, 172, 173, 175, 177, 179, 180, 181, 182, 183, 184, 185, 186, 187, 189, 192, 193, 196, 197, 198, 199, 200, 201, 202, 203, 205, 206, 207, 210, 211, 212, 213, 214, 216, 217, 218, 219, 220, 221, 223, 224, 225, 226, 227, 228, 229, 230, 231, 232]
[4, 5, 25, 26, 32, 36, 37, 38, 40, 46, 47, 48, 52, 55, 60, 61, 62, 65, 76, 77, 85, 86, 95, 96, 99, 113, 134, 139, 140, 159, 161, 164, 168, 174, 176, 178, 188, 190, 191, 194, 195, 204, 208, 209, 215, 222, 233]
1 th repeated holdout test
187
47
======================================================
params:  {'gamma': 0.0078125, 'C': 64.0}
SRCC_train:  0.9992251124138594
KRCC_train:  0.9933009405790335
PLCC_train:  0.9983973932786586
RMSE_train:  1.1985988741210158
======================================================
SRCC_test:  0.8466697502312673
KRCC_test:  0.6706753006475487
PLCC_test:  0.876634238390843
RMSE_test:  10.667039911510155
======================================================
 -- 1.5714266300201416 seconds elapsed...


2 th repeated holdout test
187
47
======================================================
params:  {'gamma': 0.015625, 'C': 64.0}
SRCC_train:  0.9999903655185711
KRCC_train:  0.9993962224883409
PLCC_train:  0.9999951193358104
RMSE_train:  0.06617186721316465
======================================================
SRCC_test:  0.8080481036077706
KRCC_test:  0.6225716928769658
PLCC_test:  0.8370355831376961
RMSE_test:  12.130032316499038
======================================================
 -- 0.565709114074707 seconds elapsed...


3 th repeated holdout test
187
47
======================================================
params:  {'gamma': 0.015625, 'C': 512.0}
SRCC_train:  0.9999903655185711
KRCC_train:  0.9993962224883409
PLCC_train:  0.9999951193358104
RMSE_train:  0.06617186721316465
======================================================
SRCC_test:  0.8080481036077706
KRCC_test:  0.6225716928769658
PLCC_test:  0.8370355831376961
RMSE_test:  12.130032316499038
======================================================
 -- 0.5541260242462158 seconds elapsed...


4 th repeated holdout test
187
47
======================================================
params:  {'gamma': 0.00390625, 'C': 512.0}
SRCC_train:  0.9999793546825321
KRCC_train:  0.9988211958931231
PLCC_train:  0.9999920545142175
RMSE_train:  0.08442942286006484
======================================================
SRCC_test:  0.8530296022201665
KRCC_test:  0.6836262719703978
PLCC_test:  0.8924933842893946
RMSE_test:  9.999805672933904
======================================================
 -- 0.5423719882965088 seconds elapsed...


5 th repeated holdout test
187
47
======================================================
params:  {'gamma': 0.00390625, 'C': 512.0}
SRCC_train:  0.9999793546825321
KRCC_train:  0.9988211958931231
PLCC_train:  0.9999920545142175
RMSE_train:  0.08442942286006484
======================================================
SRCC_test:  0.8530296022201665
KRCC_test:  0.6836262719703978
PLCC_test:  0.8924933842893946
RMSE_test:  9.999805672933904
======================================================
 -- 0.5437419414520264 seconds elapsed...


6 th repeated holdout test
187
47
======================================================
params:  {'gamma': 0.00390625, 'C': 256.0}
SRCC_train:  0.9999793546825321
KRCC_train:  0.9988211958931231
PLCC_train:  0.9999920545142175
RMSE_train:  0.08442942286006484
======================================================
SRCC_test:  0.8530296022201665
KRCC_test:  0.6836262719703978
PLCC_test:  0.8924933842893946
RMSE_test:  9.999805672933904
======================================================
 -- 0.5792050361633301 seconds elapsed...


7 th repeated holdout test
187
47
======================================================
params:  {'gamma': 0.0078125, 'C': 512.0}
SRCC_train:  0.9999848601005515
KRCC_train:  0.9991662118502538
PLCC_train:  0.9999931940813815
RMSE_train:  0.07814066316551523
======================================================
SRCC_test:  0.8436632747456059
KRCC_test:  0.6688251618871416
PLCC_test:  0.8759920584307511
RMSE_test:  10.692937471290472
======================================================
 -- 0.5571460723876953 seconds elapsed...


8 th repeated holdout test
187
47
======================================================
params:  {'gamma': 0.0078125, 'C': 128.0}
SRCC_train:  0.9999848601005515
KRCC_train:  0.9991662118502538
PLCC_train:  0.9999931940813815
RMSE_train:  0.07814066316551523
======================================================
SRCC_test:  0.8436632747456059
KRCC_test:  0.6688251618871416
PLCC_test:  0.8759920584307511
RMSE_test:  10.692937471290472
======================================================
 -- 0.5454120635986328 seconds elapsed...


9 th repeated holdout test
187
47
======================================================
params:  {'gamma': 0.00390625, 'C': 512.0}
SRCC_train:  0.9999793546825321
KRCC_train:  0.9988211958931231
PLCC_train:  0.9999920545142175
RMSE_train:  0.08442942286006484
======================================================
SRCC_test:  0.8530296022201665
KRCC_test:  0.6836262719703978
PLCC_test:  0.8924933842893946
RMSE_test:  9.999805672933904
======================================================
 -- 0.5662479400634766 seconds elapsed...


10 th repeated holdout test
187
47
======================================================
params:  {'gamma': 0.00390625, 'C': 32.0}
SRCC_train:  0.9621176773926986
KRCC_train:  0.875535493878451
PLCC_train:  0.9625707310138476
RMSE_train:  5.740342286171912
======================================================
SRCC_test:  0.8561517113783534
KRCC_test:  0.6854764107308049
PLCC_test:  0.8262353129287738
RMSE_test:  12.488661935608029
======================================================
 -- 0.5506677627563477 seconds elapsed...


11 th repeated holdout test
187
47
======================================================
params:  {'gamma': 0.00390625, 'C': 64.0}
SRCC_train:  0.9890088917089904
KRCC_train:  0.9477588342377926
PLCC_train:  0.9870663376571311
RMSE_train:  3.395364474605138
======================================================
SRCC_test:  0.8664431082331177
KRCC_test:  0.6965772432932471
PLCC_test:  0.8955928016910353
RMSE_test:  9.86267055482864
======================================================
 -- 0.5711848735809326 seconds elapsed...


12 th repeated holdout test
187
47
======================================================
params:  {'gamma': 0.00390625, 'C': 1024.0}
SRCC_train:  0.9999793546825321
KRCC_train:  0.9988211958931231
PLCC_train:  0.9999920545142175
RMSE_train:  0.08442942286006484
======================================================
SRCC_test:  0.8530296022201665
KRCC_test:  0.6836262719703978
PLCC_test:  0.8924933842893946
RMSE_test:  9.999805672933904
======================================================
 -- 0.6492502689361572 seconds elapsed...


13 th repeated holdout test
187
47
======================================================
params:  {'gamma': 0.00390625, 'C': 32.0}
SRCC_train:  0.9621176773926986
KRCC_train:  0.875535493878451
PLCC_train:  0.9625707310138476
RMSE_train:  5.740342286171912
======================================================
SRCC_test:  0.8561517113783534
KRCC_test:  0.6854764107308049
PLCC_test:  0.8262353129287738
RMSE_test:  12.488661935608029
======================================================
 -- 1.068429708480835 seconds elapsed...


14 th repeated holdout test
187
47
======================================================
params:  {'gamma': 0.00390625, 'C': 64.0}
SRCC_train:  0.9890088917089904
KRCC_train:  0.9477588342377926
PLCC_train:  0.9870663376571311
RMSE_train:  3.395364474605138
======================================================
SRCC_test:  0.8664431082331177
KRCC_test:  0.6965772432932471
PLCC_test:  0.8955928016910353
RMSE_test:  9.86267055482864
======================================================
 -- 0.7136800289154053 seconds elapsed...


15 th repeated holdout test
187
47
======================================================
params:  {'gamma': 0.0078125, 'C': 1024.0}
SRCC_train:  0.9999848601005515
KRCC_train:  0.9991662118502538
PLCC_train:  0.9999931940813815
RMSE_train:  0.07814066316551523
======================================================
SRCC_test:  0.8436632747456059
KRCC_test:  0.6688251618871416
PLCC_test:  0.8759920584307511
RMSE_test:  10.692937471290472
======================================================
 -- 0.6075770854949951 seconds elapsed...


16 th repeated holdout test
187
47
======================================================
params:  {'gamma': 0.015625, 'C': 64.0}
SRCC_train:  0.9999903655185711
KRCC_train:  0.9993962224883409
PLCC_train:  0.9999951193358104
RMSE_train:  0.06617186721316465
======================================================
SRCC_test:  0.8080481036077706
KRCC_test:  0.6225716928769658
PLCC_test:  0.8370355831376961
RMSE_test:  12.130032316499038
======================================================
 -- 0.573681116104126 seconds elapsed...


17 th repeated holdout test
187
47
======================================================
params:  {'gamma': 0.00390625, 'C': 64.0}
SRCC_train:  0.9890088917089904
KRCC_train:  0.9477588342377926
PLCC_train:  0.9870663376571311
RMSE_train:  3.395364474605138
======================================================
SRCC_test:  0.8664431082331177
KRCC_test:  0.6965772432932471
PLCC_test:  0.8955928016910353
RMSE_test:  9.86267055482864
======================================================
 -- 0.5710556507110596 seconds elapsed...


18 th repeated holdout test
187
47
======================================================
params:  {'gamma': 0.00390625, 'C': 32.0}
SRCC_train:  0.9621176773926986
KRCC_train:  0.875535493878451
PLCC_train:  0.9625707310138476
RMSE_train:  5.740342286171912
======================================================
SRCC_test:  0.8561517113783534
KRCC_test:  0.6854764107308049
PLCC_test:  0.8262353129287738
RMSE_test:  12.488661935608029
======================================================
 -- 0.5539360046386719 seconds elapsed...


19 th repeated holdout test
187
47
======================================================
params:  {'gamma': 0.00390625, 'C': 128.0}
SRCC_train:  0.9991572122582852
KRCC_train:  0.9928409193028593
PLCC_train:  0.9983780844332248
RMSE_train:  1.2057920280900376
======================================================
SRCC_test:  0.8589269195189639
KRCC_test:  0.691026827012026
PLCC_test:  0.8937424698942914
RMSE_test:  9.944823918851913
======================================================
 -- 0.5861978530883789 seconds elapsed...


20 th repeated holdout test
187
47
======================================================
params:  {'gamma': 0.00390625, 'C': 64.0}
SRCC_train:  0.9890088917089904
KRCC_train:  0.9477588342377926
PLCC_train:  0.9870663376571311
RMSE_train:  3.395364474605138
======================================================
SRCC_test:  0.8664431082331177
KRCC_test:  0.6965772432932471
PLCC_test:  0.8955928016910353
RMSE_test:  9.86267055482864
======================================================
 -- 0.5594339370727539 seconds elapsed...


21 th repeated holdout test
187
47
======================================================
params:  {'gamma': 0.015625, 'C': 16.0}
SRCC_train:  0.9711805130224802
KRCC_train:  0.892441275777851
PLCC_train:  0.9591973966127597
RMSE_train:  5.988285425820311
======================================================
SRCC_test:  0.7338112858464385
KRCC_test:  0.5467160037002775
PLCC_test:  0.7826246069662529
RMSE_test:  13.800407764901843
======================================================
 -- 0.5457568168640137 seconds elapsed...


Median holdout test index: 11
Median SRCC: 0.8664431082331177
Median KRCC: 0.6965772432932471
Median PLCC: 0.8955928016910353
Median RMSE: 9.86267055482864
Median y_test length: 47
Median y_test_pred length: 47
Saved median_results.csv successfully verified.
======================================================
Average training results among all repeated 80-20 holdouts:
SRCC Train: 0.9999793546825321 (std: 0.013685597329570118)
KRCC Train: 0.9988211958931231 (std: 0.04618347141462447)
PLCC Train: 0.9999920545142175 (std: 0.01460490139113828)
RMSE Train: 0.08442942286006484 (std: 2.2615187805956434)
======================================================
Average testing results among all repeated 80-20 holdouts:
SRCC Test: 0.8530296022201665 (std: 0.030136033260588294)
KRCC Test: 0.6836262719703978 (std: 0.03574568858369307)
PLCC Test: 0.876634238390843 (std: 0.03263422526265391)
RMSE Test: 10.667039911510155 (std: 1.1939481277379842)



Overall 13.592548847198486 secs lapsed..
