Namespace(color_only=False, dataset_name='KONVID_1K', feature_file='../feature_files/KONVID_1K/KONVID_1K_VIDEVAL_feats.mat', log_short=False, max_thread_count=10, model_name='VIDEVAL', mos_file='../csv_files/KONVID_1K_metadata.csv', num_iterations=22, out_file='result/KONVID_1K_VIDEVAL_SVR_corr.mat', use_parallel=False)
1200
1200
[0, 1, 2, 4, 5, 6, 7, 8, 10, 11, 12, 13, 14, 15, 16, 19, 20, 21, 23, 24, 25, 26, 27, 28, 29, 30, 31, 33, 34, 35, 36, 37, 38, 39, 41, 42, 44, 45, 46, 49, 50, 51, 52, 53, 54, 55, 56, 57, 58, 60, 61, 62, 63, 64, 65, 66, 67, 69, 70, 72, 73, 74, 75, 76, 77, 78, 79, 80, 81, 83, 84, 85, 86, 87, 88, 89, 90, 92, 93, 95, 96, 97, 98, 99, 101, 102, 103, 104, 105, 106, 107, 108, 109, 111, 112, 114, 115, 116, 117, 118, 119, 120, 121, 123, 125, 126, 127, 128, 129, 132, 133, 134, 136, 138, 140, 141, 143, 146, 147, 148, 150, 151, 153, 154, 155, 156, 157, 160, 162, 163, 164, 165, 166, 167, 168, 169, 170, 171, 172, 173, 174, 175, 176, 178, 180, 181, 182, 187, 189, 190, 191, 192, 193, 194, 195, 196, 197, 198, 199, 201, 202, 203, 204, 206, 208, 209, 210, 211, 212, 213, 214, 215, 216, 217, 219, 220, 223, 224, 225, 226, 228, 229, 230, 233, 234, 235, 236, 238, 239, 240, 241, 242, 243, 244, 245, 246, 247, 248, 249, 250, 251, 252, 254, 256, 257, 259, 260, 261, 262, 263, 264, 265, 268, 270, 271, 272, 273, 274, 277, 278, 279, 280, 281, 282, 283, 284, 285, 286, 287, 289, 290, 291, 292, 294, 295, 296, 298, 299, 300, 301, 302, 303, 305, 307, 308, 309, 310, 311, 312, 313, 314, 315, 316, 317, 319, 320, 322, 323, 324, 325, 326, 328, 329, 330, 332, 333, 334, 335, 336, 337, 338, 340, 341, 342, 343, 346, 347, 348, 349, 351, 352, 353, 355, 356, 358, 359, 360, 361, 362, 363, 364, 365, 366, 367, 368, 369, 370, 371, 373, 375, 376, 378, 379, 380, 381, 382, 383, 384, 385, 386, 387, 389, 390, 392, 393, 394, 395, 396, 397, 398, 399, 401, 402, 403, 404, 405, 407, 408, 409, 410, 411, 412, 413, 414, 415, 416, 417, 418, 419, 420, 421, 422, 423, 425, 426, 427, 428, 430, 431, 433, 435, 436, 438, 439, 440, 441, 442, 444, 445, 446, 447, 448, 449, 450, 451, 453, 455, 456, 457, 459, 460, 462, 463, 464, 465, 466, 468, 469, 470, 472, 473, 474, 475, 476, 477, 478, 479, 480, 482, 483, 484, 485, 486, 487, 488, 489, 490, 492, 493, 496, 497, 498, 499, 500, 501, 503, 504, 506, 508, 509, 510, 513, 514, 516, 517, 518, 519, 520, 521, 524, 525, 526, 527, 528, 529, 530, 531, 533, 534, 535, 537, 540, 541, 542, 544, 545, 546, 548, 550, 551, 552, 554, 555, 556, 557, 558, 559, 560, 561, 565, 566, 567, 568, 569, 570, 572, 573, 574, 575, 576, 578, 579, 580, 581, 582, 583, 584, 585, 587, 588, 590, 591, 593, 594, 595, 596, 597, 598, 599, 601, 602, 603, 604, 605, 606, 607, 608, 609, 613, 614, 615, 619, 620, 621, 622, 623, 624, 625, 627, 628, 629, 630, 631, 632, 633, 635, 636, 638, 640, 641, 642, 644, 645, 646, 647, 648, 649, 650, 651, 652, 653, 654, 655, 656, 657, 659, 661, 662, 663, 664, 665, 666, 668, 669, 670, 671, 672, 673, 674, 675, 676, 677, 678, 679, 680, 681, 682, 683, 685, 686, 688, 689, 690, 692, 693, 694, 695, 697, 699, 701, 702, 703, 704, 705, 706, 707, 708, 709, 711, 713, 714, 715, 717, 718, 719, 720, 721, 722, 723, 725, 726, 727, 728, 729, 730, 731, 732, 733, 735, 736, 737, 738, 740, 741, 742, 743, 746, 747, 748, 749, 750, 751, 752, 753, 754, 756, 757, 759, 760, 761, 762, 763, 764, 766, 767, 768, 769, 771, 772, 773, 774, 775, 776, 777, 778, 779, 781, 783, 784, 785, 786, 787, 789, 791, 792, 793, 794, 796, 797, 798, 799, 800, 805, 806, 807, 811, 812, 814, 815, 816, 817, 818, 819, 820, 821, 822, 823, 824, 827, 828, 829, 830, 832, 833, 834, 835, 837, 838, 840, 841, 842, 843, 844, 845, 846, 848, 849, 850, 851, 852, 853, 854, 855, 856, 857, 858, 859, 860, 862, 864, 865, 866, 867, 869, 870, 871, 873, 874, 875, 876, 877, 878, 879, 880, 881, 882, 883, 884, 886, 887, 888, 889, 890, 892, 893, 895, 896, 897, 898, 899, 900, 901, 902, 903, 904, 905, 906, 907, 908, 910, 911, 912, 913, 914, 915, 916, 918, 919, 920, 923, 924, 925, 926, 927, 928, 929, 931, 932, 933, 934, 935, 936, 937, 938, 939, 941, 944, 945, 946, 947, 948, 950, 951, 955, 956, 957, 959, 960, 961, 962, 963, 964, 965, 966, 967, 968, 969, 970, 973, 974, 975, 976, 977, 978, 979, 981, 982, 983, 984, 987, 988, 989, 990, 991, 992, 993, 994, 995, 996, 997, 998, 999, 1000, 1001, 1002, 1003, 1006, 1007, 1008, 1009, 1010, 1011, 1013, 1014, 1015, 1017, 1018, 1019, 1020, 1021, 1023, 1025, 1026, 1027, 1028, 1029, 1031, 1032, 1033, 1034, 1035, 1036, 1037, 1038, 1040, 1041, 1042, 1043, 1048, 1049, 1050, 1051, 1052, 1053, 1054, 1056, 1057, 1059, 1061, 1062, 1063, 1064, 1065, 1066, 1068, 1069, 1070, 1071, 1072, 1073, 1075, 1077, 1078, 1079, 1080, 1081, 1083, 1084, 1086, 1089, 1090, 1091, 1092, 1093, 1095, 1096, 1097, 1098, 1099, 1100, 1101, 1102, 1103, 1104, 1105, 1106, 1107, 1108, 1109, 1110, 1111, 1112, 1113, 1114, 1115, 1116, 1117, 1119, 1121, 1123, 1124, 1125, 1127, 1128, 1129, 1130, 1131, 1132, 1133, 1134, 1135, 1136, 1137, 1138, 1140, 1142, 1143, 1145, 1148, 1149, 1150, 1151, 1152, 1153, 1154, 1155, 1156, 1157, 1158, 1160, 1161, 1162, 1164, 1165, 1166, 1167, 1168, 1169, 1170, 1172, 1173, 1174, 1176, 1177, 1178, 1179, 1182, 1183, 1184, 1185, 1187, 1188, 1189, 1192, 1193, 1194, 1195, 1196, 1197, 1198]
[3, 9, 17, 18, 22, 32, 40, 43, 47, 48, 59, 68, 71, 82, 91, 94, 100, 110, 113, 122, 124, 130, 131, 135, 137, 139, 142, 144, 145, 149, 152, 158, 159, 161, 177, 179, 183, 184, 185, 186, 188, 200, 205, 207, 218, 221, 222, 227, 231, 232, 237, 253, 255, 258, 266, 267, 269, 275, 276, 288, 293, 297, 304, 306, 318, 321, 327, 331, 339, 344, 345, 350, 354, 357, 372, 374, 377, 388, 391, 400, 406, 424, 429, 432, 434, 437, 443, 452, 454, 458, 461, 467, 471, 481, 491, 494, 495, 502, 505, 507, 511, 512, 515, 522, 523, 532, 536, 538, 539, 543, 547, 549, 553, 562, 563, 564, 571, 577, 586, 589, 592, 600, 610, 611, 612, 616, 617, 618, 626, 634, 637, 639, 643, 658, 660, 667, 684, 687, 691, 696, 698, 700, 710, 712, 716, 724, 734, 739, 744, 745, 755, 758, 765, 770, 780, 782, 788, 790, 795, 801, 802, 803, 804, 808, 809, 810, 813, 825, 826, 831, 836, 839, 847, 861, 863, 868, 872, 885, 891, 894, 909, 917, 921, 922, 930, 940, 942, 943, 949, 952, 953, 954, 958, 971, 972, 980, 985, 986, 1004, 1005, 1012, 1016, 1022, 1024, 1030, 1039, 1044, 1045, 1046, 1047, 1055, 1058, 1060, 1067, 1074, 1076, 1082, 1085, 1087, 1088, 1094, 1118, 1120, 1122, 1126, 1139, 1141, 1144, 1146, 1147, 1159, 1163, 1171, 1175, 1180, 1181, 1186, 1190, 1191, 1199]
1 th repeated holdout test
960
240
======================================================
params:  {'gamma': 0.0078125, 'C': 1024.0}
SRCC_train:  0.841246466445456
KRCC_train:  0.652133769300091
PLCC_train:  0.8380668305270832
RMSE_train:  0.34921101212307265
======================================================
SRCC_test:  0.7901468330465911
KRCC_test:  0.5879667031972045
PLCC_test:  0.774760357885614
RMSE_test:  0.40705201585754863
======================================================
 -- 1.3350839614868164 seconds elapsed...


2 th repeated holdout test
960
240
======================================================
params:  {'gamma': 0.00390625, 'C': 1024.0}
SRCC_train:  0.8191998940979511
KRCC_train:  0.6253520949961858
PLCC_train:  0.8172501907877323
RMSE_train:  0.368871584283791
======================================================
SRCC_test:  0.794865936372678
KRCC_test:  0.5912547554371079
PLCC_test:  0.7793402494627861
RMSE_test:  0.4034118940358675
======================================================
 -- 0.6722607612609863 seconds elapsed...


3 th repeated holdout test
960
240
======================================================
params:  {'gamma': 0.015625, 'C': 128.0}
SRCC_train:  0.8281543613184478
KRCC_train:  0.635113884424873
PLCC_train:  0.826297584105251
RMSE_train:  0.3605189313065391
======================================================
SRCC_test:  0.8054205460560052
KRCC_test:  0.6035674616971719
PLCC_test:  0.7923481155124156
RMSE_test:  0.3927685957252929
======================================================
 -- 0.3755989074707031 seconds elapsed...


4 th repeated holdout test
960
240
======================================================
params:  {'gamma': 0.015625, 'C': 1024.0}
SRCC_train:  0.8656582588133805
KRCC_train:  0.6858115066454415
PLCC_train:  0.8626371241777421
RMSE_train:  0.32377117989890497
======================================================
SRCC_test:  0.8157190601761988
KRCC_test:  0.6118225715760784
PLCC_test:  0.8005161237273617
RMSE_test:  0.3858424819515045
======================================================
 -- 0.590709924697876 seconds elapsed...


5 th repeated holdout test
960
240
======================================================
params:  {'gamma': 0.015625, 'C': 1024.0}
SRCC_train:  0.8656582588133805
KRCC_train:  0.6858115066454415
PLCC_train:  0.8626371241777421
RMSE_train:  0.32377117989890497
======================================================
SRCC_test:  0.8157190601761988
KRCC_test:  0.6118225715760784
PLCC_test:  0.8005161237273617
RMSE_test:  0.3858424819515045
======================================================
 -- 0.5622880458831787 seconds elapsed...


6 th repeated holdout test
960
240
======================================================
params:  {'gamma': 0.0078125, 'C': 1024.0}
SRCC_train:  0.841246466445456
KRCC_train:  0.652133769300091
PLCC_train:  0.8380668305270832
RMSE_train:  0.34921101212307265
======================================================
SRCC_test:  0.7901468330465911
KRCC_test:  0.5879667031972045
PLCC_test:  0.774760357885614
RMSE_test:  0.40705201585754863
======================================================
 -- 0.9009048938751221 seconds elapsed...


7 th repeated holdout test
960
240
======================================================
params:  {'gamma': 0.015625, 'C': 512.0}
SRCC_train:  0.8535606408473803
KRCC_train:  0.6690925884684271
PLCC_train:  0.8495823851607529
RMSE_train:  0.33761797646248737
======================================================
SRCC_test:  0.8072687747133341
KRCC_test:  0.6012588292734099
PLCC_test:  0.7900531271903168
RMSE_test:  0.39468016509541215
======================================================
 -- 0.5412440299987793 seconds elapsed...


8 th repeated holdout test
960
240
======================================================
params:  {'gamma': 0.00390625, 'C': 512.0}
SRCC_train:  0.8094962315386414
KRCC_train:  0.6145216556970658
PLCC_train:  0.8084932980624604
RMSE_train:  0.37669496356640636
======================================================
SRCC_test:  0.8000295174218992
KRCC_test:  0.5965716058675901
PLCC_test:  0.7842579719995224
RMSE_test:  0.39944210079060866
======================================================
 -- 0.4189188480377197 seconds elapsed...


9 th repeated holdout test
960
240
======================================================
params:  {'gamma': 0.03125, 'C': 512.0}
SRCC_train:  0.879174239711434
KRCC_train:  0.7051780593994055
PLCC_train:  0.8769194276146584
RMSE_train:  0.3076500158285523
======================================================
SRCC_test:  0.8209616401957424
KRCC_test:  0.6183986760558854
PLCC_test:  0.8085738936324569
RMSE_test:  0.3788142847663058
======================================================
 -- 0.6581287384033203 seconds elapsed...


10 th repeated holdout test
960
240
======================================================
params:  {'gamma': 0.03125, 'C': 512.0}
SRCC_train:  0.879174239711434
KRCC_train:  0.7051780593994055
PLCC_train:  0.8769194276146584
RMSE_train:  0.3076500158285523
======================================================
SRCC_test:  0.8209616401957424
KRCC_test:  0.6183986760558854
PLCC_test:  0.8085738936324569
RMSE_test:  0.3788142847663058
======================================================
 -- 1.0258009433746338 seconds elapsed...


11 th repeated holdout test
960
240
======================================================
params:  {'gamma': 0.03125, 'C': 128.0}
SRCC_train:  0.8538644343079914
KRCC_train:  0.6684295893651382
PLCC_train:  0.8502812835967042
RMSE_train:  0.33689634454744877
======================================================
SRCC_test:  0.8073265047301084
KRCC_test:  0.6023082076478472
PLCC_test:  0.7919835548487624
RMSE_test:  0.39307324211430905
======================================================
 -- 0.4600100517272949 seconds elapsed...


12 th repeated holdout test
960
240
======================================================
params:  {'gamma': 0.015625, 'C': 1024.0}
SRCC_train:  0.8656582588133805
KRCC_train:  0.6858115066454415
PLCC_train:  0.8626371241777421
RMSE_train:  0.32377117989890497
======================================================
SRCC_test:  0.8157190601761988
KRCC_test:  0.6118225715760784
PLCC_test:  0.8005161237273617
RMSE_test:  0.3858424819515045
======================================================
 -- 0.9760720729827881 seconds elapsed...


13 th repeated holdout test
960
240
======================================================
params:  {'gamma': 0.0078125, 'C': 1024.0}
SRCC_train:  0.841246466445456
KRCC_train:  0.652133769300091
PLCC_train:  0.8380668305270832
RMSE_train:  0.34921101212307265
======================================================
SRCC_test:  0.7901468330465911
KRCC_test:  0.5879667031972045
PLCC_test:  0.774760357885614
RMSE_test:  0.40705201585754863
======================================================
 -- 0.5161468982696533 seconds elapsed...


14 th repeated holdout test
960
240
======================================================
params:  {'gamma': 0.125, 'C': 8.0}
SRCC_train:  0.8509102439902135
KRCC_train:  0.6624495119269209
PLCC_train:  0.8486938399339814
RMSE_train:  0.3385323493770435
======================================================
SRCC_test:  0.8121476122211725
KRCC_test:  0.6097937733854998
PLCC_test:  0.7976740380844984
RMSE_test:  0.3882745418508449
======================================================
 -- 0.774874210357666 seconds elapsed...


15 th repeated holdout test
960
240
======================================================
params:  {'gamma': 0.015625, 'C': 128.0}
SRCC_train:  0.8281543613184478
KRCC_train:  0.635113884424873
PLCC_train:  0.826297584105251
RMSE_train:  0.3605189313065391
======================================================
SRCC_test:  0.8054205460560052
KRCC_test:  0.6035674616971719
PLCC_test:  0.7923481155124156
RMSE_test:  0.3927685957252929
======================================================
 -- 0.4875977039337158 seconds elapsed...


16 th repeated holdout test
960
240
======================================================
params:  {'gamma': 0.00390625, 'C': 1024.0}
SRCC_train:  0.8191998940979511
KRCC_train:  0.6253520949961858
PLCC_train:  0.8172501907877323
RMSE_train:  0.368871584283791
======================================================
SRCC_test:  0.794865936372678
KRCC_test:  0.5912547554371079
PLCC_test:  0.7793402494627861
RMSE_test:  0.4034118940358675
======================================================
 -- 0.48636317253112793 seconds elapsed...


17 th repeated holdout test
960
240
======================================================
params:  {'gamma': 0.03125, 'C': 256.0}
SRCC_train:  0.8663624961924136
KRCC_train:  0.6862956704642906
PLCC_train:  0.8635432816004276
RMSE_train:  0.3227799698572321
======================================================
SRCC_test:  0.8173975712654167
KRCC_test:  0.6139912868832489
PLCC_test:  0.8023918593786032
RMSE_test:  0.3842241515591113
======================================================
 -- 0.42659616470336914 seconds elapsed...


18 th repeated holdout test
960
240
======================================================
params:  {'gamma': 0.00390625, 'C': 16.0}
SRCC_train:  0.7208619495417075
KRCC_train:  0.5295051062088874
PLCC_train:  0.7305853258398252
RMSE_train:  0.43706547838453885
======================================================
SRCC_test:  0.7406969501068241
KRCC_test:  0.5419339718385561
PLCC_test:  0.7308627724893634
RMSE_test:  0.43941597484626516
======================================================
 -- 0.3829970359802246 seconds elapsed...


19 th repeated holdout test
960
240
======================================================
params:  {'gamma': 0.015625, 'C': 1024.0}
SRCC_train:  0.8656582588133805
KRCC_train:  0.6858115066454415
PLCC_train:  0.8626371241777421
RMSE_train:  0.32377117989890497
======================================================
SRCC_test:  0.8157190601761988
KRCC_test:  0.6118225715760784
PLCC_test:  0.8005161237273617
RMSE_test:  0.3858424819515045
======================================================
 -- 0.5278069972991943 seconds elapsed...


20 th repeated holdout test
960
240
======================================================
params:  {'gamma': 0.03125, 'C': 256.0}
SRCC_train:  0.8663624961924136
KRCC_train:  0.6862956704642906
PLCC_train:  0.8635432816004276
RMSE_train:  0.3227799698572321
======================================================
SRCC_test:  0.8173975712654167
KRCC_test:  0.6139912868832489
PLCC_test:  0.8023918593786032
RMSE_test:  0.3842241515591113
======================================================
 -- 0.6062378883361816 seconds elapsed...


21 th repeated holdout test
960
240
======================================================
params:  {'gamma': 0.0078125, 'C': 512.0}
SRCC_train:  0.8291601269659715
KRCC_train:  0.6369414937951233
PLCC_train:  0.8268427894389496
RMSE_train:  0.36000642489105344
======================================================
SRCC_test:  0.800322942168812
KRCC_test:  0.5959419788429277
PLCC_test:  0.7860784923102231
RMSE_test:  0.3979560683806682
======================================================
 -- 0.5678589344024658 seconds elapsed...


Median holdout test index: 11
Median SRCC: 0.8073265047301084
Median KRCC: 0.6023082076478472
Median PLCC: 0.7919835548487624
Median RMSE: 0.39307324211430905
Median y_test length: 240
Median y_test_pred length: 240
Saved median_results.csv successfully verified.
======================================================
Average training results among all repeated 80-20 holdouts:
SRCC Train: 0.8509102439902135 (std: 0.03370819914623153)
KRCC Train: 0.6624495119269209 (std: 0.03871270503380122)
PLCC Train: 0.8486938399339814 (std: 0.031406863408726594)
RMSE Train: 0.3385323493770435 (std: 0.028553801841747085)
======================================================
Average testing results among all repeated 80-20 holdouts:
SRCC Test: 0.8072687747133341 (std: 0.017393979870609384)
KRCC Test: 0.6035674616971719 (std: 0.01652498245559054)
PLCC Test: 0.7923481155124156 (std: 0.016858501419199718)
RMSE Test: 0.3927685957252929 (std: 0.013325824557642136)



Overall 13.314908742904663 secs lapsed..
