Namespace(color_only=False, dataset_name='LIVE_VQC', feature_file='../feature_files/LIVE_VQC/LIVE_VQC_BRISQUE_feats.mat', log_short=False, max_thread_count=10, model_name='BRISQUE', mos_file='../csv_files/LIVE_VQC_metadata.csv', num_iterations=22, out_file='result/LIVE_VQC_BRISQUE_SVR_corr.mat', use_parallel=False)
585
585
[0, 1, 2, 3, 4, 5, 8, 12, 14, 15, 16, 17, 18, 19, 20, 21, 22, 23, 24, 25, 26, 27, 28, 29, 30, 31, 32, 33, 34, 36, 37, 38, 39, 40, 42, 43, 44, 46, 47, 48, 49, 50, 51, 52, 53, 54, 55, 57, 58, 59, 60, 61, 62, 63, 64, 65, 68, 69, 71, 72, 74, 75, 76, 77, 81, 82, 83, 84, 85, 86, 87, 88, 90, 91, 92, 93, 94, 95, 96, 97, 98, 99, 100, 101, 102, 103, 105, 106, 107, 108, 109, 110, 112, 113, 114, 115, 116, 117, 118, 119, 120, 121, 122, 123, 124, 125, 127, 128, 129, 130, 131, 132, 133, 134, 136, 137, 138, 139, 140, 141, 142, 143, 144, 146, 147, 148, 149, 150, 151, 152, 153, 155, 156, 157, 160, 162, 165, 166, 167, 168, 169, 171, 173, 175, 177, 178, 180, 181, 182, 183, 184, 185, 186, 187, 188, 189, 190, 193, 194, 195, 196, 197, 198, 200, 201, 203, 204, 205, 206, 207, 208, 209, 210, 211, 212, 214, 215, 217, 218, 219, 220, 221, 223, 225, 226, 227, 228, 229, 230, 232, 233, 234, 238, 242, 243, 244, 245, 246, 247, 249, 250, 251, 252, 253, 255, 256, 257, 258, 259, 261, 262, 263, 264, 266, 267, 268, 269, 270, 271, 272, 273, 275, 276, 277, 278, 279, 282, 283, 284, 285, 286, 287, 288, 289, 290, 291, 293, 294, 295, 296, 297, 298, 299, 301, 302, 303, 304, 305, 306, 307, 308, 310, 312, 314, 315, 316, 317, 318, 319, 321, 322, 324, 325, 326, 327, 328, 329, 330, 331, 332, 334, 335, 338, 339, 340, 341, 342, 343, 344, 345, 346, 347, 348, 350, 351, 352, 353, 355, 356, 359, 360, 361, 363, 364, 366, 367, 368, 369, 370, 374, 375, 377, 378, 379, 380, 383, 384, 386, 387, 389, 390, 391, 392, 394, 396, 397, 398, 399, 402, 404, 406, 407, 408, 409, 412, 414, 415, 417, 418, 419, 421, 422, 423, 424, 426, 427, 428, 429, 430, 431, 432, 433, 434, 435, 436, 437, 438, 439, 440, 441, 442, 443, 444, 445, 446, 448, 449, 450, 452, 453, 454, 455, 456, 457, 458, 459, 460, 461, 462, 463, 464, 465, 466, 468, 469, 470, 471, 472, 474, 475, 476, 477, 478, 479, 482, 484, 485, 487, 488, 489, 490, 492, 493, 494, 495, 496, 497, 498, 501, 502, 503, 504, 505, 509, 510, 511, 512, 513, 516, 517, 518, 519, 521, 524, 526, 529, 530, 531, 532, 533, 534, 535, 536, 537, 539, 540, 541, 542, 543, 544, 548, 549, 550, 551, 552, 553, 555, 557, 559, 560, 561, 562, 563, 564, 566, 567, 568, 569, 570, 571, 572, 573, 575, 577, 578, 579, 581, 582, 583, 584]
[6, 7, 9, 10, 13, 41, 56, 66, 67, 70, 73, 78, 80, 89, 104, 111, 126, 135, 145, 154, 158, 159, 161, 164, 170, 172, 174, 176, 179, 191, 192, 199, 202, 213, 216, 222, 231, 235, 236, 237, 239, 240, 241, 254, 260, 265, 274, 280, 281, 292, 300, 309, 311, 313, 320, 323, 333, 336, 337, 349, 354, 358, 362, 365, 371, 373, 376, 381, 382, 385, 388, 393, 395, 400, 401, 403, 405, 410, 411, 413, 416, 420, 425, 447, 451, 467, 473, 480, 481, 483, 486, 491, 499, 500, 506, 507, 508, 514, 515, 520, 522, 523, 525, 527, 528, 538, 545, 546, 547, 554, 556, 558, 565, 574, 576, 580]
1 th repeated holdout test
460
116
======================================================
params:  {'gamma': 0.015625, 'C': 1024.0}
SRCC_train:  0.6289804719523974
KRCC_train:  0.44705146846891697
PLCC_train:  0.6407281893782313
RMSE_train:  13.06514708515474
======================================================
SRCC_test:  0.6229654403567447
KRCC_test:  0.4536731634182908
PLCC_test:  0.6978393837661692
RMSE_test:  12.228685222045101
======================================================
 -- 1.0088279247283936 seconds elapsed...


2 th repeated holdout test
460
116
======================================================
params:  {'gamma': 0.5, 'C': 16.0}
SRCC_train:  0.6493537915139878
KRCC_train:  0.4664889006820374
PLCC_train:  0.662625171753139
RMSE_train:  12.744943852536368
======================================================
SRCC_test:  0.5856071964017991
KRCC_test:  0.4206896551724138
PLCC_test:  0.6417603123318407
RMSE_test:  13.093455023944609
======================================================
 -- 0.09255790710449219 seconds elapsed...


3 th repeated holdout test
460
116
======================================================
params:  {'gamma': 0.0078125, 'C': 1024.0}
SRCC_train:  0.6157194571187298
KRCC_train:  0.4349267544178477
PLCC_train:  0.6290545424359045
RMSE_train:  13.228398009975876
======================================================
SRCC_test:  0.6186522123553607
KRCC_test:  0.45277361319340326
PLCC_test:  0.6748044470872918
RMSE_test:  12.599893874078905
======================================================
 -- 0.09320712089538574 seconds elapsed...


4 th repeated holdout test
460
116
======================================================
params:  {'gamma': 0.015625, 'C': 512.0}
SRCC_train:  0.6178098755442223
KRCC_train:  0.43689702045114653
PLCC_train:  0.6317429740834218
RMSE_train:  13.191245666597506
======================================================
SRCC_test:  0.6221735286203052
KRCC_test:  0.45727136431784104
PLCC_test:  0.6841590729175335
RMSE_test:  12.451976518294293
======================================================
 -- 0.08203601837158203 seconds elapsed...


5 th repeated holdout test
460
116
======================================================
params:  {'gamma': 0.0625, 'C': 32.0}
SRCC_train:  0.5891906467829939
KRCC_train:  0.4130264896631039
PLCC_train:  0.6159825839503735
RMSE_train:  13.405351640071778
======================================================
SRCC_test:  0.593595509937339
KRCC_test:  0.43088455772113937
PLCC_test:  0.6642352678466215
RMSE_test:  12.762549355803218
======================================================
 -- 0.0851430892944336 seconds elapsed...


6 th repeated holdout test
460
116
======================================================
params:  {'gamma': 0.0078125, 'C': 1024.0}
SRCC_train:  0.6157194571187298
KRCC_train:  0.4349267544178477
PLCC_train:  0.6290545424359045
RMSE_train:  13.228398009975876
======================================================
SRCC_test:  0.6186522123553607
KRCC_test:  0.45277361319340326
PLCC_test:  0.6748044470872918
RMSE_test:  12.599893874078905
======================================================
 -- 0.08035707473754883 seconds elapsed...


7 th repeated holdout test
460
116
======================================================
params:  {'gamma': 0.5, 'C': 16.0}
SRCC_train:  0.6493537915139878
KRCC_train:  0.4664889006820374
PLCC_train:  0.662625171753139
RMSE_train:  12.744943852536368
======================================================
SRCC_test:  0.5856071964017991
KRCC_test:  0.4206896551724138
PLCC_test:  0.6417603123318407
RMSE_test:  13.093455023944609
======================================================
 -- 0.08173203468322754 seconds elapsed...


8 th repeated holdout test
460
116
======================================================
params:  {'gamma': 0.125, 'C': 64.0}
SRCC_train:  0.6301389183274351
KRCC_train:  0.44680518521475465
PLCC_train:  0.6468647841208675
RMSE_train:  12.977286677162114
======================================================
SRCC_test:  0.6069273055779801
KRCC_test:  0.4407796101949025
PLCC_test:  0.6613647615781033
RMSE_test:  12.805929519265804
======================================================
 -- 0.09275126457214355 seconds elapsed...


9 th repeated holdout test
460
116
======================================================
params:  {'gamma': 0.0625, 'C': 512.0}
SRCC_train:  0.6547227863960933
KRCC_train:  0.46999370083742464
PLCC_train:  0.6624350971460051
RMSE_train:  12.747804796496366
======================================================
SRCC_test:  0.6189520624303233
KRCC_test:  0.45037481259370316
PLCC_test:  0.6788045369918577
RMSE_test:  12.537106169564513
======================================================
 -- 0.0842440128326416 seconds elapsed...


10 th repeated holdout test
460
116
======================================================
params:  {'gamma': 0.5, 'C': 16.0}
SRCC_train:  0.6493537915139878
KRCC_train:  0.4664889006820374
PLCC_train:  0.662625171753139
RMSE_train:  12.744943852536368
======================================================
SRCC_test:  0.5856071964017991
KRCC_test:  0.4206896551724138
PLCC_test:  0.6417603123318407
RMSE_test:  13.093455023944609
======================================================
 -- 0.08843302726745605 seconds elapsed...


11 th repeated holdout test
460
116
======================================================
params:  {'gamma': 0.125, 'C': 32.0}
SRCC_train:  0.6158186398046999
KRCC_train:  0.43445313277522785
PLCC_train:  0.634853968053904
RMSE_train:  13.14792409619963
======================================================
SRCC_test:  0.6003998000999501
KRCC_test:  0.4350824587706147
PLCC_test:  0.6500751219023373
RMSE_test:  12.97334011058997
======================================================
 -- 0.08978605270385742 seconds elapsed...


12 th repeated holdout test
460
116
======================================================
params:  {'gamma': 0.25, 'C': 64.0}
SRCC_train:  0.6599630102210258
KRCC_train:  0.4766433486998079
PLCC_train:  0.670793822141964
RMSE_train:  12.620595013350933
======================================================
SRCC_test:  0.6044362434167532
KRCC_test:  0.4374812593703148
PLCC_test:  0.6651937957290346
RMSE_test:  12.747988886648523
======================================================
 -- 0.10596704483032227 seconds elapsed...


13 th repeated holdout test
460
116
======================================================
params:  {'gamma': 0.125, 'C': 128.0}
SRCC_train:  0.6491132627130833
KRCC_train:  0.46544693306827367
PLCC_train:  0.6605341549825942
RMSE_train:  12.776337072574838
======================================================
SRCC_test:  0.609572137008419
KRCC_test:  0.4419790104947526
PLCC_test:  0.6610506517549966
RMSE_test:  12.81065616710339
======================================================
 -- 0.0852060317993164 seconds elapsed...


14 th repeated holdout test
460
116
======================================================
params:  {'gamma': 0.0625, 'C': 256.0}
SRCC_train:  0.6399903665194763
KRCC_train:  0.45561454776748467
PLCC_train:  0.6515590501840811
RMSE_train:  12.909102810037908
======================================================
SRCC_test:  0.6140775765963172
KRCC_test:  0.4515742128935532
PLCC_test:  0.6829899676573377
RMSE_test:  12.470670438392489
======================================================
 -- 0.0931699275970459 seconds elapsed...


15 th repeated holdout test
460
116
======================================================
params:  {'gamma': 0.015625, 'C': 1024.0}
SRCC_train:  0.6289804719523974
KRCC_train:  0.44705146846891697
PLCC_train:  0.6407281893782313
RMSE_train:  13.06514708515474
======================================================
SRCC_test:  0.6229654403567447
KRCC_test:  0.4536731634182908
PLCC_test:  0.6978393837661692
RMSE_test:  12.228685222045101
======================================================
 -- 0.0803518295288086 seconds elapsed...


16 th repeated holdout test
460
116
======================================================
params:  {'gamma': 0.5, 'C': 16.0}
SRCC_train:  0.6493537915139878
KRCC_train:  0.4664889006820374
PLCC_train:  0.662625171753139
RMSE_train:  12.744943852536368
======================================================
SRCC_test:  0.5856071964017991
KRCC_test:  0.4206896551724138
PLCC_test:  0.6417603123318407
RMSE_test:  13.093455023944609
======================================================
 -- 0.07973504066467285 seconds elapsed...


17 th repeated holdout test
460
116
======================================================
params:  {'gamma': 0.25, 'C': 64.0}
SRCC_train:  0.6599630102210258
KRCC_train:  0.4766433486998079
PLCC_train:  0.670793822141964
RMSE_train:  12.620595013350933
======================================================
SRCC_test:  0.6044362434167532
KRCC_test:  0.4374812593703148
PLCC_test:  0.6651937957290346
RMSE_test:  12.747988886648523
======================================================
 -- 0.08085918426513672 seconds elapsed...


18 th repeated holdout test
460
116
======================================================
params:  {'gamma': 0.25, 'C': 64.0}
SRCC_train:  0.6599630102210258
KRCC_train:  0.4766433486998079
PLCC_train:  0.670793822141964
RMSE_train:  12.620595013350933
======================================================
SRCC_test:  0.6044362434167532
KRCC_test:  0.4374812593703148
PLCC_test:  0.6651937957290346
RMSE_test:  12.747988886648523
======================================================
 -- 0.09221410751342773 seconds elapsed...


19 th repeated holdout test
460
116
======================================================
params:  {'gamma': 0.0625, 'C': 1024.0}
SRCC_train:  0.6744060804842534
KRCC_train:  0.4877071502714086
PLCC_train:  0.6764294026863171
RMSE_train:  12.53318851372636
======================================================
SRCC_test:  0.6219351862530275
KRCC_test:  0.4536731634182908
PLCC_test:  0.6803817232358109
RMSE_test:  12.512160681357088
======================================================
 -- 0.09523677825927734 seconds elapsed...


20 th repeated holdout test
460
116
======================================================
params:  {'gamma': 0.0625, 'C': 256.0}
SRCC_train:  0.6399903665194763
KRCC_train:  0.45561454776748467
PLCC_train:  0.6515590501840811
RMSE_train:  12.909102810037908
======================================================
SRCC_test:  0.6140775765963172
KRCC_test:  0.4515742128935532
PLCC_test:  0.6829899676573377
RMSE_test:  12.470670438392489
======================================================
 -- 0.08103704452514648 seconds elapsed...


21 th repeated holdout test
460
116
======================================================
params:  {'gamma': 0.03125, 'C': 256.0}
SRCC_train:  0.6208573544932519
KRCC_train:  0.43966297084404665
PLCC_train:  0.6357685408275803
RMSE_train:  13.13512060249194
======================================================
SRCC_test:  0.6205589512935841
KRCC_test:  0.4569715142428785
PLCC_test:  0.6892854492009327
RMSE_test:  12.369292286541393
======================================================
 -- 0.07781195640563965 seconds elapsed...


Median holdout test index: 11
Median SRCC: 0.6003998000999501
Median KRCC: 0.4350824587706147
Median PLCC: 0.6500751219023373
Median RMSE: 12.97334011058997
Median y_test length: 116
Median y_test_pred length: 116
Saved median_results.csv successfully verified.
======================================================
Average training results among all repeated 80-20 holdouts:
SRCC Train: 0.6399903665194763 (std: 0.020109739676895378)
KRCC Train: 0.45561454776748467 (std: 0.018360410267500665)
PLCC Train: 0.6515590501840811 (std: 0.016713188629914544)
RMSE Train: 12.909102810037908 (std: 0.2423554914091764)
======================================================
Average testing results among all repeated 80-20 holdouts:
SRCC Test: 0.609572137008419 (std: 0.013331036217675663)
KRCC Test: 0.4419790104947526 (std: 0.012727489576503102)
PLCC Test: 0.6651937957290346 (std: 0.017595239716077852)
RMSE Test: 12.747988886648523 (std: 0.26967316027985133)



Overall 2.764096975326538 secs lapsed..
