Namespace(color_only=False, dataset_name='LIVE_VQC', feature_file='../feature_files/LIVE_VQC/LIVE_VQC_TLVQM_feats.mat', log_short=False, max_thread_count=10, model_name='TLVQM', mos_file='../csv_files/LIVE_VQC_metadata.csv', num_iterations=22, out_file='result/LIVE_VQC_TLVQM_SVR_corr.mat', use_parallel=False)
585
585
[0, 1, 2, 3, 4, 5, 8, 12, 14, 15, 16, 17, 18, 19, 20, 21, 22, 23, 24, 25, 26, 27, 28, 29, 30, 31, 32, 33, 34, 36, 37, 38, 39, 40, 42, 43, 44, 46, 47, 48, 49, 50, 51, 52, 53, 54, 55, 57, 58, 59, 60, 61, 62, 63, 64, 65, 68, 69, 71, 72, 74, 75, 76, 77, 81, 82, 83, 84, 85, 86, 87, 88, 90, 91, 92, 93, 94, 95, 96, 97, 98, 99, 100, 101, 102, 103, 105, 106, 107, 108, 109, 110, 112, 113, 114, 115, 116, 117, 118, 119, 120, 121, 122, 123, 124, 125, 127, 128, 129, 130, 131, 132, 133, 134, 136, 137, 138, 139, 140, 141, 142, 143, 144, 146, 147, 148, 149, 150, 151, 152, 153, 155, 156, 157, 160, 162, 165, 166, 167, 168, 169, 171, 173, 175, 177, 178, 180, 181, 182, 183, 184, 185, 186, 187, 188, 189, 190, 193, 194, 195, 196, 197, 198, 200, 201, 203, 204, 205, 206, 207, 208, 209, 210, 211, 212, 214, 215, 217, 218, 219, 220, 221, 223, 225, 226, 227, 228, 229, 230, 232, 233, 234, 238, 242, 243, 244, 245, 246, 247, 249, 250, 251, 252, 253, 255, 256, 257, 258, 259, 261, 262, 263, 264, 266, 267, 268, 269, 270, 271, 272, 273, 275, 276, 277, 278, 279, 282, 283, 284, 285, 286, 287, 288, 289, 290, 291, 293, 294, 295, 296, 297, 298, 299, 301, 302, 303, 304, 305, 306, 307, 308, 310, 312, 314, 315, 316, 317, 318, 319, 321, 322, 324, 325, 326, 327, 328, 329, 330, 331, 332, 334, 335, 338, 339, 340, 341, 342, 343, 344, 345, 346, 347, 348, 350, 351, 352, 353, 355, 356, 359, 360, 361, 363, 364, 366, 367, 368, 369, 370, 374, 375, 377, 378, 379, 380, 383, 384, 386, 387, 389, 390, 391, 392, 394, 396, 397, 398, 399, 402, 404, 406, 407, 408, 409, 412, 414, 415, 417, 418, 419, 421, 422, 423, 424, 426, 427, 428, 429, 430, 431, 432, 433, 434, 435, 436, 437, 438, 439, 440, 441, 442, 443, 444, 445, 446, 448, 449, 450, 452, 453, 454, 455, 456, 457, 458, 459, 460, 461, 462, 463, 464, 465, 466, 468, 469, 470, 471, 472, 474, 475, 476, 477, 478, 479, 482, 484, 485, 487, 488, 489, 490, 492, 493, 494, 495, 496, 497, 498, 501, 502, 503, 504, 505, 509, 510, 511, 512, 513, 516, 517, 518, 519, 521, 524, 526, 529, 530, 531, 532, 533, 534, 535, 536, 537, 539, 540, 541, 542, 543, 544, 548, 549, 550, 551, 552, 553, 555, 557, 559, 560, 561, 562, 563, 564, 566, 567, 568, 569, 570, 571, 572, 573, 575, 577, 578, 579, 581, 582, 583, 584]
[6, 7, 9, 10, 13, 41, 56, 66, 67, 70, 73, 78, 80, 89, 104, 111, 126, 135, 145, 154, 158, 159, 161, 164, 170, 172, 174, 176, 179, 191, 192, 199, 202, 213, 216, 222, 231, 235, 236, 237, 239, 240, 241, 254, 260, 265, 274, 280, 281, 292, 300, 309, 311, 313, 320, 323, 333, 336, 337, 349, 354, 358, 362, 365, 371, 373, 376, 381, 382, 385, 388, 393, 395, 400, 401, 403, 405, 410, 411, 413, 416, 420, 425, 447, 451, 467, 473, 480, 481, 483, 486, 491, 499, 500, 506, 507, 508, 514, 515, 520, 522, 523, 525, 527, 528, 538, 545, 546, 547, 554, 556, 558, 565, 574, 576, 580]
1 th repeated holdout test
460
116
======================================================
params:  {'gamma': 0.03125, 'C': 512.0}
SRCC_train:  0.8953138461649424
KRCC_train:  0.7305234940097753
PLCC_train:  0.8963499987045053
RMSE_train:  7.544462702230976
======================================================
SRCC_test:  0.8064121785261216
KRCC_test:  0.6110944527736132
PLCC_test:  0.7788062544226533
RMSE_test:  10.709354155372921
======================================================
 -- 1.0254230499267578 seconds elapsed...


2 th repeated holdout test
460
116
======================================================
params:  {'gamma': 0.5, 'C': 32.0}
SRCC_train:  0.9629282674014533
KRCC_train:  0.8748265360832044
PLCC_train:  0.9613908222792076
RMSE_train:  4.682866291143239
======================================================
SRCC_test:  0.8121093299504095
KRCC_test:  0.6098950524737631
PLCC_test:  0.7842706536212039
RMSE_test:  10.592476657370762
======================================================
 -- 0.1288468837738037 seconds elapsed...


3 th repeated holdout test
460
116
======================================================
params:  {'gamma': 0.125, 'C': 64.0}
SRCC_train:  0.9003926284394984
KRCC_train:  0.7398064782051252
PLCC_train:  0.902837969434217
RMSE_train:  7.317009314629067
======================================================
SRCC_test:  0.8205435743666628
KRCC_test:  0.6338830584707645
PLCC_test:  0.8022863716043136
RMSE_test:  10.191608632389935
======================================================
 -- 0.1105051040649414 seconds elapsed...


4 th repeated holdout test
460
116
======================================================
params:  {'gamma': 0.125, 'C': 512.0}
SRCC_train:  0.9719503165632101
KRCC_train:  0.902126087563815
PLCC_train:  0.9717332314792828
RMSE_train:  4.017413839466933
======================================================
SRCC_test:  0.7840771921731443
KRCC_test:  0.5910044977511244
PLCC_test:  0.7394416236456516
RMSE_test:  11.493968015334467
======================================================
 -- 0.1459369659423828 seconds elapsed...


5 th repeated holdout test
460
116
======================================================
params:  {'gamma': 0.125, 'C': 128.0}
SRCC_train:  0.9259514949817358
KRCC_train:  0.7913365129221697
PLCC_train:  0.9287942309929975
RMSE_train:  6.306449927171173
======================================================
SRCC_test:  0.8181678391573444
KRCC_test:  0.6245877061469265
PLCC_test:  0.7851821737623738
RMSE_test:  10.572774391152452
======================================================
 -- 0.11359405517578125 seconds elapsed...


6 th repeated holdout test
460
116
======================================================
params:  {'gamma': 0.03125, 'C': 512.0}
SRCC_train:  0.8953138461649424
KRCC_train:  0.7305234940097753
PLCC_train:  0.8963499987045053
RMSE_train:  7.544462702230976
======================================================
SRCC_test:  0.8064121785261216
KRCC_test:  0.6110944527736132
PLCC_test:  0.7788062544226533
RMSE_test:  10.709354155372921
======================================================
 -- 0.12614226341247559 seconds elapsed...


7 th repeated holdout test
460
116
======================================================
params:  {'gamma': 0.25, 'C': 64.0}
SRCC_train:  0.9456769524988603
KRCC_train:  0.8346255310576278
PLCC_train:  0.9461218550382633
RMSE_train:  5.510306346406625
======================================================
SRCC_test:  0.8227809172336908
KRCC_test:  0.6230884557721139
PLCC_test:  0.7895682284707348
RMSE_test:  10.477129732549042
======================================================
 -- 0.1206808090209961 seconds elapsed...


8 th repeated holdout test
460
116
======================================================
params:  {'gamma': 0.25, 'C': 16.0}
SRCC_train:  0.8782793277238513
KRCC_train:  0.7085853395236219
PLCC_train:  0.8814376689847782
RMSE_train:  8.037161481494778
======================================================
SRCC_test:  0.8077422827048014
KRCC_test:  0.6149925037481259
PLCC_test:  0.7991862716590918
RMSE_test:  10.26236127706763
======================================================
 -- 0.12122297286987305 seconds elapsed...


9 th repeated holdout test
460
116
======================================================
params:  {'gamma': 0.125, 'C': 8.0}
SRCC_train:  0.8119264190220685
KRCC_train:  0.6217989097299527
PLCC_train:  0.8154490854015235
RMSE_train:  9.849961883782271
======================================================
SRCC_test:  0.782608695652174
KRCC_test:  0.5943028485757121
PLCC_test:  0.7912128605688302
RMSE_test:  10.440901702409079
======================================================
 -- 0.12218928337097168 seconds elapsed...


10 th repeated holdout test
460
116
======================================================
params:  {'gamma': 0.125, 'C': 256.0}
SRCC_train:  0.9514791088068898
KRCC_train:  0.8489289046647486
PLCC_train:  0.9517662194347585
RMSE_train:  5.221243675954622
======================================================
SRCC_test:  0.813262599469496
KRCC_test:  0.6173913043478261
PLCC_test:  0.7714575827935761
RMSE_test:  10.86328872962729
======================================================
 -- 0.1327500343322754 seconds elapsed...


11 th repeated holdout test
460
116
======================================================
params:  {'gamma': 0.125, 'C': 32.0}
SRCC_train:  0.8700529591776953
KRCC_train:  0.6945093043049587
PLCC_train:  0.8728603349737676
RMSE_train:  8.303814513948751
======================================================
SRCC_test:  0.8117325952408412
KRCC_test:  0.6230884557721139
PLCC_test:  0.8049361540434484
RMSE_test:  10.130522581733835
======================================================
 -- 0.13111019134521484 seconds elapsed...


12 th repeated holdout test
460
116
======================================================
params:  {'gamma': 0.0625, 'C': 32.0}
SRCC_train:  0.8330231126171324
KRCC_train:  0.6459157237721577
PLCC_train:  0.8324951109641451
RMSE_train:  9.427999875752862
======================================================
SRCC_test:  0.7993387921423903
KRCC_test:  0.6131934032983508
PLCC_test:  0.7964106090472247
RMSE_test:  10.325067812841656
======================================================
 -- 0.10767412185668945 seconds elapsed...


13 th repeated holdout test
460
116
======================================================
params:  {'gamma': 0.25, 'C': 32.0}
SRCC_train:  0.9126187899903409
KRCC_train:  0.7658935582806289
PLCC_train:  0.9156077657169552
RMSE_train:  6.842092623067107
======================================================
SRCC_test:  0.815407680774997
KRCC_test:  0.6230884557721139
PLCC_test:  0.79733462862143
RMSE_test:  10.304259346180453
======================================================
 -- 0.10880517959594727 seconds elapsed...


14 th repeated holdout test
460
116
======================================================
params:  {'gamma': 0.125, 'C': 64.0}
SRCC_train:  0.9003926284394984
KRCC_train:  0.7398064782051252
PLCC_train:  0.902837969434217
RMSE_train:  7.317009314629067
======================================================
SRCC_test:  0.8205435743666628
KRCC_test:  0.6338830584707645
PLCC_test:  0.8022863716043136
RMSE_test:  10.191608632389935
======================================================
 -- 0.11887383460998535 seconds elapsed...


15 th repeated holdout test
460
116
======================================================
params:  {'gamma': 0.25, 'C': 32.0}
SRCC_train:  0.9126187899903409
KRCC_train:  0.7658935582806289
PLCC_train:  0.9156077657169552
RMSE_train:  6.842092623067107
======================================================
SRCC_test:  0.815407680774997
KRCC_test:  0.6230884557721139
PLCC_test:  0.79733462862143
RMSE_test:  10.304259346180453
======================================================
 -- 0.13048601150512695 seconds elapsed...


16 th repeated holdout test
460
116
======================================================
params:  {'gamma': 0.125, 'C': 128.0}
SRCC_train:  0.9259514949817358
KRCC_train:  0.7913365129221697
PLCC_train:  0.9287942309929975
RMSE_train:  6.306449927171173
======================================================
SRCC_test:  0.8181678391573444
KRCC_test:  0.6245877061469265
PLCC_test:  0.7851821737623738
RMSE_test:  10.572774391152452
======================================================
 -- 0.1290130615234375 seconds elapsed...


17 th repeated holdout test
460
116
======================================================
params:  {'gamma': 0.25, 'C': 32.0}
SRCC_train:  0.9126187899903409
KRCC_train:  0.7658935582806289
PLCC_train:  0.9156077657169552
RMSE_train:  6.842092623067107
======================================================
SRCC_test:  0.815407680774997
KRCC_test:  0.6230884557721139
PLCC_test:  0.79733462862143
RMSE_test:  10.304259346180453
======================================================
 -- 0.12494015693664551 seconds elapsed...


18 th repeated holdout test
460
116
======================================================
params:  {'gamma': 0.25, 'C': 16.0}
SRCC_train:  0.8782793277238513
KRCC_train:  0.7085853395236219
PLCC_train:  0.8814376689847782
RMSE_train:  8.037161481494778
======================================================
SRCC_test:  0.8077422827048014
KRCC_test:  0.6149925037481259
PLCC_test:  0.7991862716590918
RMSE_test:  10.26236127706763
======================================================
 -- 0.1192789077758789 seconds elapsed...


19 th repeated holdout test
460
116
======================================================
params:  {'gamma': 0.0625, 'C': 512.0}
SRCC_train:  0.9288431418424297
KRCC_train:  0.7991228527268406
PLCC_train:  0.9327647572069795
RMSE_train:  6.134404358599849
======================================================
SRCC_test:  0.8078268558028678
KRCC_test:  0.6116941529235382
PLCC_test:  0.7696237332793936
RMSE_test:  10.90113883314974
======================================================
 -- 0.138930082321167 seconds elapsed...


20 th repeated holdout test
460
116
======================================================
params:  {'gamma': 0.125, 'C': 128.0}
SRCC_train:  0.9259514949817358
KRCC_train:  0.7913365129221697
PLCC_train:  0.9287942309929975
RMSE_train:  6.306449927171173
======================================================
SRCC_test:  0.8181678391573444
KRCC_test:  0.6245877061469265
PLCC_test:  0.7851821737623738
RMSE_test:  10.572774391152452
======================================================
 -- 0.1568589210510254 seconds elapsed...


21 th repeated holdout test
460
116
======================================================
params:  {'gamma': 0.0625, 'C': 128.0}
SRCC_train:  0.8868827014330856
KRCC_train:  0.7173757572106472
PLCC_train:  0.8890641136051101
RMSE_train:  7.790113587789541
======================================================
SRCC_test:  0.8137469726675124
KRCC_test:  0.6233883058470764
PLCC_test:  0.8000808398940531
RMSE_test:  10.242023062900653
======================================================
 -- 0.11311793327331543 seconds elapsed...


Median holdout test index: 11
Median SRCC: 0.8117325952408412
Median KRCC: 0.6230884557721139
Median PLCC: 0.8049361540434484
Median RMSE: 10.130522581733835
Median y_test length: 116
Median y_test_pred length: 116
Saved median_results.csv successfully verified.
======================================================
Average training results among all repeated 80-20 holdouts:
SRCC Train: 0.9126187899903409 (std: 0.03826073642151119)
KRCC Train: 0.7658935582806289 (std: 0.0681385855134767)
PLCC Train: 0.9156077657169552 (std: 0.037772039650035914)
RMSE Train: 6.842092623067107 (std: 1.4001734681653257)
======================================================
Average testing results among all repeated 80-20 holdouts:
SRCC Test: 0.813262599469496 (std: 0.010418698381579376)
KRCC Test: 0.6230884557721139 (std: 0.010517331222775567)
PLCC Test: 0.7912128605688302 (std: 0.014816010763782316)
RMSE Test: 10.440901702409079 (std: 0.3123238207052846)



Overall 3.531611204147339 secs lapsed..
