Namespace(color_only=False, dataset_name='LIVE_VQC', feature_file='../feature_files/LIVE_VQC/LIVE_VQC_VIDEVAL_feats.mat', log_short=False, max_thread_count=10, model_name='VIDEVAL', mos_file='../csv_files/LIVE_VQC_metadata.csv', num_iterations=22, out_file='result/LIVE_VQC_VIDEVAL_SVR_corr.mat', use_parallel=False)
585
585
[0, 1, 2, 3, 4, 5, 8, 12, 14, 15, 16, 17, 18, 19, 20, 21, 22, 23, 24, 25, 26, 27, 28, 29, 30, 31, 32, 33, 34, 36, 37, 38, 39, 40, 42, 43, 44, 46, 47, 48, 49, 50, 51, 52, 53, 54, 55, 57, 58, 59, 60, 61, 62, 63, 64, 65, 68, 69, 71, 72, 74, 75, 76, 77, 81, 82, 83, 84, 85, 86, 87, 88, 90, 91, 92, 93, 94, 95, 96, 97, 98, 99, 100, 101, 102, 103, 105, 106, 107, 108, 109, 110, 112, 113, 114, 115, 116, 117, 118, 119, 120, 121, 122, 123, 124, 125, 127, 128, 129, 130, 131, 132, 133, 134, 136, 137, 138, 139, 140, 141, 142, 143, 144, 146, 147, 148, 149, 150, 151, 152, 153, 155, 156, 157, 160, 162, 165, 166, 167, 168, 169, 171, 173, 175, 177, 178, 180, 181, 182, 183, 184, 185, 186, 187, 188, 189, 190, 193, 194, 195, 196, 197, 198, 200, 201, 203, 204, 205, 206, 207, 208, 209, 210, 211, 212, 214, 215, 217, 218, 219, 220, 221, 223, 225, 226, 227, 228, 229, 230, 232, 233, 234, 238, 242, 243, 244, 245, 246, 247, 249, 250, 251, 252, 253, 255, 256, 257, 258, 259, 261, 262, 263, 264, 266, 267, 268, 269, 270, 271, 272, 273, 275, 276, 277, 278, 279, 282, 283, 284, 285, 286, 287, 288, 289, 290, 291, 293, 294, 295, 296, 297, 298, 299, 301, 302, 303, 304, 305, 306, 307, 308, 310, 312, 314, 315, 316, 317, 318, 319, 321, 322, 324, 325, 326, 327, 328, 329, 330, 331, 332, 334, 335, 338, 339, 340, 341, 342, 343, 344, 345, 346, 347, 348, 350, 351, 352, 353, 355, 356, 359, 360, 361, 363, 364, 366, 367, 368, 369, 370, 374, 375, 377, 378, 379, 380, 383, 384, 386, 387, 389, 390, 391, 392, 394, 396, 397, 398, 399, 402, 404, 406, 407, 408, 409, 412, 414, 415, 417, 418, 419, 421, 422, 423, 424, 426, 427, 428, 429, 430, 431, 432, 433, 434, 435, 436, 437, 438, 439, 440, 441, 442, 443, 444, 445, 446, 448, 449, 450, 452, 453, 454, 455, 456, 457, 458, 459, 460, 461, 462, 463, 464, 465, 466, 468, 469, 470, 471, 472, 474, 475, 476, 477, 478, 479, 482, 484, 485, 487, 488, 489, 490, 492, 493, 494, 495, 496, 497, 498, 501, 502, 503, 504, 505, 509, 510, 511, 512, 513, 516, 517, 518, 519, 521, 524, 526, 529, 530, 531, 532, 533, 534, 535, 536, 537, 539, 540, 541, 542, 543, 544, 548, 549, 550, 551, 552, 553, 555, 557, 559, 560, 561, 562, 563, 564, 566, 567, 568, 569, 570, 571, 572, 573, 575, 577, 578, 579, 581, 582, 583, 584]
[6, 7, 9, 10, 13, 41, 56, 66, 67, 70, 73, 78, 80, 89, 104, 111, 126, 135, 145, 154, 158, 159, 161, 164, 170, 172, 174, 176, 179, 191, 192, 199, 202, 213, 216, 222, 231, 235, 236, 237, 239, 240, 241, 254, 260, 265, 274, 280, 281, 292, 300, 309, 311, 313, 320, 323, 333, 336, 337, 349, 354, 358, 362, 365, 371, 373, 376, 381, 382, 385, 388, 393, 395, 400, 401, 403, 405, 410, 411, 413, 416, 420, 425, 447, 451, 467, 473, 480, 481, 483, 486, 491, 499, 500, 506, 507, 508, 514, 515, 520, 522, 523, 525, 527, 528, 538, 545, 546, 547, 554, 556, 558, 565, 574, 576, 580]
1 th repeated holdout test
460
116
======================================================
params:  {'gamma': 0.0625, 'C': 512.0}
SRCC_train:  0.8560018115480275
KRCC_train:  0.6868366336945164
PLCC_train:  0.85967360390573
RMSE_train:  8.693055684385602
======================================================
SRCC_test:  0.759320339830085
KRCC_test:  0.5772113943028486
PLCC_test:  0.7560924645960772
RMSE_test:  11.173747010620628
======================================================
 -- 1.1465890407562256 seconds elapsed...


2 th repeated holdout test
460
116
======================================================
params:  {'gamma': 0.0625, 'C': 256.0}
SRCC_train:  0.8265918335663988
KRCC_train:  0.6502351531528511
PLCC_train:  0.8360305056497339
RMSE_train:  9.336968360901464
======================================================
SRCC_test:  0.7622650213354861
KRCC_test:  0.5808095952023987
PLCC_test:  0.7707720300216291
RMSE_test:  10.87746429592909
======================================================
 -- 0.09097909927368164 seconds elapsed...


3 th repeated holdout test
460
116
======================================================
params:  {'gamma': 0.125, 'C': 64.0}
SRCC_train:  0.8116514937396405
KRCC_train:  0.6310061144624833
PLCC_train:  0.8230046138095483
RMSE_train:  9.666277727426499
======================================================
SRCC_test:  0.7741975166263022
KRCC_test:  0.5904047976011993
PLCC_test:  0.7797417714453709
RMSE_test:  10.689492905286418
======================================================
 -- 0.12944984436035156 seconds elapsed...


4 th repeated holdout test
460
116
======================================================
params:  {'gamma': 0.25, 'C': 64.0}
SRCC_train:  0.8665507439487393
KRCC_train:  0.7021440851839914
PLCC_train:  0.8686448209403387
RMSE_train:  8.430850630796096
======================================================
SRCC_test:  0.7655095529158498
KRCC_test:  0.5802098950524738
PLCC_test:  0.7572598715621223
RMSE_test:  11.1506791617
======================================================
 -- 0.12686824798583984 seconds elapsed...


5 th repeated holdout test
460
116
======================================================
params:  {'gamma': 0.03125, 'C': 1024.0}
SRCC_train:  0.8380997990487282
KRCC_train:  0.6634586694147985
PLCC_train:  0.8445092037330774
RMSE_train:  9.113331521368114
======================================================
SRCC_test:  0.7580671202860109
KRCC_test:  0.5766116941529236
PLCC_test:  0.7617646855234533
RMSE_test:  11.06087680308166
======================================================
 -- 0.12296414375305176 seconds elapsed...


6 th repeated holdout test
460
116
======================================================
params:  {'gamma': 0.03125, 'C': 512.0}
SRCC_train:  0.8162349173663062
KRCC_train:  0.6381672736988963
PLCC_train:  0.8256371739136281
RMSE_train:  9.601047031669534
======================================================
SRCC_test:  0.7677545842463384
KRCC_test:  0.5835082458770614
PLCC_test:  0.7714784588875679
RMSE_test:  10.86285657461078
======================================================
 -- 0.12965083122253418 seconds elapsed...


7 th repeated holdout test
460
116
======================================================
params:  {'gamma': 0.0625, 'C': 128.0}
SRCC_train:  0.8035543893901776
KRCC_train:  0.6212873983559232
PLCC_train:  0.8151826143432868
RMSE_train:  9.856347012145827
======================================================
SRCC_test:  0.7813554761080999
KRCC_test:  0.5958020989505247
PLCC_test:  0.78285977944231
RMSE_test:  10.622855321257246
======================================================
 -- 0.10545206069946289 seconds elapsed...


8 th repeated holdout test
460
116
======================================================
params:  {'gamma': 0.125, 'C': 16.0}
SRCC_train:  0.7485552784282685
KRCC_train:  0.5612890086688351
PLCC_train:  0.7618215783498803
RMSE_train:  11.023425744965522
======================================================
SRCC_test:  0.7666628224349364
KRCC_test:  0.5850074962518741
PLCC_test:  0.692750408260731
RMSE_test:  12.312738511519493
======================================================
 -- 0.09712409973144531 seconds elapsed...


9 th repeated holdout test
460
116
======================================================
params:  {'gamma': 0.0625, 'C': 128.0}
SRCC_train:  0.8035543893901776
KRCC_train:  0.6212873983559232
PLCC_train:  0.8151826143432868
RMSE_train:  9.856347012145827
======================================================
SRCC_test:  0.7813554761080999
KRCC_test:  0.5958020989505247
PLCC_test:  0.78285977944231
RMSE_test:  10.622855321257246
======================================================
 -- 0.09260392189025879 seconds elapsed...


10 th repeated holdout test
460
116
======================================================
params:  {'gamma': 0.25, 'C': 32.0}
SRCC_train:  0.8234635413785208
KRCC_train:  0.6464651248775968
PLCC_train:  0.8340843134642598
RMSE_train:  9.387237043408481
======================================================
SRCC_test:  0.7725214315918963
KRCC_test:  0.5895052473763118
PLCC_test:  0.7752379183296358
RMSE_test:  10.784557770480083
======================================================
 -- 0.09104704856872559 seconds elapsed...


11 th repeated holdout test
460
116
======================================================
params:  {'gamma': 0.015625, 'C': 1024.0}
SRCC_train:  0.8087848120671493
KRCC_train:  0.6276339283670298
PLCC_train:  0.8186367747641304
RMSE_train:  9.773092554719982
======================================================
SRCC_test:  0.7758659131972475
KRCC_test:  0.5916041979010495
PLCC_test:  0.782578640975758
RMSE_test:  10.628891841909537
======================================================
 -- 0.09456896781921387 seconds elapsed...


12 th repeated holdout test
460
116
======================================================
params:  {'gamma': 0.125, 'C': 32.0}
SRCC_train:  0.7809211346930777
KRCC_train:  0.5958254988486777
PLCC_train:  0.793603058307349
RMSE_train:  10.353786582874099
======================================================
SRCC_test:  0.7742436474070657
KRCC_test:  0.5907046476761619
PLCC_test:  0.7843730278363343
RMSE_test:  10.590266833027194
======================================================
 -- 0.09951210021972656 seconds elapsed...


13 th repeated holdout test
460
116
======================================================
params:  {'gamma': 0.0625, 'C': 512.0}
SRCC_train:  0.8560018115480275
KRCC_train:  0.6868366336945164
PLCC_train:  0.85967360390573
RMSE_train:  8.693055684385602
======================================================
SRCC_test:  0.759320339830085
KRCC_test:  0.5772113943028486
PLCC_test:  0.7560924645960772
RMSE_test:  11.173747010620628
======================================================
 -- 0.11571311950683594 seconds elapsed...


14 th repeated holdout test
460
116
======================================================
params:  {'gamma': 0.015625, 'C': 512.0}
SRCC_train:  0.7908694231583685
KRCC_train:  0.6056010495523524
PLCC_train:  0.8031069604735419
RMSE_train:  10.139355229730159
======================================================
SRCC_test:  0.7940106869642103
KRCC_test:  0.6083958020989505
PLCC_test:  0.7981353667903797
RMSE_test:  10.286173502765676
======================================================
 -- 0.0880270004272461 seconds elapsed...


15 th repeated holdout test
460
116
======================================================
params:  {'gamma': 0.0625, 'C': 128.0}
SRCC_train:  0.8035543893901776
KRCC_train:  0.6212873983559232
PLCC_train:  0.8151826143432868
RMSE_train:  9.856347012145827
======================================================
SRCC_test:  0.7813554761080999
KRCC_test:  0.5958020989505247
PLCC_test:  0.78285977944231
RMSE_test:  10.622855321257246
======================================================
 -- 0.10448694229125977 seconds elapsed...


16 th repeated holdout test
460
116
======================================================
params:  {'gamma': 0.0625, 'C': 256.0}
SRCC_train:  0.8265918335663988
KRCC_train:  0.6502351531528511
PLCC_train:  0.8360305056497339
RMSE_train:  9.336968360901464
======================================================
SRCC_test:  0.7622650213354861
KRCC_test:  0.5808095952023987
PLCC_test:  0.7707720300216291
RMSE_test:  10.87746429592909
======================================================
 -- 0.09150195121765137 seconds elapsed...


17 th repeated holdout test
460
116
======================================================
params:  {'gamma': 0.03125, 'C': 64.0}
SRCC_train:  0.7478472533623567
KRCC_train:  0.5585798928730494
PLCC_train:  0.7546677696212493
RMSE_train:  11.16501125169136
======================================================
SRCC_test:  0.775912043978011
KRCC_test:  0.5874062968515742
PLCC_test:  0.7845972397351066
RMSE_test:  10.585424430976552
======================================================
 -- 0.08187317848205566 seconds elapsed...


18 th repeated holdout test
460
116
======================================================
params:  {'gamma': 0.125, 'C': 128.0}
SRCC_train:  0.842880355198534
KRCC_train:  0.6710366156967168
PLCC_train:  0.8498102607751921
RMSE_train:  8.969497968857718
======================================================
SRCC_test:  0.7635028639526391
KRCC_test:  0.5808095952023987
PLCC_test:  0.7694301624720035
RMSE_test:  10.90512116617288
======================================================
 -- 0.10656309127807617 seconds elapsed...


19 th repeated holdout test
460
116
======================================================
params:  {'gamma': 0.125, 'C': 64.0}
SRCC_train:  0.8116514937396405
KRCC_train:  0.6310061144624833
PLCC_train:  0.8230046138095483
RMSE_train:  9.666277727426499
======================================================
SRCC_test:  0.7741975166263022
KRCC_test:  0.5904047976011993
PLCC_test:  0.7797417714453709
RMSE_test:  10.689492905286418
======================================================
 -- 0.10149192810058594 seconds elapsed...


20 th repeated holdout test
460
116
======================================================
params:  {'gamma': 0.0078125, 'C': 512.0}
SRCC_train:  0.7637156201234092
KRCC_train:  0.5750429811705168
PLCC_train:  0.7713191647283968
RMSE_train:  10.830480075327783
======================================================
SRCC_test:  0.7784876792373043
KRCC_test:  0.5898050974512743
PLCC_test:  0.7926383156585763
RMSE_test:  10.4093384347268
======================================================
 -- 0.08623600006103516 seconds elapsed...


21 th repeated holdout test
460
116
======================================================
params:  {'gamma': 0.0625, 'C': 512.0}
SRCC_train:  0.8560018115480275
KRCC_train:  0.6868366336945164
PLCC_train:  0.85967360390573
RMSE_train:  8.693055684385602
======================================================
SRCC_test:  0.759320339830085
KRCC_test:  0.5772113943028486
PLCC_test:  0.7560924645960772
RMSE_test:  11.173747010620628
======================================================
 -- 0.11156201362609863 seconds elapsed...


Median holdout test index: 11
Median SRCC: 0.7758659131972475
Median KRCC: 0.5916041979010495
Median PLCC: 0.782578640975758
Median RMSE: 10.628891841909537
Median y_test length: 116
Median y_test_pred length: 116
Saved median_results.csv successfully verified.
======================================================
Average training results among all repeated 80-20 holdouts:
SRCC Train: 0.8116514937396405 (std: 0.033135656850491725)
KRCC Train: 0.6310061144624833 (std: 0.03976159052469035)
PLCC Train: 0.8230046138095483 (std: 0.031094631136812823)
RMSE Train: 9.666277727426499 (std: 0.7465251793382398)
======================================================
Average testing results among all repeated 80-20 holdouts:
SRCC Test: 0.7725214315918963 (std: 0.009341576810934522)
KRCC Test: 0.5874062968515742 (std: 0.007973302541001688)
PLCC Test: 0.7752379183296358 (std: 0.021113392222642642)
RMSE Test: 10.784557770480083 (std: 0.40822864059832803)



Overall 3.236616849899292 secs lapsed..
