Namespace(color_only=False, dataset_name='LIVE_VQC', feature_file='../feature_files/LIVE_VQC/LIVE_VQC_VBLIINDS_feats.mat', log_short=False, max_thread_count=10, model_name='VBLIINDS', mos_file='../csv_files/LIVE_VQC_metadata.csv', num_iterations=22, out_file='result/LIVE_VQC_VBLIINDS_SVR_corr.mat', use_parallel=False)
585
585
[0, 1, 2, 3, 4, 5, 8, 12, 14, 15, 16, 17, 18, 19, 20, 21, 22, 23, 24, 25, 26, 27, 28, 29, 30, 31, 32, 33, 34, 36, 37, 38, 39, 40, 42, 43, 44, 46, 47, 48, 49, 50, 51, 52, 53, 54, 55, 57, 58, 59, 60, 61, 62, 63, 64, 65, 68, 69, 71, 72, 74, 75, 76, 77, 81, 82, 83, 84, 85, 86, 87, 88, 90, 91, 92, 93, 94, 95, 96, 97, 98, 99, 100, 101, 102, 103, 105, 106, 107, 108, 109, 110, 112, 113, 114, 115, 116, 117, 118, 119, 120, 121, 122, 123, 124, 125, 127, 128, 129, 130, 131, 132, 133, 134, 136, 137, 138, 139, 140, 141, 142, 143, 144, 146, 147, 148, 149, 150, 151, 152, 153, 155, 156, 157, 160, 162, 165, 166, 167, 168, 169, 171, 173, 175, 177, 178, 180, 181, 182, 183, 184, 185, 186, 187, 188, 189, 190, 193, 194, 195, 196, 197, 198, 200, 201, 203, 204, 205, 206, 207, 208, 209, 210, 211, 212, 214, 215, 217, 218, 219, 220, 221, 223, 225, 226, 227, 228, 229, 230, 232, 233, 234, 238, 242, 243, 244, 245, 246, 247, 249, 250, 251, 252, 253, 255, 256, 257, 258, 259, 261, 262, 263, 264, 266, 267, 268, 269, 270, 271, 272, 273, 275, 276, 277, 278, 279, 282, 283, 284, 285, 286, 287, 288, 289, 290, 291, 293, 294, 295, 296, 297, 298, 299, 301, 302, 303, 304, 305, 306, 307, 308, 310, 312, 314, 315, 316, 317, 318, 319, 321, 322, 324, 325, 326, 327, 328, 329, 330, 331, 332, 334, 335, 338, 339, 340, 341, 342, 343, 344, 345, 346, 347, 348, 350, 351, 352, 353, 355, 356, 359, 360, 361, 363, 364, 366, 367, 368, 369, 370, 374, 375, 377, 378, 379, 380, 383, 384, 386, 387, 389, 390, 391, 392, 394, 396, 397, 398, 399, 402, 404, 406, 407, 408, 409, 412, 414, 415, 417, 418, 419, 421, 422, 423, 424, 426, 427, 428, 429, 430, 431, 432, 433, 434, 435, 436, 437, 438, 439, 440, 441, 442, 443, 444, 445, 446, 448, 449, 450, 452, 453, 454, 455, 456, 457, 458, 459, 460, 461, 462, 463, 464, 465, 466, 468, 469, 470, 471, 472, 474, 475, 476, 477, 478, 479, 482, 484, 485, 487, 488, 489, 490, 492, 493, 494, 495, 496, 497, 498, 501, 502, 503, 504, 505, 509, 510, 511, 512, 513, 516, 517, 518, 519, 521, 524, 526, 529, 530, 531, 532, 533, 534, 535, 536, 537, 539, 540, 541, 542, 543, 544, 548, 549, 550, 551, 552, 553, 555, 557, 559, 560, 561, 562, 563, 564, 566, 567, 568, 569, 570, 571, 572, 573, 575, 577, 578, 579, 581, 582, 583, 584]
[6, 7, 9, 10, 13, 41, 56, 66, 67, 70, 73, 78, 80, 89, 104, 111, 126, 135, 145, 154, 158, 159, 161, 164, 170, 172, 174, 176, 179, 191, 192, 199, 202, 213, 216, 222, 231, 235, 236, 237, 239, 240, 241, 254, 260, 265, 274, 280, 281, 292, 300, 309, 311, 313, 320, 323, 333, 336, 337, 349, 354, 358, 362, 365, 371, 373, 376, 381, 382, 385, 388, 393, 395, 400, 401, 403, 405, 410, 411, 413, 416, 420, 425, 447, 451, 467, 473, 480, 481, 483, 486, 491, 499, 500, 506, 507, 508, 514, 515, 520, 522, 523, 525, 527, 528, 538, 545, 546, 547, 554, 556, 558, 565, 574, 576, 580]
1 th repeated holdout test
460
116
======================================================
params:  {'gamma': 0.03125, 'C': 512.0}
SRCC_train:  0.7232864395662607
KRCC_train:  0.5311856170639148
PLCC_train:  0.7388436713847576
RMSE_train:  11.467399927855713
======================================================
SRCC_test:  0.6870334063737362
KRCC_test:  0.497151424287856
PLCC_test:  0.6867548991442446
RMSE_test:  12.410253972374065
======================================================
 -- 1.0594840049743652 seconds elapsed...


2 th repeated holdout test
460
116
======================================================
params:  {'gamma': 0.0625, 'C': 1024.0}
SRCC_train:  0.7482640795416791
KRCC_train:  0.557689484184924
PLCC_train:  0.7626322618247354
RMSE_train:  11.007181183853305
======================================================
SRCC_test:  0.6967362472609849
KRCC_test:  0.5082458770614692
PLCC_test:  0.697622609577263
RMSE_test:  12.232289986450596
======================================================
 -- 0.08952784538269043 seconds elapsed...


3 th repeated holdout test
460
116
======================================================
params:  {'gamma': 0.0625, 'C': 1024.0}
SRCC_train:  0.7482640795416791
KRCC_train:  0.557689484184924
PLCC_train:  0.7626322618247354
RMSE_train:  11.007181183853305
======================================================
SRCC_test:  0.6967362472609849
KRCC_test:  0.5082458770614692
PLCC_test:  0.697622609577263
RMSE_test:  12.232289986450596
======================================================
 -- 0.08902907371520996 seconds elapsed...


4 th repeated holdout test
460
116
======================================================
params:  {'gamma': 0.25, 'C': 256.0}
SRCC_train:  0.7742876684391236
KRCC_train:  0.5884559460895122
PLCC_train:  0.7904244017891799
RMSE_train:  10.423960656436508
======================================================
SRCC_test:  0.6927920655057087
KRCC_test:  0.5028485757121439
PLCC_test:  0.6831845542507644
RMSE_test:  12.467563172063583
======================================================
 -- 0.08922290802001953 seconds elapsed...


5 th repeated holdout test
460
116
======================================================
params:  {'gamma': 0.125, 'C': 512.0}
SRCC_train:  0.7613519407613689
KRCC_train:  0.5725422588974839
PLCC_train:  0.7757967853167329
RMSE_train:  10.737469975738835
======================================================
SRCC_test:  0.6925306577480491
KRCC_test:  0.5046476761619191
PLCC_test:  0.6871958871452475
RMSE_test:  12.40313631769159
======================================================
 -- 0.08800792694091797 seconds elapsed...


6 th repeated holdout test
460
116
======================================================
params:  {'gamma': 0.015625, 'C': 1024.0}
SRCC_train:  0.7183224355149962
KRCC_train:  0.526809353086107
PLCC_train:  0.7337234225328416
RMSE_train:  11.562208679314297
======================================================
SRCC_test:  0.6836966132318457
KRCC_test:  0.4914542728635682
PLCC_test:  0.6794494514596467
RMSE_test:  12.526918910196137
======================================================
 -- 0.08262515068054199 seconds elapsed...


7 th repeated holdout test
460
116
======================================================
params:  {'gamma': 0.125, 'C': 512.0}
SRCC_train:  0.7613519407613689
KRCC_train:  0.5725422588974839
PLCC_train:  0.7757967853167329
RMSE_train:  10.737469975738835
======================================================
SRCC_test:  0.6925306577480491
KRCC_test:  0.5046476761619191
PLCC_test:  0.6871958871452475
RMSE_test:  12.40313631769159
======================================================
 -- 0.0906219482421875 seconds elapsed...


8 th repeated holdout test
460
116
======================================================
params:  {'gamma': 0.25, 'C': 64.0}
SRCC_train:  0.7383368111484302
KRCC_train:  0.5484633345866885
PLCC_train:  0.7562140002018238
RMSE_train:  11.134674134948927
======================================================
SRCC_test:  0.695444585399608
KRCC_test:  0.5115442278860569
PLCC_test:  0.6878239047396053
RMSE_test:  12.392985007965086
======================================================
 -- 0.09680485725402832 seconds elapsed...


9 th repeated holdout test
460
116
======================================================
params:  {'gamma': 0.015625, 'C': 1024.0}
SRCC_train:  0.7183224355149962
KRCC_train:  0.526809353086107
PLCC_train:  0.7337234225328416
RMSE_train:  11.562208679314297
======================================================
SRCC_test:  0.6836966132318457
KRCC_test:  0.4914542728635682
PLCC_test:  0.6794494514596467
RMSE_test:  12.526918910196137
======================================================
 -- 0.09252619743347168 seconds elapsed...


10 th repeated holdout test
460
116
======================================================
params:  {'gamma': 0.0625, 'C': 512.0}
SRCC_train:  0.7371978437844344
KRCC_train:  0.5460762815078842
PLCC_train:  0.7509042056777762
RMSE_train:  11.238252939729525
======================================================
SRCC_test:  0.6976742398031753
KRCC_test:  0.5073463268365817
PLCC_test:  0.6987597303765998
RMSE_test:  12.21335632976414
======================================================
 -- 0.08379387855529785 seconds elapsed...


11 th repeated holdout test
460
116
======================================================
params:  {'gamma': 0.125, 'C': 512.0}
SRCC_train:  0.7613519407613689
KRCC_train:  0.5725422588974839
PLCC_train:  0.7757967853167329
RMSE_train:  10.737469975738835
======================================================
SRCC_test:  0.6925306577480491
KRCC_test:  0.5046476761619191
PLCC_test:  0.6871958871452475
RMSE_test:  12.40313631769159
======================================================
 -- 0.08600211143493652 seconds elapsed...


12 th repeated holdout test
460
116
======================================================
params:  {'gamma': 0.25, 'C': 16.0}
SRCC_train:  0.7099522551563058
KRCC_train:  0.5193261311327126
PLCC_train:  0.7295165599711885
RMSE_train:  11.639038779648232
======================================================
SRCC_test:  0.6641986698958213
KRCC_test:  0.47496251874062967
PLCC_test:  0.6514344343198086
RMSE_test:  12.953449735684655
======================================================
 -- 0.09617781639099121 seconds elapsed...


13 th repeated holdout test
460
116
======================================================
params:  {'gamma': 0.0078125, 'C': 1024.0}
SRCC_train:  0.7088460815703933
KRCC_train:  0.5172800856365947
PLCC_train:  0.7233266344147059
RMSE_train:  11.750379379126752
======================================================
SRCC_test:  0.6664206358359283
KRCC_test:  0.47826086956521735
PLCC_test:  0.6618947549291567
RMSE_test:  12.797945256438942
======================================================
 -- 0.07941007614135742 seconds elapsed...


14 th repeated holdout test
460
116
======================================================
params:  {'gamma': 0.125, 'C': 128.0}
SRCC_train:  0.731800308452606
KRCC_train:  0.5410937818275229
PLCC_train:  0.7486575883932809
RMSE_train:  11.281573816894683
======================================================
SRCC_test:  0.6932379963864223
KRCC_test:  0.5070464767616192
PLCC_test:  0.6908687346479537
RMSE_test:  12.343517815260402
======================================================
 -- 0.08526372909545898 seconds elapsed...


15 th repeated holdout test
460
116
======================================================
params:  {'gamma': 0.0625, 'C': 128.0}
SRCC_train:  0.7179230541461957
KRCC_train:  0.5263546763091919
PLCC_train:  0.7348655725086766
RMSE_train:  11.54118462561995
======================================================
SRCC_test:  0.679121977472802
KRCC_test:  0.489655172413793
PLCC_test:  0.673676597264259
RMSE_test:  12.617473978042673
======================================================
 -- 0.08206987380981445 seconds elapsed...


16 th repeated holdout test
460
116
======================================================
params:  {'gamma': 0.015625, 'C': 512.0}
SRCC_train:  0.7114378379604567
KRCC_train:  0.519951311700971
PLCC_train:  0.7268209748596424
RMSE_train:  11.687772379946605
======================================================
SRCC_test:  0.6686349133125745
KRCC_test:  0.47946026986506746
PLCC_test:  0.6641207367179974
RMSE_test:  12.764286620949829
======================================================
 -- 0.08413910865783691 seconds elapsed...


17 th repeated holdout test
460
116
======================================================
params:  {'gamma': 0.125, 'C': 256.0}
SRCC_train:  0.7446905440096359
KRCC_train:  0.5541278494324224
PLCC_train:  0.7588928256583621
RMSE_train:  11.081770899691875
======================================================
SRCC_test:  0.696151924037981
KRCC_test:  0.5097451274362819
PLCC_test:  0.6917853460693452
RMSE_test:  12.328544484363846
======================================================
 -- 0.08057785034179688 seconds elapsed...


18 th repeated holdout test
460
116
======================================================
params:  {'gamma': 0.125, 'C': 256.0}
SRCC_train:  0.7446905440096359
KRCC_train:  0.5541278494324224
PLCC_train:  0.7588928256583621
RMSE_train:  11.081770899691875
======================================================
SRCC_test:  0.696151924037981
KRCC_test:  0.5097451274362819
PLCC_test:  0.6917853460693452
RMSE_test:  12.328544484363846
======================================================
 -- 0.09795379638671875 seconds elapsed...


19 th repeated holdout test
460
116
======================================================
params:  {'gamma': 0.0625, 'C': 128.0}
SRCC_train:  0.7179230541461957
KRCC_train:  0.5263546763091919
PLCC_train:  0.7348655725086766
RMSE_train:  11.54118462561995
======================================================
SRCC_test:  0.679121977472802
KRCC_test:  0.489655172413793
PLCC_test:  0.673676597264259
RMSE_test:  12.617473978042673
======================================================
 -- 0.09203505516052246 seconds elapsed...


20 th repeated holdout test
460
116
======================================================
params:  {'gamma': 0.0625, 'C': 1024.0}
SRCC_train:  0.7482640795416791
KRCC_train:  0.557689484184924
PLCC_train:  0.7626322618247354
RMSE_train:  11.007181183853305
======================================================
SRCC_test:  0.6967362472609849
KRCC_test:  0.5082458770614692
PLCC_test:  0.697622609577263
RMSE_test:  12.232289986450596
======================================================
 -- 0.08733487129211426 seconds elapsed...


21 th repeated holdout test
460
116
======================================================
params:  {'gamma': 0.125, 'C': 64.0}
SRCC_train:  0.721990345622689
KRCC_train:  0.5307119954212949
PLCC_train:  0.7389426431071373
RMSE_train:  11.46555307790735
======================================================
SRCC_test:  0.6840195286971898
KRCC_test:  0.4947526236881559
PLCC_test:  0.6784595625207921
RMSE_test:  12.542548123290022
======================================================
 -- 0.08367609977722168 seconds elapsed...


Median holdout test index: 11
Median SRCC: 0.6925306577480491
Median KRCC: 0.5046476761619191
Median PLCC: 0.6871958871452475
Median RMSE: 12.40313631769159
Median y_test length: 116
Median y_test_pred length: 116
Saved median_results.csv successfully verified.
======================================================
Average training results among all repeated 80-20 holdouts:
SRCC Train: 0.7371978437844344 (std: 0.019115347044769207)
KRCC Train: 0.5460762815078842 (std: 0.020294194930926244)
PLCC Train: 0.7509042056777762 (std: 0.018496412294205376)
RMSE Train: 11.238252939729525 (std: 0.36221336548520877)
======================================================
Average testing results among all repeated 80-20 holdouts:
SRCC Test: 0.6925306577480491 (std: 0.010313415149521941)
KRCC Test: 0.5046476761619191 (std: 0.01110133265631718)
PLCC Test: 0.6871958871452475 (std: 0.012369811276996759)
RMSE Test: 12.40313631769159 (std: 0.19476574177912404)



Overall 2.8301339149475098 secs lapsed..
