Namespace(color_only=False, dataset_name='LIVE_VQC', feature_file='../feature_files/LIVE_VQC/LIVE_VQC_RAPIQUE_feats.mat', log_short=False, max_thread_count=10, model_name='RAPIQUE', mos_file='../csv_files/LIVE_VQC_metadata.csv', num_iterations=22, out_file='result/LIVE_VQC_RAPIQUE_SVR_corr.mat', use_parallel=False)
585
585
[0, 1, 2, 3, 4, 5, 8, 12, 14, 15, 16, 17, 18, 19, 20, 21, 22, 23, 24, 25, 26, 27, 28, 29, 30, 31, 32, 33, 34, 36, 37, 38, 39, 40, 42, 43, 44, 46, 47, 48, 49, 50, 51, 52, 53, 54, 55, 57, 58, 59, 60, 61, 62, 63, 64, 65, 68, 69, 71, 72, 74, 75, 76, 77, 81, 82, 83, 84, 85, 86, 87, 88, 90, 91, 92, 93, 94, 95, 96, 97, 98, 99, 100, 101, 102, 103, 105, 106, 107, 108, 109, 110, 112, 113, 114, 115, 116, 117, 118, 119, 120, 121, 122, 123, 124, 125, 127, 128, 129, 130, 131, 132, 133, 134, 136, 137, 138, 139, 140, 141, 142, 143, 144, 146, 147, 148, 149, 150, 151, 152, 153, 155, 156, 157, 160, 162, 165, 166, 167, 168, 169, 171, 173, 175, 177, 178, 180, 181, 182, 183, 184, 185, 186, 187, 188, 189, 190, 193, 194, 195, 196, 197, 198, 200, 201, 203, 204, 205, 206, 207, 208, 209, 210, 211, 212, 214, 215, 217, 218, 219, 220, 221, 223, 225, 226, 227, 228, 229, 230, 232, 233, 234, 238, 242, 243, 244, 245, 246, 247, 249, 250, 251, 252, 253, 255, 256, 257, 258, 259, 261, 262, 263, 264, 266, 267, 268, 269, 270, 271, 272, 273, 275, 276, 277, 278, 279, 282, 283, 284, 285, 286, 287, 288, 289, 290, 291, 293, 294, 295, 296, 297, 298, 299, 301, 302, 303, 304, 305, 306, 307, 308, 310, 312, 314, 315, 316, 317, 318, 319, 321, 322, 324, 325, 326, 327, 328, 329, 330, 331, 332, 334, 335, 338, 339, 340, 341, 342, 343, 344, 345, 346, 347, 348, 350, 351, 352, 353, 355, 356, 359, 360, 361, 363, 364, 366, 367, 368, 369, 370, 374, 375, 377, 378, 379, 380, 383, 384, 386, 387, 389, 390, 391, 392, 394, 396, 397, 398, 399, 402, 404, 406, 407, 408, 409, 412, 414, 415, 417, 418, 419, 421, 422, 423, 424, 426, 427, 428, 429, 430, 431, 432, 433, 434, 435, 436, 437, 438, 439, 440, 441, 442, 443, 444, 445, 446, 448, 449, 450, 452, 453, 454, 455, 456, 457, 458, 459, 460, 461, 462, 463, 464, 465, 466, 468, 469, 470, 471, 472, 474, 475, 476, 477, 478, 479, 482, 484, 485, 487, 488, 489, 490, 492, 493, 494, 495, 496, 497, 498, 501, 502, 503, 504, 505, 509, 510, 511, 512, 513, 516, 517, 518, 519, 521, 524, 526, 529, 530, 531, 532, 533, 534, 535, 536, 537, 539, 540, 541, 542, 543, 544, 548, 549, 550, 551, 552, 553, 555, 557, 559, 560, 561, 562, 563, 564, 566, 567, 568, 569, 570, 571, 572, 573, 575, 577, 578, 579, 581, 582, 583, 584]
[6, 7, 9, 10, 13, 41, 56, 66, 67, 70, 73, 78, 80, 89, 104, 111, 126, 135, 145, 154, 158, 159, 161, 164, 170, 172, 174, 176, 179, 191, 192, 199, 202, 213, 216, 222, 231, 235, 236, 237, 239, 240, 241, 254, 260, 265, 274, 280, 281, 292, 300, 309, 311, 313, 320, 323, 333, 336, 337, 349, 354, 358, 362, 365, 371, 373, 376, 381, 382, 385, 388, 393, 395, 400, 401, 403, 405, 410, 411, 413, 416, 420, 425, 447, 451, 467, 473, 480, 481, 483, 486, 491, 499, 500, 506, 507, 508, 514, 515, 520, 522, 523, 525, 527, 528, 538, 545, 546, 547, 554, 556, 558, 565, 574, 576, 580]
1 th repeated holdout test
460
116
======================================================
params:  {'gamma': 0.0078125, 'C': 16.0}
SRCC_train:  0.9284523287727898
KRCC_train:  0.8042948010642499
PLCC_train:  0.9325540818051146
RMSE_train:  6.143672775065071
======================================================
SRCC_test:  0.7393918425402684
KRCC_test:  0.550824587706147
PLCC_test:  0.7592208739350246
RMSE_test:  11.111741694139758
======================================================
 -- 3.4377939701080322 seconds elapsed...


2 th repeated holdout test
460
116
======================================================
params:  {'gamma': 0.015625, 'C': 64.0}
SRCC_train:  0.9999692712436574
KRCC_train:  0.9973998171932327
PLCC_train:  0.9999894102517264
RMSE_train:  0.07831430145129782
======================================================
SRCC_test:  0.7054549648252797
KRCC_test:  0.5136431784107945
PLCC_test:  0.7288554705956565
RMSE_test:  11.68940223438601
======================================================
 -- 2.4871370792388916 seconds elapsed...


3 th repeated holdout test
460
116
======================================================
params:  {'gamma': 0.015625, 'C': 512.0}
SRCC_train:  0.9999692712436574
KRCC_train:  0.9973998171932327
PLCC_train:  0.9999894102517264
RMSE_train:  0.07831430145129782
======================================================
SRCC_test:  0.7054549648252797
KRCC_test:  0.5136431784107945
PLCC_test:  0.7288554705956565
RMSE_test:  11.68940223438601
======================================================
 -- 2.4836528301239014 seconds elapsed...


4 th repeated holdout test
460
116
======================================================
params:  {'gamma': 0.0078125, 'C': 256.0}
SRCC_train:  0.9999638467089368
KRCC_train:  0.9970209198791368
PLCC_train:  0.9999879051763856
RMSE_train:  0.08369468252915785
======================================================
SRCC_test:  0.7327874524276323
KRCC_test:  0.5418290854572714
PLCC_test:  0.7520060585603632
RMSE_test:  11.253843537365185
======================================================
 -- 2.4703221321105957 seconds elapsed...


5 th repeated holdout test
460
116
======================================================
params:  {'gamma': 0.0078125, 'C': 16.0}
SRCC_train:  0.9284523287727898
KRCC_train:  0.8042948010642499
PLCC_train:  0.9325540818051146
RMSE_train:  6.143672775065071
======================================================
SRCC_test:  0.7393918425402684
KRCC_test:  0.550824587706147
PLCC_test:  0.7592208739350246
RMSE_test:  11.111741694139758
======================================================
 -- 2.4886999130249023 seconds elapsed...


6 th repeated holdout test
460
116
======================================================
params:  {'gamma': 0.0078125, 'C': 1024.0}
SRCC_train:  0.9999638467089368
KRCC_train:  0.9970209198791368
PLCC_train:  0.9999879051763856
RMSE_train:  0.08369468252915785
======================================================
SRCC_test:  0.7327874524276323
KRCC_test:  0.5418290854572714
PLCC_test:  0.7520060585603632
RMSE_test:  11.253843537365185
======================================================
 -- 2.496244192123413 seconds elapsed...


7 th repeated holdout test
460
116
======================================================
params:  {'gamma': 0.0078125, 'C': 128.0}
SRCC_train:  0.9999559564766161
KRCC_train:  0.9968314712220888
PLCC_train:  0.9999716735314526
RMSE_train:  0.12808331274159737
======================================================
SRCC_test:  0.7316649367623881
KRCC_test:  0.5403298350824587
PLCC_test:  0.7514643656188283
RMSE_test:  11.264385922946625
======================================================
 -- 2.472255229949951 seconds elapsed...


8 th repeated holdout test
460
116
======================================================
params:  {'gamma': 0.015625, 'C': 1024.0}
SRCC_train:  0.9999692712436574
KRCC_train:  0.9973998171932327
PLCC_train:  0.9999894102517264
RMSE_train:  0.07831430145129782
======================================================
SRCC_test:  0.7054549648252797
KRCC_test:  0.5136431784107945
PLCC_test:  0.7288554705956565
RMSE_test:  11.68940223438601
======================================================
 -- 2.5028088092803955 seconds elapsed...


9 th repeated holdout test
460
116
======================================================
params:  {'gamma': 0.0078125, 'C': 512.0}
SRCC_train:  0.9999638467089368
KRCC_train:  0.9970209198791368
PLCC_train:  0.9999879051763856
RMSE_train:  0.08369468252915785
======================================================
SRCC_test:  0.7327874524276323
KRCC_test:  0.5418290854572714
PLCC_test:  0.7520060585603632
RMSE_test:  11.253843537365185
======================================================
 -- 2.506031036376953 seconds elapsed...


10 th repeated holdout test
460
116
======================================================
params:  {'gamma': 0.0078125, 'C': 1024.0}
SRCC_train:  0.9999638467089368
KRCC_train:  0.9970209198791368
PLCC_train:  0.9999879051763856
RMSE_train:  0.08369468252915785
======================================================
SRCC_test:  0.7327874524276323
KRCC_test:  0.5418290854572714
PLCC_test:  0.7520060585603632
RMSE_test:  11.253843537365185
======================================================
 -- 2.6917428970336914 seconds elapsed...


11 th repeated holdout test
460
116
======================================================
params:  {'gamma': 0.0078125, 'C': 64.0}
SRCC_train:  0.9972646475459427
KRCC_train:  0.982433373286444
PLCC_train:  0.9969249826758243
RMSE_train:  1.3334878734872546
======================================================
SRCC_test:  0.736777764963672
KRCC_test:  0.5460269865067465
PLCC_test:  0.7530996899462092
RMSE_test:  11.232506009872479
======================================================
 -- 2.6512739658355713 seconds elapsed...


12 th repeated holdout test
460
116
======================================================
params:  {'gamma': 0.00390625, 'C': 128.0}
SRCC_train:  0.995221940369015
KRCC_train:  0.9734156172109613
PLCC_train:  0.9953058656964553
RMSE_train:  1.6468987776401254
======================================================
SRCC_test:  0.7466343751201323
KRCC_test:  0.5553223388305847
PLCC_test:  0.7634375841156005
RMSE_test:  11.027205183717529
======================================================
 -- 2.756190776824951 seconds elapsed...


13 th repeated holdout test
460
116
======================================================
params:  {'gamma': 0.0078125, 'C': 256.0}
SRCC_train:  0.9999638467089368
KRCC_train:  0.9970209198791368
PLCC_train:  0.9999879051763856
RMSE_train:  0.08369468252915785
======================================================
SRCC_test:  0.7327874524276323
KRCC_test:  0.5418290854572714
PLCC_test:  0.7520060585603632
RMSE_test:  11.253843537365185
======================================================
 -- 2.6352319717407227 seconds elapsed...


14 th repeated holdout test
460
116
======================================================
params:  {'gamma': 0.0078125, 'C': 4.0}
SRCC_train:  0.8234280969755172
KRCC_train:  0.6379020455790291
PLCC_train:  0.825905722283686
RMSE_train:  9.594356147803806
======================================================
SRCC_test:  0.7252373813093453
KRCC_test:  0.5322338830584707
PLCC_test:  0.7368476792842751
RMSE_test:  11.542423478573301
======================================================
 -- 2.559174060821533 seconds elapsed...


15 th repeated holdout test
460
116
======================================================
params:  {'gamma': 0.015625, 'C': 32.0}
SRCC_train:  0.9971478967645706
KRCC_train:  0.9824144284207392
PLCC_train:  0.9963343418108104
RMSE_train:  1.4557172687863322
======================================================
SRCC_test:  0.7072848191288972
KRCC_test:  0.5157421289355323
PLCC_test:  0.7304119485956055
RMSE_test:  11.661048669370807
======================================================
 -- 2.570701837539673 seconds elapsed...


16 th repeated holdout test
460
116
======================================================
params:  {'gamma': 0.00390625, 'C': 32.0}
SRCC_train:  0.9270726476805697
KRCC_train:  0.8020971966424937
PLCC_train:  0.9312263161335588
RMSE_train:  6.20171981767235
======================================================
SRCC_test:  0.7465805558759082
KRCC_test:  0.5562218890554722
PLCC_test:  0.7684424713933637
RMSE_test:  10.925402775446798
======================================================
 -- 2.5671658515930176 seconds elapsed...


17 th repeated holdout test
460
116
======================================================
params:  {'gamma': 0.0078125, 'C': 64.0}
SRCC_train:  0.9972646475459427
KRCC_train:  0.982433373286444
PLCC_train:  0.9969249826758243
RMSE_train:  1.3334878734872546
======================================================
SRCC_test:  0.736777764963672
KRCC_test:  0.5460269865067465
PLCC_test:  0.7530996899462092
RMSE_test:  11.232506009872479
======================================================
 -- 2.5298898220062256 seconds elapsed...


18 th repeated holdout test
460
116
======================================================
params:  {'gamma': 0.0078125, 'C': 256.0}
SRCC_train:  0.9999638467089368
KRCC_train:  0.9970209198791368
PLCC_train:  0.9999879051763856
RMSE_train:  0.08369468252915785
======================================================
SRCC_test:  0.7327874524276323
KRCC_test:  0.5418290854572714
PLCC_test:  0.7520060585603632
RMSE_test:  11.253843537365185
======================================================
 -- 2.5149118900299072 seconds elapsed...


19 th repeated holdout test
460
116
======================================================
params:  {'gamma': 0.00390625, 'C': 1024.0}
SRCC_train:  0.9999580523195762
KRCC_train:  0.996623077699336
PLCC_train:  0.9999860706024962
RMSE_train:  0.08981814130674463
======================================================
SRCC_test:  0.741982854726483
KRCC_test:  0.5496251874062968
PLCC_test:  0.7631760402365427
RMSE_test:  11.03248111423168
======================================================
 -- 2.5049407482147217 seconds elapsed...


20 th repeated holdout test
460
116
======================================================
params:  {'gamma': 0.00390625, 'C': 512.0}
SRCC_train:  0.9999580523195762
KRCC_train:  0.996623077699336
PLCC_train:  0.9999860706024962
RMSE_train:  0.08981814130674463
======================================================
SRCC_test:  0.741982854726483
KRCC_test:  0.5496251874062968
PLCC_test:  0.7631760402365427
RMSE_test:  11.03248111423168
======================================================
 -- 2.5149118900299072 seconds elapsed...


21 th repeated holdout test
460
116
======================================================
params:  {'gamma': 0.0078125, 'C': 64.0}
SRCC_train:  0.9972646475459427
KRCC_train:  0.982433373286444
PLCC_train:  0.9969249826758243
RMSE_train:  1.3334878734872546
======================================================
SRCC_test:  0.736777764963672
KRCC_test:  0.5460269865067465
PLCC_test:  0.7530996899462092
RMSE_test:  11.232506009872479
======================================================
 -- 2.555497884750366 seconds elapsed...


Median holdout test index: 11
Median SRCC: 0.736777764963672
Median KRCC: 0.5460269865067465
Median PLCC: 0.7530996899462092
Median RMSE: 11.232506009872479
Median y_test length: 116
Median y_test_pred length: 116
Saved median_results.csv successfully verified.
======================================================
Average training results among all repeated 80-20 holdouts:
SRCC Train: 0.9999580523195762 (std: 0.04299888449689981)
KRCC Train: 0.996623077699336 (std: 0.09586377342018802)
PLCC Train: 0.9999860706024962 (std: 0.041833914538600976)
RMSE Train: 0.08981814130674463 (std: 2.7058260210348566)
======================================================
Average testing results among all repeated 80-20 holdouts:
SRCC Test: 0.7327874524276323 (std: 0.012982915028637498)
KRCC Test: 0.5418290854572714 (std: 0.01340828899066231)
PLCC Test: 0.7520060585603632 (std: 0.011933352495276663)
RMSE Test: 11.253843537365185 (std: 0.22846779587682334)



Overall 54.41478490829468 secs lapsed..
