Namespace(color_only=False, dataset_name='YOUTUBE_UGC', feature_file='../feature_files/YOUTUBE_UGC/YOUTUBE_UGC_RAPIQUE_feats.mat', log_short=False, max_thread_count=10, model_name='RAPIQUE', mos_file='../csv_files/YOUTUBE_UGC_metadata.csv', num_iterations=22, out_file='result/YOUTUBE_UGC_RAPIQUE_SVR_corr.mat', use_parallel=False)
1380
1380
                       vid   category  resolution  ...  nb_frames  bitdepth  bitrate
0     Animation_1080P-01b3  Animation        1080  ...        NaN       NaN      NaN
1     Animation_1080P-05f8  Animation        1080  ...        NaN       NaN      NaN
2     Animation_1080P-0c4f  Animation        1080  ...        NaN       NaN      NaN
3     Animation_1080P-0cdf  Animation        1080  ...        NaN       NaN      NaN
4     Animation_1080P-18f5  Animation        1080  ...        NaN       NaN      NaN
...                    ...        ...         ...  ...        ...       ...      ...
1375        Vlog_720P-5d08       Vlog         720  ...        NaN       NaN      NaN
1376        Vlog_720P-60f8       Vlog         720  ...        NaN       NaN      NaN
1377        Vlog_720P-6410       Vlog         720  ...        NaN       NaN      NaN
1378        Vlog_720P-6d56       Vlog         720  ...        NaN       NaN      NaN
1379        Vlog_720P-7b30       Vlog         720  ...        NaN       NaN      NaN

[1380 rows x 19 columns]
1 th repeated holdout test
882
221
======================================================
params:  {'gamma': 0.00390625, 'C': 512.0}
SRCC_train:  0.9895745703384847
KRCC_train:  0.9226561176584465
PLCC_train:  0.9909712415011224
RMSE_train:  0.08611394577299046
======================================================
SRCC_test:  0.7994158753249683
KRCC_test:  0.5989342506910341
PLCC_test:  0.829986198491564
RMSE_test:  0.3823297365452883
======================================================
 -- 9.200809001922607 seconds elapsed...


2 th repeated holdout test
882
221
======================================================
params:  {'gamma': 0.00390625, 'C': 1024.0}
SRCC_train:  0.9895745703384847
KRCC_train:  0.9226561176584465
PLCC_train:  0.9909712415011224
RMSE_train:  0.08611394577299046
======================================================
SRCC_test:  0.7994158753249683
KRCC_test:  0.5989342506910341
PLCC_test:  0.829986198491564
RMSE_test:  0.3823297365452883
======================================================
 -- 7.543661117553711 seconds elapsed...


3 th repeated holdout test
882
221
======================================================
params:  {'gamma': 0.00390625, 'C': 1024.0}
SRCC_train:  0.9895745703384847
KRCC_train:  0.9226561176584465
PLCC_train:  0.9909712415011224
RMSE_train:  0.08611394577299046
======================================================
SRCC_test:  0.7994158753249683
KRCC_test:  0.5989342506910341
PLCC_test:  0.829986198491564
RMSE_test:  0.3823297365452883
======================================================
 -- 7.926774740219116 seconds elapsed...


4 th repeated holdout test
882
221
======================================================
params:  {'gamma': 0.015625, 'C': 64.0}
SRCC_train:  0.9908236503107392
KRCC_train:  0.9333918918266754
PLCC_train:  0.992579714840431
RMSE_train:  0.07809893785202102
======================================================
SRCC_test:  0.7702769033463218
KRCC_test:  0.5738329183020592
PLCC_test:  0.8042837804329246
RMSE_test:  0.40732204259105714
======================================================
 -- 7.561050891876221 seconds elapsed...


5 th repeated holdout test
882
221
======================================================
params:  {'gamma': 0.00390625, 'C': 16.0}
SRCC_train:  0.9891042349493886
KRCC_train:  0.920905439856433
PLCC_train:  0.9906230959330321
RMSE_train:  0.08775083003618948
======================================================
SRCC_test:  0.8001735475202961
KRCC_test:  0.5989342506910341
PLCC_test:  0.8307595421775524
RMSE_test:  0.3815397846015838
======================================================
 -- 7.607940196990967 seconds elapsed...


6 th repeated holdout test
882
221
======================================================
params:  {'gamma': 0.00390625, 'C': 256.0}
SRCC_train:  0.9895745703384847
KRCC_train:  0.9226561176584465
PLCC_train:  0.9909712415011224
RMSE_train:  0.08611394577299046
======================================================
SRCC_test:  0.7994158753249683
KRCC_test:  0.5989342506910341
PLCC_test:  0.829986198491564
RMSE_test:  0.3823297365452883
======================================================
 -- 7.517697095870972 seconds elapsed...


7 th repeated holdout test
882
221
======================================================
params:  {'gamma': 0.00390625, 'C': 128.0}
SRCC_train:  0.9895745703384847
KRCC_train:  0.9226561176584465
PLCC_train:  0.9909712415011224
RMSE_train:  0.08611394577299046
======================================================
SRCC_test:  0.7994158753249683
KRCC_test:  0.5989342506910341
PLCC_test:  0.829986198491564
RMSE_test:  0.3823297365452883
======================================================
 -- 7.536329984664917 seconds elapsed...


8 th repeated holdout test
882
221
======================================================
params:  {'gamma': 0.0078125, 'C': 8.0}
SRCC_train:  0.9899930844481202
KRCC_train:  0.9269040858545083
PLCC_train:  0.9915826241378669
RMSE_train:  0.08316000404903219
======================================================
SRCC_test:  0.796067775814726
KRCC_test:  0.5966298660782757
PLCC_test:  0.8277270822986793
RMSE_test:  0.38462389304522215
======================================================
 -- 7.397224187850952 seconds elapsed...


9 th repeated holdout test
882
221
======================================================
params:  {'gamma': 0.00390625, 'C': 128.0}
SRCC_train:  0.9895745703384847
KRCC_train:  0.9226561176584465
PLCC_train:  0.9909712415011224
RMSE_train:  0.08611394577299046
======================================================
SRCC_test:  0.7994158753249683
KRCC_test:  0.5989342506910341
PLCC_test:  0.829986198491564
RMSE_test:  0.3823297365452883
======================================================
 -- 7.469686031341553 seconds elapsed...


10 th repeated holdout test
882
221
======================================================
params:  {'gamma': 0.00390625, 'C': 2.0}
SRCC_train:  0.934516183623821
KRCC_train:  0.7907065019102283
PLCC_train:  0.9274761213597726
RMSE_train:  0.24013860968905854
======================================================
SRCC_test:  0.7908824740993782
KRCC_test:  0.5963829677269088
PLCC_test:  0.81174088491114
RMSE_test:  0.4003115586934715
======================================================
 -- 7.4184582233428955 seconds elapsed...


11 th repeated holdout test
882
221
======================================================
params:  {'gamma': 0.00390625, 'C': 64.0}
SRCC_train:  0.9895745703384847
KRCC_train:  0.9226561176584465
PLCC_train:  0.9909712415011224
RMSE_train:  0.08611394577299046
======================================================
SRCC_test:  0.7994158753249683
KRCC_test:  0.5989342506910341
PLCC_test:  0.829986198491564
RMSE_test:  0.3823297365452883
======================================================
 -- 7.485960960388184 seconds elapsed...


12 th repeated holdout test
882
221
======================================================
params:  {'gamma': 0.00390625, 'C': 64.0}
SRCC_train:  0.9895745703384847
KRCC_train:  0.9226561176584465
PLCC_train:  0.9909712415011224
RMSE_train:  0.08611394577299046
======================================================
SRCC_test:  0.7994158753249683
KRCC_test:  0.5989342506910341
PLCC_test:  0.829986198491564
RMSE_test:  0.3823297365452883
======================================================
 -- 7.502262115478516 seconds elapsed...


13 th repeated holdout test
882
221
======================================================
params:  {'gamma': 0.0078125, 'C': 4.0}
SRCC_train:  0.9872080535834795
KRCC_train:  0.9172753579434347
PLCC_train:  0.9881198129476858
RMSE_train:  0.09870971396007085
======================================================
SRCC_test:  0.7946480437627322
KRCC_test:  0.5950661765196182
PLCC_test:  0.8247887082638083
RMSE_test:  0.38757826957574665
======================================================
 -- 7.652674913406372 seconds elapsed...


14 th repeated holdout test
882
221
======================================================
params:  {'gamma': 0.00390625, 'C': 16.0}
SRCC_train:  0.9891042349493886
KRCC_train:  0.920905439856433
PLCC_train:  0.9906230959330321
RMSE_train:  0.08775083003618948
======================================================
SRCC_test:  0.8001735475202961
KRCC_test:  0.5989342506910341
PLCC_test:  0.8307595421775524
RMSE_test:  0.3815397846015838
======================================================
 -- 7.45299506187439 seconds elapsed...


15 th repeated holdout test
882
221
======================================================
params:  {'gamma': 0.00390625, 'C': 1024.0}
SRCC_train:  0.9895745703384847
KRCC_train:  0.9226561176584465
PLCC_train:  0.9909712415011224
RMSE_train:  0.08611394577299046
======================================================
SRCC_test:  0.7994158753249683
KRCC_test:  0.5989342506910341
PLCC_test:  0.829986198491564
RMSE_test:  0.3823297365452883
======================================================
 -- 7.881256341934204 seconds elapsed...


16 th repeated holdout test
882
221
======================================================
params:  {'gamma': 0.0078125, 'C': 256.0}
SRCC_train:  0.9900257547653772
KRCC_train:  0.9270225140587621
PLCC_train:  0.9915990831852384
RMSE_train:  0.08307900345188476
======================================================
SRCC_test:  0.796456895797653
KRCC_test:  0.5967944649791871
PLCC_test:  0.8278573897196398
RMSE_test:  0.3844921059727466
======================================================
 -- 7.526358127593994 seconds elapsed...


17 th repeated holdout test
882
221
======================================================
params:  {'gamma': 0.00390625, 'C': 4.0}
SRCC_train:  0.966896901604341
KRCC_train:  0.8592558359637689
PLCC_train:  0.9623968059358194
RMSE_train:  0.17447482026123326
======================================================
SRCC_test:  0.7964769076824892
KRCC_test:  0.5973705611323766
PLCC_test:  0.8191930379191615
RMSE_test:  0.39311448683453604
======================================================
 -- 7.468143701553345 seconds elapsed...


18 th repeated holdout test
882
221
======================================================
params:  {'gamma': 0.0078125, 'C': 2.0}
SRCC_train:  0.9732755974093892
KRCC_train:  0.8761189824390444
PLCC_train:  0.969596481392225
RMSE_train:  0.15717285101402081
======================================================
SRCC_test:  0.7899180124274091
KRCC_test:  0.5906220061950129
PLCC_test:  0.8163690794356852
RMSE_test:  0.39586493734915174
======================================================
 -- 7.3713462352752686 seconds elapsed...


19 th repeated holdout test
882
221
======================================================
params:  {'gamma': 0.0078125, 'C': 4.0}
SRCC_train:  0.9872080535834795
KRCC_train:  0.9172753579434347
PLCC_train:  0.9881198129476858
RMSE_train:  0.09870971396007085
======================================================
SRCC_test:  0.7946480437627322
KRCC_test:  0.5950661765196182
PLCC_test:  0.8247887082638083
RMSE_test:  0.38757826957574665
======================================================
 -- 8.46146297454834 seconds elapsed...


20 th repeated holdout test
882
221
======================================================
params:  {'gamma': 0.0078125, 'C': 64.0}
SRCC_train:  0.9900257547653772
KRCC_train:  0.9270225140587621
PLCC_train:  0.9915990831852384
RMSE_train:  0.08307900345188476
======================================================
SRCC_test:  0.796456895797653
KRCC_test:  0.5967944649791871
PLCC_test:  0.8278573897196398
RMSE_test:  0.3844921059727466
======================================================
 -- 7.786552906036377 seconds elapsed...


21 th repeated holdout test
882
221
======================================================
params:  {'gamma': 0.0078125, 'C': 16.0}
SRCC_train:  0.9900257547653772
KRCC_train:  0.9270225140587621
PLCC_train:  0.9915990831852384
RMSE_train:  0.08307900345188476
======================================================
SRCC_test:  0.796456895797653
KRCC_test:  0.5967944649791871
PLCC_test:  0.8278573897196398
RMSE_test:  0.3844921059727466
======================================================
 -- 8.184882879257202 seconds elapsed...


Median holdout test index: 11
Median SRCC: 0.7994158753249683
Median KRCC: 0.5989342506910341
Median PLCC: 0.829986198491564
Median RMSE: 0.3823297365452883
Median y_test length: 221
Median y_test_pred length: 221
Saved median_results.csv successfully verified.
======================================================
Average training results among all repeated 80-20 holdouts:
SRCC Train: 0.9895745703384847 (std: 0.012687043008239854)
KRCC Train: 0.9226561176584465 (std: 0.03190286736980667)
PLCC Train: 0.9909712415011224 (std: 0.01494077608789681)
RMSE Train: 0.08611394577299046 (std: 0.03907963122431854)
======================================================
Average testing results among all repeated 80-20 holdouts:
SRCC Test: 0.7994158753249683 (std: 0.006433289604507972)
KRCC Test: 0.5989342506910341 (std: 0.005426114121100249)
PLCC Test: 0.829986198491564 (std: 0.006963746077904819)
RMSE Test: 0.3823297365452883 (std: 0.006828231855221669)



Overall 162.0020682811737 secs lapsed..
