Namespace(color_only=False, dataset_name='YOUTUBE_UGC', feature_file='../feature_files/YOUTUBE_UGC/YOUTUBE_UGC_VIDEVAL_feats.mat', log_short=False, max_thread_count=10, model_name='VIDEVAL', mos_file='../csv_files/YOUTUBE_UGC_metadata.csv', num_iterations=22, out_file='result/YOUTUBE_UGC_VIDEVAL_SVR_corr.mat', use_parallel=False)
1380
1380
                       vid   category  resolution  ...  nb_frames  bitdepth  bitrate
0     Animation_1080P-01b3  Animation        1080  ...        NaN       NaN      NaN
1     Animation_1080P-05f8  Animation        1080  ...        NaN       NaN      NaN
2     Animation_1080P-0c4f  Animation        1080  ...        NaN       NaN      NaN
3     Animation_1080P-0cdf  Animation        1080  ...        NaN       NaN      NaN
4     Animation_1080P-18f5  Animation        1080  ...        NaN       NaN      NaN
...                    ...        ...         ...  ...        ...       ...      ...
1375        Vlog_720P-5d08       Vlog         720  ...        NaN       NaN      NaN
1376        Vlog_720P-60f8       Vlog         720  ...        NaN       NaN      NaN
1377        Vlog_720P-6410       Vlog         720  ...        NaN       NaN      NaN
1378        Vlog_720P-6d56       Vlog         720  ...        NaN       NaN      NaN
1379        Vlog_720P-7b30       Vlog         720  ...        NaN       NaN      NaN

[1380 rows x 19 columns]
1 th repeated holdout test
882
221
======================================================
params:  {'gamma': 0.25, 'C': 8.0}
SRCC_train:  0.8999159390817573
KRCC_train:  0.7345869802509826
PLCC_train:  0.8982941268276086
RMSE_train:  0.28221607390043224
======================================================
SRCC_test:  0.7806989871574751
KRCC_test:  0.587194501407153
PLCC_test:  0.7937432341958509
RMSE_test:  0.4169234482054195
======================================================
 -- 1.1777870655059814 seconds elapsed...


2 th repeated holdout test
882
221
======================================================
params:  {'gamma': 0.015625, 'C': 512.0}
SRCC_train:  0.8674039364457292
KRCC_train:  0.6859850750356765
PLCC_train:  0.8657927721481
RMSE_train:  0.321400563221364
======================================================
SRCC_test:  0.7823049404692228
KRCC_test:  0.5905687094741037
PLCC_test:  0.7895267312254249
RMSE_test:  0.42066816712714755
======================================================
 -- 0.37764787673950195 seconds elapsed...


3 th repeated holdout test
882
221
======================================================
params:  {'gamma': 0.03125, 'C': 128.0}
SRCC_train:  0.8681388961577674
KRCC_train:  0.6866904952088407
PLCC_train:  0.86564843522318
RMSE_train:  0.32156090777156016
======================================================
SRCC_test:  0.7831610041937267
KRCC_test:  0.5908156027472953
PLCC_test:  0.7902588607828777
RMSE_test:  0.42002177746999575
======================================================
 -- 0.4591641426086426 seconds elapsed...


4 th repeated holdout test
882
221
======================================================
params:  {'gamma': 0.015625, 'C': 32.0}
SRCC_train:  0.8068176638422899
KRCC_train:  0.6093208344645682
PLCC_train:  0.7992431445035351
RMSE_train:  0.3860175926929551
======================================================
SRCC_test:  0.7680075644989387
KRCC_test:  0.5829150180051668
PLCC_test:  0.7818501749710367
RMSE_test:  0.42735138371039694
======================================================
 -- 0.3928840160369873 seconds elapsed...


5 th repeated holdout test
882
221
======================================================
params:  {'gamma': 0.0625, 'C': 16.0}
SRCC_train:  0.8484959990780238
KRCC_train:  0.6592511951884609
PLCC_train:  0.8439693224407064
RMSE_train:  0.34451554323290906
======================================================
SRCC_test:  0.7840537563635663
KRCC_test:  0.5934491309946713
PLCC_test:  0.7980344244420876
RMSE_test:  0.41305678286963077
======================================================
 -- 0.37436580657958984 seconds elapsed...


6 th repeated holdout test
882
221
======================================================
params:  {'gamma': 0.03125, 'C': 64.0}
SRCC_train:  0.8526952804053763
KRCC_train:  0.6653064807624834
PLCC_train:  0.8497102658459974
RMSE_train:  0.3386440808458035
======================================================
SRCC_test:  0.7872556570474247
KRCC_test:  0.5978109121543882
PLCC_test:  0.7966235283617229
RMSE_test:  0.41433438563192126
======================================================
 -- 0.29284095764160156 seconds elapsed...


7 th repeated holdout test
882
221
======================================================
params:  {'gamma': 0.015625, 'C': 256.0}
SRCC_train:  0.8533648382697795
KRCC_train:  0.6664598684908688
PLCC_train:  0.8512709856237138
RMSE_train:  0.3370232208137462
======================================================
SRCC_test:  0.7883101719080634
KRCC_test:  0.5978109121543882
PLCC_test:  0.7960718769656054
RMSE_test:  0.4148322371085744
======================================================
 -- 0.4224531650543213 seconds elapsed...


8 th repeated holdout test
882
221
======================================================
params:  {'gamma': 0.0625, 'C': 16.0}
SRCC_train:  0.8484959990780238
KRCC_train:  0.6592511951884609
PLCC_train:  0.8439693224407064
RMSE_train:  0.34451554323290906
======================================================
SRCC_test:  0.7840537563635663
KRCC_test:  0.5934491309946713
PLCC_test:  0.7980344244420876
RMSE_test:  0.41305678286963077
======================================================
 -- 0.3733668327331543 seconds elapsed...


9 th repeated holdout test
882
221
======================================================
params:  {'gamma': 0.25, 'C': 2.0}
SRCC_train:  0.8453035861470738
KRCC_train:  0.6586796503766271
PLCC_train:  0.8407255740751645
RMSE_train:  0.34777192938039564
======================================================
SRCC_test:  0.7742329266097947
KRCC_test:  0.5807752763041736
PLCC_test:  0.7902412632710166
RMSE_test:  0.4200373328318121
======================================================
 -- 0.5717282295227051 seconds elapsed...


10 th repeated holdout test
882
221
======================================================
params:  {'gamma': 0.125, 'C': 16.0}
SRCC_train:  0.8812677814556873
KRCC_train:  0.705860417140887
PLCC_train:  0.8790326045428094
RMSE_train:  0.30621629700922154
======================================================
SRCC_test:  0.7800574952496327
KRCC_test:  0.5866184171030394
PLCC_test:  0.7906869850225847
RMSE_test:  0.41964305156550225
======================================================
 -- 0.25983500480651855 seconds elapsed...


11 th repeated holdout test
882
221
======================================================
params:  {'gamma': 0.0625, 'C': 32.0}
SRCC_train:  0.8668681554853401
KRCC_train:  0.6846720666841666
PLCC_train:  0.8638609166749533
RMSE_train:  0.32353788286867846
======================================================
SRCC_test:  0.7803765735469478
KRCC_test:  0.5883466700153801
PLCC_test:  0.7915196935054569
RMSE_test:  0.41890485420835244
======================================================
 -- 0.2817058563232422 seconds elapsed...


12 th repeated holdout test
882
221
======================================================
params:  {'gamma': 0.25, 'C': 4.0}
SRCC_train:  0.8741735392427524
KRCC_train:  0.6967157001515466
PLCC_train:  0.8715378010680641
RMSE_train:  0.3149299432766137
======================================================
SRCC_test:  0.7793342881680875
KRCC_test:  0.587194501407153
PLCC_test:  0.7934556780299374
RMSE_test:  0.41718053395813803
======================================================
 -- 0.2727229595184326 seconds elapsed...


13 th repeated holdout test
882
221
======================================================
params:  {'gamma': 0.125, 'C': 16.0}
SRCC_train:  0.8812677814556873
KRCC_train:  0.705860417140887
PLCC_train:  0.8790326045428094
RMSE_train:  0.30621629700922154
======================================================
SRCC_test:  0.7800574952496327
KRCC_test:  0.5866184171030394
PLCC_test:  0.7906869850225847
RMSE_test:  0.41964305156550225
======================================================
 -- 0.3486368656158447 seconds elapsed...


14 th repeated holdout test
882
221
======================================================
params:  {'gamma': 0.0078125, 'C': 512.0}
SRCC_train:  0.8396949251725105
KRCC_train:  0.6496894049580526
PLCC_train:  0.8373285517682831
RMSE_train:  0.35113656470251325
======================================================
SRCC_test:  0.7824294588291507
KRCC_test:  0.5939429175410544
PLCC_test:  0.7916101973925107
RMSE_test:  0.4188244971164381
======================================================
 -- 0.33792686462402344 seconds elapsed...


15 th repeated holdout test
882
221
======================================================
params:  {'gamma': 0.0625, 'C': 16.0}
SRCC_train:  0.8484959990780238
KRCC_train:  0.6592511951884609
PLCC_train:  0.8439693224407064
RMSE_train:  0.34451554323290906
======================================================
SRCC_test:  0.7840537563635663
KRCC_test:  0.5934491309946713
PLCC_test:  0.7980344244420876
RMSE_test:  0.41305678286963077
======================================================
 -- 0.3420851230621338 seconds elapsed...


16 th repeated holdout test
882
221
======================================================
params:  {'gamma': 0.015625, 'C': 256.0}
SRCC_train:  0.8533648382697795
KRCC_train:  0.6664598684908688
PLCC_train:  0.8512709856237138
RMSE_train:  0.3370232208137462
======================================================
SRCC_test:  0.7883101719080634
KRCC_test:  0.5978109121543882
PLCC_test:  0.7960718769656054
RMSE_test:  0.4148322371085744
======================================================
 -- 0.4369049072265625 seconds elapsed...


17 th repeated holdout test
882
221
======================================================
params:  {'gamma': 0.25, 'C': 4.0}
SRCC_train:  0.8741735392427524
KRCC_train:  0.6967157001515466
PLCC_train:  0.8715378010680641
RMSE_train:  0.3149299432766137
======================================================
SRCC_test:  0.7793342881680875
KRCC_test:  0.587194501407153
PLCC_test:  0.7934556780299374
RMSE_test:  0.41718053395813803
======================================================
 -- 0.27310824394226074 seconds elapsed...


18 th repeated holdout test
882
221
======================================================
params:  {'gamma': 0.03125, 'C': 32.0}
SRCC_train:  0.8360793809136403
KRCC_train:  0.6435465854939293
PLCC_train:  0.8307259612950926
RMSE_train:  0.3575475657462502
======================================================
SRCC_test:  0.781403294130817
KRCC_test:  0.5910624960204868
PLCC_test:  0.7928826309790744
RMSE_test:  0.4176921105293373
======================================================
 -- 0.26511192321777344 seconds elapsed...


19 th repeated holdout test
882
221
======================================================
params:  {'gamma': 0.125, 'C': 16.0}
SRCC_train:  0.8812677814556873
KRCC_train:  0.705860417140887
PLCC_train:  0.8790326045428094
RMSE_train:  0.30621629700922154
======================================================
SRCC_test:  0.7800574952496327
KRCC_test:  0.5866184171030394
PLCC_test:  0.7906869850225847
RMSE_test:  0.41964305156550225
======================================================
 -- 0.42531585693359375 seconds elapsed...


20 th repeated holdout test
882
221
======================================================
params:  {'gamma': 0.25, 'C': 2.0}
SRCC_train:  0.8453035861470738
KRCC_train:  0.6586796503766271
PLCC_train:  0.8407255740751645
RMSE_train:  0.34777192938039564
======================================================
SRCC_test:  0.7742329266097947
KRCC_test:  0.5807752763041736
PLCC_test:  0.7902412632710166
RMSE_test:  0.4200373328318121
======================================================
 -- 0.40479302406311035 seconds elapsed...


21 th repeated holdout test
882
221
======================================================
params:  {'gamma': 0.015625, 'C': 256.0}
SRCC_train:  0.8533648382697795
KRCC_train:  0.6664598684908688
PLCC_train:  0.8512709856237138
RMSE_train:  0.3370232208137462
======================================================
SRCC_test:  0.7883101719080634
KRCC_test:  0.5978109121543882
PLCC_test:  0.7960718769656054
RMSE_test:  0.4148322371085744
======================================================
 -- 0.46895527839660645 seconds elapsed...


Median holdout test index: 11
Median SRCC: 0.7803765735469478
Median KRCC: 0.5883466700153801
Median PLCC: 0.7915196935054569
Median RMSE: 0.41890485420835244
Median y_test length: 221
Median y_test_pred length: 221
Saved median_results.csv successfully verified.
======================================================
Average training results among all repeated 80-20 holdouts:
SRCC Train: 0.8533648382697795 (std: 0.019871414257844684)
KRCC Train: 0.6664598684908688 (std: 0.026930689370204527)
PLCC Train: 0.8512709856237138 (std: 0.021060719411784903)
RMSE Train: 0.3370232208137462 (std: 0.022224521972567565)
======================================================
Average testing results among all repeated 80-20 holdouts:
SRCC Test: 0.781403294130817 (std: 0.004885348899093541)
KRCC Test: 0.5905687094741037 (std: 0.005247208619088875)
PLCC Test: 0.7928826309790744 (std: 0.003762320813955674)
RMSE Test: 0.4176921105293373 (std: 0.003339084852228204)



Overall 8.572777032852173 secs lapsed..
