Namespace(color_only=False, dataset_name='YOUTUBE_UGC', feature_file='../feature_files/YOUTUBE_UGC/YOUTUBE_UGC_TLVQM_feats.mat', log_short=False, max_thread_count=10, model_name='TLVQM', mos_file='../csv_files/YOUTUBE_UGC_metadata.csv', num_iterations=22, out_file='result/YOUTUBE_UGC_TLVQM_SVR_corr.mat', use_parallel=False)
1380
1380
                       vid   category  resolution  ...  nb_frames  bitdepth  bitrate
0     Animation_1080P-01b3  Animation        1080  ...        NaN       NaN      NaN
1     Animation_1080P-05f8  Animation        1080  ...        NaN       NaN      NaN
2     Animation_1080P-0c4f  Animation        1080  ...        NaN       NaN      NaN
3     Animation_1080P-0cdf  Animation        1080  ...        NaN       NaN      NaN
4     Animation_1080P-18f5  Animation        1080  ...        NaN       NaN      NaN
...                    ...        ...         ...  ...        ...       ...      ...
1375        Vlog_720P-5d08       Vlog         720  ...        NaN       NaN      NaN
1376        Vlog_720P-60f8       Vlog         720  ...        NaN       NaN      NaN
1377        Vlog_720P-6410       Vlog         720  ...        NaN       NaN      NaN
1378        Vlog_720P-6d56       Vlog         720  ...        NaN       NaN      NaN
1379        Vlog_720P-7b30       Vlog         720  ...        NaN       NaN      NaN

[1380 rows x 19 columns]
1 th repeated holdout test
882
221
======================================================
params:  {'gamma': 0.03125, 'C': 8.0}
SRCC_train:  0.738112493845439
KRCC_train:  0.5455395228953347
PLCC_train:  0.7161924423920956
RMSE_train:  0.4482517029001235
======================================================
SRCC_test:  0.679592858323759
KRCC_test:  0.4896716584965046
PLCC_test:  0.6769187482625209
RMSE_test:  0.5045264854750834
======================================================
 -- 1.827765941619873 seconds elapsed...


2 th repeated holdout test
882
221
======================================================
params:  {'gamma': 0.0078125, 'C': 64.0}
SRCC_train:  0.725303499574172
KRCC_train:  0.5350406051356134
PLCC_train:  0.7034790549217044
RMSE_train:  0.45648137689257257
======================================================
SRCC_test:  0.6771764239014095
KRCC_test:  0.4883548943728165
PLCC_test:  0.6727161323867417
RMSE_test:  0.5071605957282003
======================================================
 -- 0.43142008781433105 seconds elapsed...


3 th repeated holdout test
882
221
======================================================
params:  {'gamma': 0.5, 'C': 2.0}
SRCC_train:  0.9337250390112541
KRCC_train:  0.7907013528578694
PLCC_train:  0.925168269624998
RMSE_train:  0.24378344999859317
======================================================
SRCC_test:  0.6801965500151947
KRCC_test:  0.4864620459450149
PLCC_test:  0.7102692887363444
RMSE_test:  0.48250475334039195
======================================================
 -- 0.35779404640197754 seconds elapsed...


4 th repeated holdout test
882
221
======================================================
params:  {'gamma': 0.015625, 'C': 8.0}
SRCC_train:  0.6895734269646803
KRCC_train:  0.5020815209865327
PLCC_train:  0.6688458545143385
RMSE_train:  0.4774745054568804
======================================================
SRCC_test:  0.6410027285713059
KRCC_test:  0.45387213388373493
PLCC_test:  0.6335113216395548
RMSE_test:  0.5303510549826547
======================================================
 -- 0.3387918472290039 seconds elapsed...


5 th repeated holdout test
882
221
======================================================
params:  {'gamma': 1.0, 'C': 4.0}
SRCC_train:  0.9880891377605504
KRCC_train:  0.9240051693764686
PLCC_train:  0.9897076786220279
RMSE_train:  0.09191328426978586
======================================================
SRCC_test:  0.6324326412721664
KRCC_test:  0.44753520653848605
PLCC_test:  0.6580433468363825
RMSE_test:  0.5161257777207403
======================================================
 -- 0.35976099967956543 seconds elapsed...


6 th repeated holdout test
882
221
======================================================
params:  {'gamma': 0.25, 'C': 2.0}
SRCC_train:  0.8569879729556782
KRCC_train:  0.6762430679727081
PLCC_train:  0.8407080086653844
RMSE_train:  0.34778944625012354
======================================================
SRCC_test:  0.6901535717251376
KRCC_test:  0.4984775185736687
PLCC_test:  0.7148161528685071
RMSE_test:  0.47933961885699283
======================================================
 -- 0.42936182022094727 seconds elapsed...


7 th repeated holdout test
882
221
======================================================
params:  {'gamma': 0.5, 'C': 4.0}
SRCC_train:  0.9655546814958169
KRCC_train:  0.8567173531508494
PLCC_train:  0.9640056428020132
RMSE_train:  0.1707715632998946
======================================================
SRCC_test:  0.6743175045928882
KRCC_test:  0.48728502352231995
PLCC_test:  0.7171778459109723
RMSE_test:  0.4776793118298736
======================================================
 -- 0.3428828716278076 seconds elapsed...


8 th repeated holdout test
882
221
======================================================
params:  {'gamma': 0.125, 'C': 2.0}
SRCC_train:  0.7870392584016753
KRCC_train:  0.5931734062671745
PLCC_train:  0.7654689362214502
RMSE_train:  0.41329219560422903
======================================================
SRCC_test:  0.6833467533442616
KRCC_test:  0.4927989732902638
PLCC_test:  0.6876033687991104
RMSE_test:  0.49769175263905147
======================================================
 -- 0.46335315704345703 seconds elapsed...


9 th repeated holdout test
882
221
======================================================
params:  {'gamma': 0.125, 'C': 4.0}
SRCC_train:  0.8267364222250814
KRCC_train:  0.6382018691454298
PLCC_train:  0.8076368287396634
RMSE_train:  0.37874205566259866
======================================================
SRCC_test:  0.6880211948113735
KRCC_test:  0.49938279390870416
PLCC_test:  0.7017955808714083
RMSE_test:  0.4882956040764781
======================================================
 -- 0.3812739849090576 seconds elapsed...


10 th repeated holdout test
882
221
======================================================
params:  {'gamma': 0.03125, 'C': 32.0}
SRCC_train:  0.7988790128566138
KRCC_train:  0.6077400753903974
PLCC_train:  0.7778611814845751
RMSE_train:  0.40363436080640025
======================================================
SRCC_test:  0.6903737023971528
KRCC_test:  0.504732148161187
PLCC_test:  0.6960140189281203
RMSE_test:  0.49216823210718413
======================================================
 -- 0.3881087303161621 seconds elapsed...


11 th repeated holdout test
882
221
======================================================
params:  {'gamma': 0.00390625, 'C': 128.0}
SRCC_train:  0.7112133409104107
KRCC_train:  0.5231668903960758
PLCC_train:  0.690647960986872
RMSE_train:  0.46449394966784924
======================================================
SRCC_test:  0.6680259921033207
KRCC_test:  0.47938443878019155
PLCC_test:  0.6639030935709902
RMSE_test:  0.5125879037985409
======================================================
 -- 0.44221997261047363 seconds elapsed...


12 th repeated holdout test
882
221
======================================================
params:  {'gamma': 0.125, 'C': 4.0}
SRCC_train:  0.8267364222250814
KRCC_train:  0.6382018691454298
PLCC_train:  0.8076368287396634
RMSE_train:  0.37874205566259866
======================================================
SRCC_test:  0.6880211948113735
KRCC_test:  0.49938279390870416
PLCC_test:  0.7017955808714083
RMSE_test:  0.4882956040764781
======================================================
 -- 0.35276317596435547 seconds elapsed...


13 th repeated holdout test
882
221
======================================================
params:  {'gamma': 0.015625, 'C': 16.0}
SRCC_train:  0.7184811485561385
KRCC_train:  0.5282335579171968
PLCC_train:  0.6975543075681814
RMSE_train:  0.4602168522457567
======================================================
SRCC_test:  0.6684290091164801
KRCC_test:  0.48004282084203553
PLCC_test:  0.6655303465590815
RMSE_test:  0.5115955007163604
======================================================
 -- 0.2934608459472656 seconds elapsed...


14 th repeated holdout test
882
221
======================================================
params:  {'gamma': 0.0078125, 'C': 64.0}
SRCC_train:  0.725303499574172
KRCC_train:  0.5350406051356134
PLCC_train:  0.7034790549217044
RMSE_train:  0.45648137689257257
======================================================
SRCC_test:  0.6771764239014095
KRCC_test:  0.4883548943728165
PLCC_test:  0.6727161323867417
RMSE_test:  0.5071605957282003
======================================================
 -- 0.2843170166015625 seconds elapsed...


15 th repeated holdout test
882
221
======================================================
params:  {'gamma': 0.0625, 'C': 8.0}
SRCC_train:  0.7962114762057481
KRCC_train:  0.6041717821057054
PLCC_train:  0.7750830874784775
RMSE_train:  0.40583301744466055
======================================================
SRCC_test:  0.6909746146609116
KRCC_test:  0.5018517266406193
PLCC_test:  0.6977930282925382
RMSE_test:  0.49098326960970173
======================================================
 -- 0.2795579433441162 seconds elapsed...


16 th repeated holdout test
882
221
======================================================
params:  {'gamma': 1.0, 'C': 8.0}
SRCC_train:  0.9899481277829656
KRCC_train:  0.9290718368975895
PLCC_train:  0.9918865580650968
RMSE_train:  0.08165106317764605
======================================================
SRCC_test:  0.6295776131623927
KRCC_test:  0.44679452671891157
PLCC_test:  0.6610538001893244
RMSE_test:  0.5143151475751611
======================================================
 -- 0.3802928924560547 seconds elapsed...


17 th repeated holdout test
882
221
======================================================
params:  {'gamma': 0.0625, 'C': 8.0}
SRCC_train:  0.7962114762057481
KRCC_train:  0.6041717821057054
PLCC_train:  0.7750830874784775
RMSE_train:  0.40583301744466055
======================================================
SRCC_test:  0.6909746146609116
KRCC_test:  0.5018517266406193
PLCC_test:  0.6977930282925382
RMSE_test:  0.49098326960970173
======================================================
 -- 0.35425472259521484 seconds elapsed...


18 th repeated holdout test
882
221
======================================================
params:  {'gamma': 0.03125, 'C': 16.0}
SRCC_train:  0.768456450154851
KRCC_train:  0.5758313979225246
PLCC_train:  0.746230993002983
RMSE_train:  0.4275600444791227
======================================================
SRCC_test:  0.6949742110880576
KRCC_test:  0.5034976817952295
PLCC_test:  0.6937651563202479
RMSE_test:  0.4936577736334374
======================================================
 -- 0.28530097007751465 seconds elapsed...


19 th repeated holdout test
882
221
======================================================
params:  {'gamma': 0.0625, 'C': 4.0}
SRCC_train:  0.7612882012783869
KRCC_train:  0.5678864101327993
PLCC_train:  0.7394936486755355
RMSE_train:  0.4323620418867604
======================================================
SRCC_test:  0.6802982770681716
KRCC_test:  0.48917787195012163
PLCC_test:  0.6808696903520829
RMSE_test:  0.5020224409726284
======================================================
 -- 0.2585439682006836 seconds elapsed...


20 th repeated holdout test
882
221
======================================================
params:  {'gamma': 0.0078125, 'C': 64.0}
SRCC_train:  0.725303499574172
KRCC_train:  0.5350406051356134
PLCC_train:  0.7034790549217044
RMSE_train:  0.45648137689257257
======================================================
SRCC_test:  0.6771764239014095
KRCC_test:  0.4883548943728165
PLCC_test:  0.6727161323867417
RMSE_test:  0.5071605957282003
======================================================
 -- 0.38100218772888184 seconds elapsed...


21 th repeated holdout test
882
221
======================================================
params:  {'gamma': 0.125, 'C': 2.0}
SRCC_train:  0.7870392584016753
KRCC_train:  0.5931734062671745
PLCC_train:  0.7654689362214502
RMSE_train:  0.41329219560422903
======================================================
SRCC_test:  0.6833467533442616
KRCC_test:  0.4927989732902638
PLCC_test:  0.6876033687991104
RMSE_test:  0.49769175263905147
======================================================
 -- 0.29041576385498047 seconds elapsed...


Median holdout test index: 11
Median SRCC: 0.6680259921033207
Median KRCC: 0.47938443878019155
Median PLCC: 0.6639030935709902
Median RMSE: 0.5125879037985409
Median y_test length: 221
Median y_test_pred length: 221
Saved median_results.csv successfully verified.
======================================================
Average training results among all repeated 80-20 holdouts:
SRCC Train: 0.7870392584016753 (std: 0.09022027539104184)
KRCC Train: 0.5931734062671745 (std: 0.127012856693324)
PLCC Train: 0.7654689362214502 (std: 0.0974895159834999)
RMSE Train: 0.41329219560422903 (std: 0.11720526584478981)
======================================================
Average testing results among all repeated 80-20 holdouts:
SRCC Test: 0.6801965500151947 (std: 0.01833819366350032)
KRCC Test: 0.48917787195012163 (std: 0.016799489695745302)
PLCC Test: 0.6876033687991104 (std: 0.020651660669388006)
RMSE Test: 0.49769175263905147 (std: 0.013155826275476698)



Overall 8.939362049102783 secs lapsed..
