Namespace(color_only=False, dataset_name='YOUTUBE_UGC', feature_file='../feature_files/YOUTUBE_UGC/YOUTUBE_UGC_BRISQUE_feats.mat', log_short=False, max_thread_count=10, model_name='BRISQUE', mos_file='../csv_files/YOUTUBE_UGC_metadata.csv', num_iterations=22, out_file='result/YOUTUBE_UGC_BRISQUE_SVR_corr.mat', use_parallel=False)
1380
1380
                       vid   category  resolution  ...  nb_frames  bitdepth  bitrate
0     Animation_1080P-01b3  Animation        1080  ...        NaN       NaN      NaN
1     Animation_1080P-05f8  Animation        1080  ...        NaN       NaN      NaN
2     Animation_1080P-0c4f  Animation        1080  ...        NaN       NaN      NaN
3     Animation_1080P-0cdf  Animation        1080  ...        NaN       NaN      NaN
4     Animation_1080P-18f5  Animation        1080  ...        NaN       NaN      NaN
...                    ...        ...         ...  ...        ...       ...      ...
1375        Vlog_720P-5d08       Vlog         720  ...        NaN       NaN      NaN
1376        Vlog_720P-60f8       Vlog         720  ...        NaN       NaN      NaN
1377        Vlog_720P-6410       Vlog         720  ...        NaN       NaN      NaN
1378        Vlog_720P-6d56       Vlog         720  ...        NaN       NaN      NaN
1379        Vlog_720P-7b30       Vlog         720  ...        NaN       NaN      NaN

[1380 rows x 19 columns]
1 th repeated holdout test
882
221
======================================================
params:  {'gamma': 0.125, 'C': 2.0}
SRCC_train:  0.40487422594661826
KRCC_train:  0.27837064315102034
PLCC_train:  0.40634841277775874
RMSE_train:  0.5868664166127004
======================================================
SRCC_test:  0.33904181454758475
KRCC_test:  0.2331495476505206
PLCC_test:  0.3573956151749128
RMSE_test:  0.6401726921828262
======================================================
 -- 1.074702262878418 seconds elapsed...


2 th repeated holdout test
882
221
======================================================
params:  {'gamma': 0.5, 'C': 2.0}
SRCC_train:  0.46073663826349526
KRCC_train:  0.3197484279068419
PLCC_train:  0.46978341388055334
RMSE_train:  0.5669964020970102
======================================================
SRCC_test:  0.3517115576702408
KRCC_test:  0.24162621669676262
PLCC_test:  0.3809433395028704
RMSE_test:  0.6337605638001655
======================================================
 -- 0.35393691062927246 seconds elapsed...


3 th repeated holdout test
882
221
======================================================
params:  {'gamma': 0.125, 'C': 4.0}
SRCC_train:  0.4245930185519168
KRCC_train:  0.29258202766148167
PLCC_train:  0.4259614849543582
RMSE_train:  0.58110069023168
======================================================
SRCC_test:  0.35648772619032953
KRCC_test:  0.24779854852655048
PLCC_test:  0.37683355979100436
RMSE_test:  0.6349138944981331
======================================================
 -- 0.3138608932495117 seconds elapsed...


4 th repeated holdout test
882
221
======================================================
params:  {'gamma': 0.25, 'C': 2.0}
SRCC_train:  0.42996266852239395
KRCC_train:  0.2967321638627251
PLCC_train:  0.4321816356164863
RMSE_train:  0.5792029230171902
======================================================
SRCC_test:  0.3462627676523278
KRCC_test:  0.2384989019030034
PLCC_test:  0.36922635622233385
RMSE_test:  0.6370103307866268
======================================================
 -- 0.20809602737426758 seconds elapsed...


5 th repeated holdout test
882
221
======================================================
params:  {'gamma': 0.00390625, 'C': 64.0}
SRCC_train:  0.38926585945088665
KRCC_train:  0.2662549229506162
PLCC_train:  0.39220225121184227
RMSE_train:  0.5908233990663491
======================================================
SRCC_test:  0.3271002814762922
KRCC_test:  0.22409679430016508
PLCC_test:  0.35726270978248403
RMSE_test:  0.640207545671808
======================================================
 -- 0.42188477516174316 seconds elapsed...


6 th repeated holdout test
882
221
======================================================
params:  {'gamma': 0.125, 'C': 2.0}
SRCC_train:  0.40487422594661826
KRCC_train:  0.27837064315102034
PLCC_train:  0.40634841277775874
RMSE_train:  0.5868664166127004
======================================================
SRCC_test:  0.33904181454758475
KRCC_test:  0.2331495476505206
PLCC_test:  0.3573956151749128
RMSE_test:  0.6401726921828262
======================================================
 -- 0.31371212005615234 seconds elapsed...


7 th repeated holdout test
882
221
======================================================
params:  {'gamma': 0.125, 'C': 2.0}
SRCC_train:  0.40487422594661826
KRCC_train:  0.27837064315102034
PLCC_train:  0.40634841277775874
RMSE_train:  0.5868664166127004
======================================================
SRCC_test:  0.33904181454758475
KRCC_test:  0.2331495476505206
PLCC_test:  0.3573956151749128
RMSE_test:  0.6401726921828262
======================================================
 -- 0.20326972007751465 seconds elapsed...


8 th repeated holdout test
882
221
======================================================
params:  {'gamma': 0.5, 'C': 2.0}
SRCC_train:  0.46073663826349526
KRCC_train:  0.3197484279068419
PLCC_train:  0.46978341388055334
RMSE_train:  0.5669964020970102
======================================================
SRCC_test:  0.3517115576702408
KRCC_test:  0.24162621669676262
PLCC_test:  0.3809433395028704
RMSE_test:  0.6337605638001655
======================================================
 -- 0.19539904594421387 seconds elapsed...


9 th repeated holdout test
882
221
======================================================
params:  {'gamma': 0.125, 'C': 2.0}
SRCC_train:  0.40487422594661826
KRCC_train:  0.27837064315102034
PLCC_train:  0.40634841277775874
RMSE_train:  0.5868664166127004
======================================================
SRCC_test:  0.33904181454758475
KRCC_test:  0.2331495476505206
PLCC_test:  0.3573956151749128
RMSE_test:  0.6401726921828262
======================================================
 -- 0.33693861961364746 seconds elapsed...


10 th repeated holdout test
882
221
======================================================
params:  {'gamma': 0.0625, 'C': 2.0}
SRCC_train:  0.3823562272667556
KRCC_train:  0.2620327000163487
PLCC_train:  0.3842569135158165
RMSE_train:  0.5929732474384408
======================================================
SRCC_test:  0.3151487424653627
KRCC_test:  0.21644310283122808
PLCC_test:  0.3400681441595365
RMSE_test:  0.6445922347137142
======================================================
 -- 0.21708083152770996 seconds elapsed...


11 th repeated holdout test
882
221
======================================================
params:  {'gamma': 0.25, 'C': 4.0}
SRCC_train:  0.44773069514713715
KRCC_train:  0.3094142798226042
PLCC_train:  0.4549566148136038
RMSE_train:  0.571962473625949
======================================================
SRCC_test:  0.3596562737420643
KRCC_test:  0.24771625076881998
PLCC_test:  0.39039510087654106
RMSE_test:  0.6310523958879365
======================================================
 -- 0.218919038772583 seconds elapsed...


12 th repeated holdout test
882
221
======================================================
params:  {'gamma': 2.0, 'C': 2.0}
SRCC_train:  0.5783320810516167
KRCC_train:  0.4123438364762717
PLCC_train:  0.5871064125316094
RMSE_train:  0.5199350193782751
======================================================
SRCC_test:  0.37581141917162875
KRCC_test:  0.2596494256397432
PLCC_test:  0.4022554603081562
RMSE_test:  0.6275429571904488
======================================================
 -- 0.2819509506225586 seconds elapsed...


13 th repeated holdout test
882
221
======================================================
params:  {'gamma': 0.03125, 'C': 32.0}
SRCC_train:  0.4292028125594911
KRCC_train:  0.29549124224423917
PLCC_train:  0.43215474453098335
RMSE_train:  0.5792112001750427
======================================================
SRCC_test:  0.37023310782396923
KRCC_test:  0.256357515330523
PLCC_test:  0.40404387369338557
RMSE_test:  0.6270029222909127
======================================================
 -- 0.34391236305236816 seconds elapsed...


14 th repeated holdout test
882
221
======================================================
params:  {'gamma': 0.0625, 'C': 4.0}
SRCC_train:  0.4003660457202337
KRCC_train:  0.2747508593427398
PLCC_train:  0.40245488719034805
RMSE_train:  0.5879721787044179
======================================================
SRCC_test:  0.3329315207425551
KRCC_test:  0.22788249115576825
PLCC_test:  0.35634036408449243
RMSE_test:  0.6404490149713773
======================================================
 -- 0.27075695991516113 seconds elapsed...


15 th repeated holdout test
882
221
======================================================
params:  {'gamma': 0.015625, 'C': 16.0}
SRCC_train:  0.38943258650356877
KRCC_train:  0.26659476040630115
PLCC_train:  0.39316933257421327
RMSE_train:  0.590558181700854
======================================================
SRCC_test:  0.3286628757162794
KRCC_test:  0.22607194048569718
PLCC_test:  0.35779044850216757
RMSE_test:  0.6400690622964944
======================================================
 -- 0.4359428882598877 seconds elapsed...


16 th repeated holdout test
882
221
======================================================
params:  {'gamma': 0.5, 'C': 2.0}
SRCC_train:  0.46073663826349526
KRCC_train:  0.3197484279068419
PLCC_train:  0.46978341388055334
RMSE_train:  0.5669964020970102
======================================================
SRCC_test:  0.3517115576702408
KRCC_test:  0.24162621669676262
PLCC_test:  0.3809433395028704
RMSE_test:  0.6337605638001655
======================================================
 -- 0.18990802764892578 seconds elapsed...


17 th repeated holdout test
882
221
======================================================
params:  {'gamma': 0.03125, 'C': 8.0}
SRCC_train:  0.3953211488471789
KRCC_train:  0.27114652269153583
PLCC_train:  0.3992870821461382
RMSE_train:  0.5888624688642531
======================================================
SRCC_test:  0.3303305323224556
KRCC_test:  0.22755330012484626
PLCC_test:  0.3581566202990118
RMSE_test:  0.6399728377698858
======================================================
 -- 0.30161404609680176 seconds elapsed...


18 th repeated holdout test
882
221
======================================================
params:  {'gamma': 0.125, 'C': 4.0}
SRCC_train:  0.4245930185519168
KRCC_train:  0.29258202766148167
PLCC_train:  0.4259614849543582
RMSE_train:  0.58110069023168
======================================================
SRCC_test:  0.35648772619032953
KRCC_test:  0.24779854852655048
PLCC_test:  0.37683355979100436
RMSE_test:  0.6349138944981331
======================================================
 -- 0.2209327220916748 seconds elapsed...


19 th repeated holdout test
882
221
======================================================
params:  {'gamma': 0.0625, 'C': 16.0}
SRCC_train:  0.4343932742347565
KRCC_train:  0.29953324834594647
PLCC_train:  0.4359423469546223
RMSE_train:  0.5780391145646013
======================================================
SRCC_test:  0.36688334158769664
KRCC_test:  0.2536416893254163
PLCC_test:  0.3998465329972919
RMSE_test:  0.628265850039954
======================================================
 -- 0.38076305389404297 seconds elapsed...


20 th repeated holdout test
882
221
======================================================
params:  {'gamma': 0.03125, 'C': 64.0}
SRCC_train:  0.44408192090818777
KRCC_train:  0.3068294555384551
PLCC_train:  0.4473912035881842
RMSE_train:  0.5744190557484101
======================================================
SRCC_test:  0.3798949543146189
KRCC_test:  0.2614599763098143
PLCC_test:  0.42062307627473877
RMSE_test:  0.6218592667936985
======================================================
 -- 0.41553592681884766 seconds elapsed...


21 th repeated holdout test
882
221
======================================================
params:  {'gamma': 0.5, 'C': 2.0}
SRCC_train:  0.46073663826349526
KRCC_train:  0.3197484279068419
PLCC_train:  0.46978341388055334
RMSE_train:  0.5669964020970102
======================================================
SRCC_test:  0.3517115576702408
KRCC_test:  0.24162621669676262
PLCC_test:  0.3809433395028704
RMSE_test:  0.6337605638001655
======================================================
 -- 0.19150900840759277 seconds elapsed...


Median holdout test index: 11
Median SRCC: 0.3596562737420643
Median KRCC: 0.24771625076881998
Median PLCC: 0.39039510087654106
Median RMSE: 0.6310523958879365
Median y_test length: 221
Median y_test_pred length: 221
Saved median_results.csv successfully verified.
======================================================
Average training results among all repeated 80-20 holdouts:
SRCC Train: 0.4245930185519168 (std: 0.04172082846367014)
KRCC Train: 0.29258202766148167 (std: 0.03186029019953526)
PLCC Train: 0.4259614849543582 (std: 0.04389820389462896)
RMSE Train: 0.58110069023168 (std: 0.015435844202399943)
======================================================
Average testing results among all repeated 80-20 holdouts:
SRCC Test: 0.3517115576702408 (std: 0.016518217071616385)
KRCC Test: 0.24162621669676262 (std: 0.011920225043522033)
PLCC Test: 0.37683355979100436 (std: 0.01999918529971074)
RMSE Test: 0.6349138944981331 (std: 0.005632118601271531)



Overall 6.903689861297607 secs lapsed..
