Namespace(color_only=False, dataset_name='YOUTUBE_UGC', feature_file='../feature_files/YOUTUBE_UGC/YOUTUBE_UGC_VBLIINDS_feats.mat', log_short=False, max_thread_count=10, model_name='VBLIINDS', mos_file='../csv_files/YOUTUBE_UGC_metadata.csv', num_iterations=22, out_file='result/YOUTUBE_UGC_VBLIINDS_SVR_corr.mat', use_parallel=False)
1380
1380
                       vid   category  resolution  ...  nb_frames  bitdepth  bitrate
0     Animation_1080P-01b3  Animation        1080  ...        NaN       NaN      NaN
1     Animation_1080P-05f8  Animation        1080  ...        NaN       NaN      NaN
2     Animation_1080P-0c4f  Animation        1080  ...        NaN       NaN      NaN
3     Animation_1080P-0cdf  Animation        1080  ...        NaN       NaN      NaN
4     Animation_1080P-18f5  Animation        1080  ...        NaN       NaN      NaN
...                    ...        ...         ...  ...        ...       ...      ...
1375        Vlog_720P-5d08       Vlog         720  ...        NaN       NaN      NaN
1376        Vlog_720P-60f8       Vlog         720  ...        NaN       NaN      NaN
1377        Vlog_720P-6410       Vlog         720  ...        NaN       NaN      NaN
1378        Vlog_720P-6d56       Vlog         720  ...        NaN       NaN      NaN
1379        Vlog_720P-7b30       Vlog         720  ...        NaN       NaN      NaN

[1380 rows x 19 columns]
1 th repeated holdout test
882
221
======================================================
params:  {'gamma': 0.0625, 'C': 16.0}
SRCC_train:  0.5105257820159108
KRCC_train:  0.3551378647693059
PLCC_train:  0.5042255476939368
RMSE_train:  0.5546583167672111
======================================================
SRCC_test:  0.4756456819003679
KRCC_test:  0.3359394470559213
PLCC_test:  0.49309806015740343
RMSE_test:  0.5963184182673442
======================================================
 -- 1.3034920692443848 seconds elapsed...


2 th repeated holdout test
882
221
======================================================
params:  {'gamma': 0.0625, 'C': 64.0}
SRCC_train:  0.5738193273306056
KRCC_train:  0.4061804208027129
PLCC_train:  0.569599282238624
RMSE_train:  0.5279075419558575
======================================================
SRCC_test:  0.5055239735421563
KRCC_test:  0.35955890352457626
PLCC_test:  0.5368911175313309
RMSE_test:  0.5782760248608734
======================================================
 -- 0.41555309295654297 seconds elapsed...


3 th repeated holdout test
882
221
======================================================
params:  {'gamma': 0.0625, 'C': 32.0}
SRCC_train:  0.5451482469209697
KRCC_train:  0.38340101316710384
PLCC_train:  0.5382643820550277
RMSE_train:  0.5413014095998999
======================================================
SRCC_test:  0.4936647115301019
KRCC_test:  0.35132912775152575
PLCC_test:  0.5159526008817705
RMSE_test:  0.5871632124825501
======================================================
 -- 0.4468841552734375 seconds elapsed...


4 th repeated holdout test
882
221
======================================================
params:  {'gamma': 0.5, 'C': 4.0}
SRCC_train:  0.5950853252978594
KRCC_train:  0.4253760879965534
PLCC_train:  0.5864703717113364
RMSE_train:  0.5202310575868891
======================================================
SRCC_test:  0.5076607975402035
KRCC_test:  0.36326230262244896
PLCC_test:  0.5290599034042673
RMSE_test:  0.58165727650941
======================================================
 -- 0.2524070739746094 seconds elapsed...


5 th repeated holdout test
882
221
======================================================
params:  {'gamma': 0.25, 'C': 16.0}
SRCC_train:  0.6108680967206178
KRCC_train:  0.43814058879417433
PLCC_train:  0.6027658238764135
RMSE_train:  0.5124899073538975
======================================================
SRCC_test:  0.5182754318385151
KRCC_test:  0.3695992299676979
PLCC_test:  0.5429077713853363
RMSE_test:  0.5756307467184858
======================================================
 -- 0.2502777576446533 seconds elapsed...


6 th repeated holdout test
882
221
======================================================
params:  {'gamma': 0.03125, 'C': 64.0}
SRCC_train:  0.5333382332982025
KRCC_train:  0.37216063186770637
PLCC_train:  0.5275212856345511
RMSE_train:  0.5456469559877668
======================================================
SRCC_test:  0.48421132211522433
KRCC_test:  0.34244096991663125
PLCC_test:  0.5111592454321409
RMSE_test:  0.5891296767720489
======================================================
 -- 0.26593494415283203 seconds elapsed...


7 th repeated holdout test
882
221
======================================================
params:  {'gamma': 0.125, 'C': 16.0}
SRCC_train:  0.5540943172211394
KRCC_train:  0.3914489820040064
PLCC_train:  0.5484644323107862
RMSE_train:  0.5370609519746264
======================================================
SRCC_test:  0.4918091656129631
KRCC_test:  0.35149372326698675
PLCC_test:  0.5160226070541423
RMSE_test:  0.5871343075729335
======================================================
 -- 0.2930619716644287 seconds elapsed...


8 th repeated holdout test
882
221
======================================================
params:  {'gamma': 0.5, 'C': 2.0}
SRCC_train:  0.5472418406027448
KRCC_train:  0.3861197128125834
PLCC_train:  0.539177484249111
RMSE_train:  0.5409263947195111
======================================================
SRCC_test:  0.47778361766948574
KRCC_test:  0.33956054839606353
PLCC_test:  0.4966928656463056
RMSE_test:  0.5949150678328302
======================================================
 -- 0.24227309226989746 seconds elapsed...


9 th repeated holdout test
882
221
======================================================
params:  {'gamma': 0.5, 'C': 2.0}
SRCC_train:  0.5472418406027448
KRCC_train:  0.3861197128125834
PLCC_train:  0.539177484249111
RMSE_train:  0.5409263947195111
======================================================
SRCC_test:  0.47778361766948574
KRCC_test:  0.33956054839606353
PLCC_test:  0.4966928656463056
RMSE_test:  0.5949150678328302
======================================================
 -- 0.35283613204956055 seconds elapsed...


10 th repeated holdout test
882
221
======================================================
params:  {'gamma': 0.125, 'C': 8.0}
SRCC_train:  0.5209993120740835
KRCC_train:  0.3642722836539285
PLCC_train:  0.5135057017013911
RMSE_train:  0.5511348649223672
======================================================
SRCC_test:  0.4782644586575999
KRCC_test:  0.338819868576489
PLCC_test:  0.49554438377879584
RMSE_test:  0.5953648836404056
======================================================
 -- 0.22058582305908203 seconds elapsed...


11 th repeated holdout test
882
221
======================================================
params:  {'gamma': 0.125, 'C': 8.0}
SRCC_train:  0.5209993120740835
KRCC_train:  0.3642722836539285
PLCC_train:  0.5135057017013911
RMSE_train:  0.5511348649223672
======================================================
SRCC_test:  0.4782644586575999
KRCC_test:  0.338819868576489
PLCC_test:  0.49554438377879584
RMSE_test:  0.5953648836404056
======================================================
 -- 0.4228849411010742 seconds elapsed...


12 th repeated holdout test
882
221
======================================================
params:  {'gamma': 0.0625, 'C': 64.0}
SRCC_train:  0.5738193273306056
KRCC_train:  0.4061804208027129
PLCC_train:  0.569599282238624
RMSE_train:  0.5279075419558575
======================================================
SRCC_test:  0.5055239735421563
KRCC_test:  0.35955890352457626
PLCC_test:  0.5368911175313309
RMSE_test:  0.5782760248608734
======================================================
 -- 0.21953916549682617 seconds elapsed...


13 th repeated holdout test
882
221
======================================================
params:  {'gamma': 0.25, 'C': 2.0}
SRCC_train:  0.49954854667285714
KRCC_train:  0.34826387987022406
PLCC_train:  0.4910707808679062
RMSE_train:  0.5595060670453927
======================================================
SRCC_test:  0.4622666288345515
KRCC_test:  0.32845035110244536
PLCC_test:  0.4766001612241629
RMSE_test:  0.6025877924375597
======================================================
 -- 0.29818010330200195 seconds elapsed...


14 th repeated holdout test
882
221
======================================================
params:  {'gamma': 0.0625, 'C': 8.0}
SRCC_train:  0.4777310884414557
KRCC_train:  0.32982512337313635
PLCC_train:  0.4735926361487837
RMSE_train:  0.5656876230296273
======================================================
SRCC_test:  0.45677559151594865
KRCC_test:  0.32145504169535244
PLCC_test:  0.47359933886656397
RMSE_test:  0.6036983700153107
======================================================
 -- 0.37369537353515625 seconds elapsed...


15 th repeated holdout test
882
221
======================================================
params:  {'gamma': 0.125, 'C': 64.0}
SRCC_train:  0.6225512942457245
KRCC_train:  0.44701240600849496
PLCC_train:  0.6176019529569073
RMSE_train:  0.5051503305569223
======================================================
SRCC_test:  0.5303614951490095
KRCC_test:  0.37634764610159926
PLCC_test:  0.5570957326652947
RMSE_test:  0.5692259240977143
======================================================
 -- 0.24335002899169922 seconds elapsed...


16 th repeated holdout test
882
221
======================================================
params:  {'gamma': 0.125, 'C': 32.0}
SRCC_train:  0.5905072134528712
KRCC_train:  0.4207264937165003
PLCC_train:  0.5857336623850068
RMSE_train:  0.5205733397090025
======================================================
SRCC_test:  0.5124853281018713
KRCC_test:  0.3626862183183354
PLCC_test:  0.5403893271723302
RMSE_test:  0.5767430691508154
======================================================
 -- 0.36153435707092285 seconds elapsed...


17 th repeated holdout test
882
221
======================================================
params:  {'gamma': 0.125, 'C': 8.0}
SRCC_train:  0.5209993120740835
KRCC_train:  0.3642722836539285
PLCC_train:  0.5135057017013911
RMSE_train:  0.5511348649223672
======================================================
SRCC_test:  0.4782644586575999
KRCC_test:  0.338819868576489
PLCC_test:  0.49554438377879584
RMSE_test:  0.5953648836404056
======================================================
 -- 0.20258498191833496 seconds elapsed...


18 th repeated holdout test
882
221
======================================================
params:  {'gamma': 0.0625, 'C': 32.0}
SRCC_train:  0.5451482469209697
KRCC_train:  0.38340101316710384
PLCC_train:  0.5382643820550277
RMSE_train:  0.5413014095998999
======================================================
SRCC_test:  0.4936647115301019
KRCC_test:  0.35132912775152575
PLCC_test:  0.5159526008817705
RMSE_test:  0.5871632124825501
======================================================
 -- 0.28086400032043457 seconds elapsed...


19 th repeated holdout test
882
221
======================================================
params:  {'gamma': 0.0625, 'C': 16.0}
SRCC_train:  0.5105257820159108
KRCC_train:  0.3551378647693059
PLCC_train:  0.5042255476939368
RMSE_train:  0.5546583167672111
======================================================
SRCC_test:  0.4756456819003679
KRCC_test:  0.3359394470559213
PLCC_test:  0.49309806015740343
RMSE_test:  0.5963184182673442
======================================================
 -- 0.24695301055908203 seconds elapsed...


20 th repeated holdout test
882
221
======================================================
params:  {'gamma': 0.03125, 'C': 32.0}
SRCC_train:  0.4988519763325422
KRCC_train:  0.3458077818950465
PLCC_train:  0.49357437362547046
RMSE_train:  0.5585965397658612
======================================================
SRCC_test:  0.4667670781290857
KRCC_test:  0.3278742667983318
PLCC_test:  0.4880681839153893
RMSE_test:  0.598259436437621
======================================================
 -- 0.3422698974609375 seconds elapsed...


21 th repeated holdout test
882
221
======================================================
params:  {'gamma': 0.0625, 'C': 16.0}
SRCC_train:  0.5105257820159108
KRCC_train:  0.3551378647693059
PLCC_train:  0.5042255476939368
RMSE_train:  0.5546583167672111
======================================================
SRCC_test:  0.4756456819003679
KRCC_test:  0.3359394470559213
PLCC_test:  0.49309806015740343
RMSE_test:  0.5963184182673442
======================================================
 -- 0.3205909729003906 seconds elapsed...


Median holdout test index: 11
Median SRCC: 0.4782644586575999
Median KRCC: 0.338819868576489
Median PLCC: 0.49554438377879584
Median RMSE: 0.5953648836404056
Median y_test length: 221
Median y_test_pred length: 221
Saved median_results.csv successfully verified.
======================================================
Average training results among all repeated 80-20 holdouts:
SRCC Train: 0.5451482469209697 (std: 0.03828246058893502)
KRCC Train: 0.38340101316710384 (std: 0.031189717701493463)
PLCC Train: 0.5382643820550277 (std: 0.03835752590707383)
RMSE Train: 0.5413014095998999 (std: 0.01611863056449571)
======================================================
Average testing results among all repeated 80-20 holdouts:
SRCC Test: 0.4782644586575999 (std: 0.018826581443738007)
KRCC Test: 0.33956054839606353 (std: 0.014312021325677726)
PLCC Test: 0.4966928656463056 (std: 0.02277974809297817)
RMSE Test: 0.5949150678328302 (std: 0.009378718722221317)



Overall 7.3715081214904785 secs lapsed..
